{"/Users/leo.de.souza1/leo-workflow-kit/lib/commands/agent.js": {"path":"/Users/leo.de.souza1/leo-workflow-kit/lib/commands/agent.js","statementMap":{"0":{"start":{"line":1,"column":14},"end":{"line":1,"column":30}},"1":{"start":{"line":2,"column":12},"end":{"line":2,"column":26}},"2":{"start":{"line":3,"column":17},"end":{"line":3,"column":36}},"3":{"start":{"line":12,"column":4},"end":{"line":12,"column":38}},"4":{"start":{"line":13,"column":34},"end":{"line":13,"column":63}},"5":{"start":{"line":27,"column":2},"end":{"line":61,"column":3}},"6":{"start":{"line":29,"column":6},"end":{"line":29,"column":39}},"7":{"start":{"line":32,"column":6},"end":{"line":36,"column":7}},"8":{"start":{"line":33,"column":8},"end":{"line":33,"column":61}},"9":{"start":{"line":34,"column":8},"end":{"line":34,"column":67}},"10":{"start":{"line":35,"column":8},"end":{"line":35,"column":24}},"11":{"start":{"line":37,"column":6},"end":{"line":37,"column":58}},"12":{"start":{"line":40,"column":6},"end":{"line":44,"column":7}},"13":{"start":{"line":41,"column":8},"end":{"line":41,"column":61}},"14":{"start":{"line":42,"column":8},"end":{"line":42,"column":68}},"15":{"start":{"line":43,"column":8},"end":{"line":43,"column":24}},"16":{"start":{"line":45,"column":6},"end":{"line":45,"column":59}},"17":{"start":{"line":48,"column":6},"end":{"line":52,"column":7}},"18":{"start":{"line":49,"column":8},"end":{"line":49,"column":61}},"19":{"start":{"line":50,"column":8},"end":{"line":50,"column":65}},"20":{"start":{"line":51,"column":8},"end":{"line":51,"column":24}},"21":{"start":{"line":53,"column":6},"end":{"line":53,"column":53}},"22":{"start":{"line":56,"column":6},"end":{"line":56,"column":39}},"23":{"start":{"line":59,"column":6},"end":{"line":59,"column":17}},"24":{"start":{"line":60,"column":6},"end":{"line":60,"column":22}},"25":{"start":{"line":68,"column":2},"end":{"line":68,"column":59}},"26":{"start":{"line":70,"column":17},"end":{"line":70,"column":25}},"27":{"start":{"line":71,"column":17},"end":{"line":71,"column":36}},"28":{"start":{"line":72,"column":22},"end":{"line":72,"column":38}},"29":{"start":{"line":73,"column":28},"end":{"line":73,"column":61}},"30":{"start":{"line":75,"column":2},"end":{"line":75,"column":60}},"31":{"start":{"line":78,"column":2},"end":{"line":78,"column":81}},"32":{"start":{"line":79,"column":2},"end":{"line":79,"column":67}},"33":{"start":{"line":80,"column":2},"end":{"line":80,"column":77}},"34":{"start":{"line":83,"column":20},"end":{"line":109,"column":3}},"35":{"start":{"line":111,"column":2},"end":{"line":127,"column":3}},"36":{"start":{"line":112,"column":24},"end":{"line":112,"column":41}},"37":{"start":{"line":113,"column":22},"end":{"line":113,"column":50}},"38":{"start":{"line":114,"column":26},"end":{"line":114,"column":70}},"39":{"start":{"line":114,"column":54},"end":{"line":114,"column":69}},"40":{"start":{"line":116,"column":19},"end":{"line":118,"column":33}},"41":{"start":{"line":120,"column":24},"end":{"line":122,"column":10}},"42":{"start":{"line":124,"column":4},"end":{"line":124,"column":82}},"43":{"start":{"line":125,"column":4},"end":{"line":125,"column":54}},"44":{"start":{"line":126,"column":4},"end":{"line":126,"column":18}},"45":{"start":{"line":130,"column":23},"end":{"line":130,"column":87}},"46":{"start":{"line":130,"column":57},"end":{"line":130,"column":75}},"47":{"start":{"line":131,"column":2},"end":{"line":131,"column":98}},"48":{"start":{"line":134,"column":2},"end":{"line":134,"column":39}},"49":{"start":{"line":135,"column":2},"end":{"line":135,"column":85}},"50":{"start":{"line":136,"column":2},"end":{"line":136,"column":86}},"51":{"start":{"line":137,"column":2},"end":{"line":137,"column":90}},"52":{"start":{"line":138,"column":2},"end":{"line":138,"column":92}},"53":{"start":{"line":145,"column":22},"end":{"line":145,"column":83}},"54":{"start":{"line":147,"column":2},"end":{"line":150,"column":3}},"55":{"start":{"line":148,"column":4},"end":{"line":148,"column":99}},"56":{"start":{"line":149,"column":4},"end":{"line":149,"column":11}},"57":{"start":{"line":152,"column":2},"end":{"line":156,"column":3}},"58":{"start":{"line":153,"column":4},"end":{"line":153,"column":64}},"59":{"start":{"line":154,"column":4},"end":{"line":154,"column":69}},"60":{"start":{"line":155,"column":4},"end":{"line":155,"column":20}},"61":{"start":{"line":159,"column":24},"end":{"line":159,"column":49}},"62":{"start":{"line":160,"column":2},"end":{"line":163,"column":3}},"63":{"start":{"line":161,"column":4},"end":{"line":161,"column":79}},"64":{"start":{"line":162,"column":4},"end":{"line":162,"column":11}},"65":{"start":{"line":165,"column":18},"end":{"line":165,"column":63}},"66":{"start":{"line":167,"column":2},"end":{"line":194,"column":3}},"67":{"start":{"line":169,"column":4},"end":{"line":169,"column":53}},"68":{"start":{"line":171,"column":4},"end":{"line":171,"column":50}},"69":{"start":{"line":174,"column":4},"end":{"line":189,"column":5}},"70":{"start":{"line":175,"column":29},"end":{"line":182,"column":8}},"71":{"start":{"line":184,"column":6},"end":{"line":188,"column":7}},"72":{"start":{"line":185,"column":8},"end":{"line":185,"column":43}},"73":{"start":{"line":187,"column":8},"end":{"line":187,"column":116}},"74":{"start":{"line":191,"column":4},"end":{"line":191,"column":56}},"75":{"start":{"line":192,"column":4},"end":{"line":192,"column":44}},"76":{"start":{"line":193,"column":4},"end":{"line":193,"column":20}},"77":{"start":{"line":201,"column":22},"end":{"line":201,"column":83}},"78":{"start":{"line":203,"column":2},"end":{"line":206,"column":3}},"79":{"start":{"line":204,"column":4},"end":{"line":204,"column":91}},"80":{"start":{"line":205,"column":4},"end":{"line":205,"column":11}},"81":{"start":{"line":208,"column":2},"end":{"line":212,"column":3}},"82":{"start":{"line":209,"column":4},"end":{"line":209,"column":64}},"83":{"start":{"line":210,"column":4},"end":{"line":210,"column":69}},"84":{"start":{"line":211,"column":4},"end":{"line":211,"column":20}},"85":{"start":{"line":215,"column":24},"end":{"line":215,"column":49}},"86":{"start":{"line":216,"column":2},"end":{"line":219,"column":3}},"87":{"start":{"line":217,"column":4},"end":{"line":217,"column":80}},"88":{"start":{"line":218,"column":4},"end":{"line":218,"column":11}},"89":{"start":{"line":221,"column":18},"end":{"line":221,"column":64}},"90":{"start":{"line":223,"column":2},"end":{"line":250,"column":3}},"91":{"start":{"line":225,"column":4},"end":{"line":225,"column":35}},"92":{"start":{"line":227,"column":4},"end":{"line":227,"column":51}},"93":{"start":{"line":230,"column":4},"end":{"line":245,"column":5}},"94":{"start":{"line":231,"column":29},"end":{"line":238,"column":8}},"95":{"start":{"line":240,"column":6},"end":{"line":244,"column":7}},"96":{"start":{"line":241,"column":8},"end":{"line":241,"column":43}},"97":{"start":{"line":243,"column":8},"end":{"line":243,"column":116}},"98":{"start":{"line":247,"column":4},"end":{"line":247,"column":57}},"99":{"start":{"line":248,"column":4},"end":{"line":248,"column":44}},"100":{"start":{"line":249,"column":4},"end":{"line":249,"column":20}},"101":{"start":{"line":257,"column":23},"end":{"line":352,"column":3}},"102":{"start":{"line":354,"column":15},"end":{"line":354,"column":38}},"103":{"start":{"line":356,"column":2},"end":{"line":360,"column":3}},"104":{"start":{"line":357,"column":4},"end":{"line":357,"column":64}},"105":{"start":{"line":358,"column":4},"end":{"line":358,"column":111}},"106":{"start":{"line":359,"column":4},"end":{"line":359,"column":20}},"107":{"start":{"line":362,"column":17},"end":{"line":362,"column":42}},"108":{"start":{"line":363,"column":20},"end":{"line":363,"column":77}},"109":{"start":{"line":365,"column":2},"end":{"line":365,"column":61}},"110":{"start":{"line":366,"column":2},"end":{"line":366,"column":42}},"111":{"start":{"line":367,"column":2},"end":{"line":367,"column":41}},"112":{"start":{"line":369,"column":2},"end":{"line":369,"column":37}},"113":{"start":{"line":370,"column":2},"end":{"line":374,"column":3}},"114":{"start":{"line":371,"column":4},"end":{"line":371,"column":89}},"115":{"start":{"line":373,"column":4},"end":{"line":373,"column":85}},"116":{"start":{"line":375,"column":2},"end":{"line":375,"column":16}},"117":{"start":{"line":377,"column":2},"end":{"line":377,"column":47}},"118":{"start":{"line":378,"column":2},"end":{"line":380,"column":5}},"119":{"start":{"line":379,"column":4},"end":{"line":379,"column":43}},"120":{"start":{"line":381,"column":2},"end":{"line":381,"column":16}},"121":{"start":{"line":383,"column":2},"end":{"line":383,"column":47}},"122":{"start":{"line":384,"column":2},"end":{"line":386,"column":5}},"123":{"start":{"line":385,"column":4},"end":{"line":385,"column":46}},"124":{"start":{"line":387,"column":2},"end":{"line":387,"column":16}},"125":{"start":{"line":389,"column":2},"end":{"line":398,"column":3}},"126":{"start":{"line":390,"column":4},"end":{"line":396,"column":5}},"127":{"start":{"line":391,"column":6},"end":{"line":391,"column":43}},"128":{"start":{"line":392,"column":6},"end":{"line":392,"column":86}},"129":{"start":{"line":394,"column":6},"end":{"line":394,"column":43}},"130":{"start":{"line":395,"column":6},"end":{"line":395,"column":85}},"131":{"start":{"line":397,"column":4},"end":{"line":397,"column":18}},"132":{"start":{"line":405,"column":18},"end":{"line":407,"column":57}},"133":{"start":{"line":409,"column":2},"end":{"line":451,"column":3}},"134":{"start":{"line":410,"column":19},"end":{"line":410,"column":27}},"135":{"start":{"line":411,"column":25},"end":{"line":411,"column":54}},"136":{"start":{"line":412,"column":24},"end":{"line":412,"column":59}},"137":{"start":{"line":413,"column":24},"end":{"line":413,"column":40}},"138":{"start":{"line":416,"column":29},"end":{"line":420,"column":5}},"139":{"start":{"line":423,"column":20},"end":{"line":423,"column":47}},"140":{"start":{"line":424,"column":20},"end":{"line":424,"column":97}},"141":{"start":{"line":427,"column":4},"end":{"line":431,"column":5}},"142":{"start":{"line":428,"column":6},"end":{"line":430,"column":7}},"143":{"start":{"line":429,"column":8},"end":{"line":429,"column":51}},"144":{"start":{"line":433,"column":25},"end":{"line":433,"column":62}},"145":{"start":{"line":433,"column":45},"end":{"line":433,"column":54}},"146":{"start":{"line":435,"column":4},"end":{"line":439,"column":5}},"147":{"start":{"line":436,"column":6},"end":{"line":436,"column":103}},"148":{"start":{"line":438,"column":6},"end":{"line":438,"column":116}},"149":{"start":{"line":442,"column":26},"end":{"line":442,"column":103}},"150":{"start":{"line":442,"column":73},"end":{"line":442,"column":91}},"151":{"start":{"line":443,"column":4},"end":{"line":443,"column":127}},"152":{"start":{"line":446,"column":4},"end":{"line":448,"column":5}},"153":{"start":{"line":447,"column":6},"end":{"line":447,"column":64}},"154":{"start":{"line":449,"column":4},"end":{"line":449,"column":44}},"155":{"start":{"line":450,"column":4},"end":{"line":450,"column":20}},"156":{"start":{"line":458,"column":2},"end":{"line":458,"column":54}},"157":{"start":{"line":459,"column":2},"end":{"line":459,"column":36}},"158":{"start":{"line":460,"column":2},"end":{"line":460,"column":62}},"159":{"start":{"line":462,"column":2},"end":{"line":462,"column":42}},"160":{"start":{"line":463,"column":2},"end":{"line":463,"column":75}},"161":{"start":{"line":464,"column":2},"end":{"line":464,"column":69}},"162":{"start":{"line":465,"column":2},"end":{"line":465,"column":70}},"163":{"start":{"line":466,"column":2},"end":{"line":466,"column":74}},"164":{"start":{"line":467,"column":2},"end":{"line":467,"column":76}},"165":{"start":{"line":469,"column":2},"end":{"line":469,"column":47}},"166":{"start":{"line":470,"column":2},"end":{"line":470,"column":78}},"167":{"start":{"line":471,"column":2},"end":{"line":471,"column":69}},"168":{"start":{"line":472,"column":2},"end":{"line":472,"column":74}},"169":{"start":{"line":473,"column":2},"end":{"line":473,"column":68}},"170":{"start":{"line":474,"column":2},"end":{"line":474,"column":69}},"171":{"start":{"line":475,"column":2},"end":{"line":475,"column":69}},"172":{"start":{"line":477,"column":2},"end":{"line":477,"column":39}},"173":{"start":{"line":478,"column":2},"end":{"line":478,"column":46}},"174":{"start":{"line":479,"column":2},"end":{"line":479,"column":57}},"175":{"start":{"line":480,"column":2},"end":{"line":480,"column":56}},"176":{"start":{"line":481,"column":2},"end":{"line":481,"column":54}},"177":{"start":{"line":482,"column":2},"end":{"line":482,"column":48}},"178":{"start":{"line":485,"column":0},"end":{"line":485,"column":30}}},"fnMap":{"0":{"name":"agentCommand","decl":{"start":{"line":26,"column":15},"end":{"line":26,"column":27}},"loc":{"start":{"line":26,"column":65},"end":{"line":62,"column":1}},"line":26},"1":{"name":"listAgents","decl":{"start":{"line":67,"column":15},"end":{"line":67,"column":25}},"loc":{"start":{"line":67,"column":35},"end":{"line":139,"column":1}},"line":67},"2":{"name":"(anonymous_2)","decl":{"start":{"line":114,"column":49},"end":{"line":114,"column":50}},"loc":{"start":{"line":114,"column":54},"end":{"line":114,"column":69}},"line":114},"3":{"name":"(anonymous_3)","decl":{"start":{"line":130,"column":52},"end":{"line":130,"column":53}},"loc":{"start":{"line":130,"column":57},"end":{"line":130,"column":75}},"line":130},"4":{"name":"enableAgentCommand","decl":{"start":{"line":144,"column":15},"end":{"line":144,"column":33}},"loc":{"start":{"line":144,"column":54},"end":{"line":195,"column":1}},"line":144},"5":{"name":"disableAgentCommand","decl":{"start":{"line":200,"column":15},"end":{"line":200,"column":34}},"loc":{"start":{"line":200,"column":55},"end":{"line":251,"column":1}},"line":200},"6":{"name":"showAgentInfo","decl":{"start":{"line":256,"column":15},"end":{"line":256,"column":28}},"loc":{"start":{"line":256,"column":49},"end":{"line":399,"column":1}},"line":256},"7":{"name":"(anonymous_7)","decl":{"start":{"line":378,"column":32},"end":{"line":378,"column":33}},"loc":{"start":{"line":378,"column":40},"end":{"line":380,"column":3}},"line":378},"8":{"name":"(anonymous_8)","decl":{"start":{"line":384,"column":24},"end":{"line":384,"column":25}},"loc":{"start":{"line":384,"column":35},"end":{"line":386,"column":3}},"line":384},"9":{"name":"syncAgents","decl":{"start":{"line":404,"column":15},"end":{"line":404,"column":25}},"loc":{"start":{"line":404,"column":40},"end":{"line":452,"column":1}},"line":404},"10":{"name":"(anonymous_10)","decl":{"start":{"line":433,"column":40},"end":{"line":433,"column":41}},"loc":{"start":{"line":433,"column":45},"end":{"line":433,"column":54}},"line":433},"11":{"name":"(anonymous_11)","decl":{"start":{"line":442,"column":68},"end":{"line":442,"column":69}},"loc":{"start":{"line":442,"column":73},"end":{"line":442,"column":91}},"line":442},"12":{"name":"showHelp","decl":{"start":{"line":457,"column":9},"end":{"line":457,"column":17}},"loc":{"start":{"line":457,"column":20},"end":{"line":483,"column":1}},"line":457}},"branchMap":{"0":{"loc":{"start":{"line":26,"column":51},"end":{"line":26,"column":63}},"type":"default-arg","locations":[{"start":{"line":26,"column":61},"end":{"line":26,"column":63}}],"line":26},"1":{"loc":{"start":{"line":27,"column":2},"end":{"line":61,"column":3}},"type":"switch","locations":[{"start":{"line":28,"column":4},"end":{"line":29,"column":39}},{"start":{"line":31,"column":4},"end":{"line":37,"column":58}},{"start":{"line":39,"column":4},"end":{"line":45,"column":59}},{"start":{"line":47,"column":4},"end":{"line":53,"column":53}},{"start":{"line":55,"column":4},"end":{"line":56,"column":39}},{"start":{"line":58,"column":4},"end":{"line":60,"column":22}}],"line":27},"2":{"loc":{"start":{"line":32,"column":6},"end":{"line":36,"column":7}},"type":"if","locations":[{"start":{"line":32,"column":6},"end":{"line":36,"column":7}},{"start":{},"end":{}}],"line":32},"3":{"loc":{"start":{"line":40,"column":6},"end":{"line":44,"column":7}},"type":"if","locations":[{"start":{"line":40,"column":6},"end":{"line":44,"column":7}},{"start":{},"end":{}}],"line":40},"4":{"loc":{"start":{"line":48,"column":6},"end":{"line":52,"column":7}},"type":"if","locations":[{"start":{"line":48,"column":6},"end":{"line":52,"column":7}},{"start":{},"end":{}}],"line":48},"5":{"loc":{"start":{"line":71,"column":17},"end":{"line":71,"column":36}},"type":"binary-expr","locations":[{"start":{"line":71,"column":17},"end":{"line":71,"column":30}},{"start":{"line":71,"column":34},"end":{"line":71,"column":36}}],"line":71},"6":{"loc":{"start":{"line":112,"column":24},"end":{"line":112,"column":41}},"type":"binary-expr","locations":[{"start":{"line":112,"column":24},"end":{"line":112,"column":35}},{"start":{"line":112,"column":39},"end":{"line":112,"column":41}}],"line":112},"7":{"loc":{"start":{"line":116,"column":19},"end":{"line":118,"column":33}},"type":"cond-expr","locations":[{"start":{"line":117,"column":8},"end":{"line":117,"column":33}},{"start":{"line":118,"column":8},"end":{"line":118,"column":33}}],"line":116},"8":{"loc":{"start":{"line":120,"column":24},"end":{"line":122,"column":10}},"type":"cond-expr","locations":[{"start":{"line":121,"column":8},"end":{"line":121,"column":38}},{"start":{"line":122,"column":8},"end":{"line":122,"column":10}}],"line":120},"9":{"loc":{"start":{"line":131,"column":56},"end":{"line":131,"column":83}},"type":"cond-expr","locations":[{"start":{"line":131,"column":75},"end":{"line":131,"column":78}},{"start":{"line":131,"column":81},"end":{"line":131,"column":83}}],"line":131},"10":{"loc":{"start":{"line":147,"column":2},"end":{"line":150,"column":3}},"type":"if","locations":[{"start":{"line":147,"column":2},"end":{"line":150,"column":3}},{"start":{},"end":{}}],"line":147},"11":{"loc":{"start":{"line":152,"column":2},"end":{"line":156,"column":3}},"type":"if","locations":[{"start":{"line":152,"column":2},"end":{"line":156,"column":3}},{"start":{},"end":{}}],"line":152},"12":{"loc":{"start":{"line":160,"column":2},"end":{"line":163,"column":3}},"type":"if","locations":[{"start":{"line":160,"column":2},"end":{"line":163,"column":3}},{"start":{},"end":{}}],"line":160},"13":{"loc":{"start":{"line":160,"column":6},"end":{"line":160,"column":53}},"type":"binary-expr","locations":[{"start":{"line":160,"column":6},"end":{"line":160,"column":19}},{"start":{"line":160,"column":23},"end":{"line":160,"column":53}}],"line":160},"14":{"loc":{"start":{"line":174,"column":4},"end":{"line":189,"column":5}},"type":"if","locations":[{"start":{"line":174,"column":4},"end":{"line":189,"column":5}},{"start":{},"end":{}}],"line":174},"15":{"loc":{"start":{"line":184,"column":6},"end":{"line":188,"column":7}},"type":"if","locations":[{"start":{"line":184,"column":6},"end":{"line":188,"column":7}},{"start":{"line":186,"column":13},"end":{"line":188,"column":7}}],"line":184},"16":{"loc":{"start":{"line":203,"column":2},"end":{"line":206,"column":3}},"type":"if","locations":[{"start":{"line":203,"column":2},"end":{"line":206,"column":3}},{"start":{},"end":{}}],"line":203},"17":{"loc":{"start":{"line":208,"column":2},"end":{"line":212,"column":3}},"type":"if","locations":[{"start":{"line":208,"column":2},"end":{"line":212,"column":3}},{"start":{},"end":{}}],"line":208},"18":{"loc":{"start":{"line":216,"column":2},"end":{"line":219,"column":3}},"type":"if","locations":[{"start":{"line":216,"column":2},"end":{"line":219,"column":3}},{"start":{},"end":{}}],"line":216},"19":{"loc":{"start":{"line":216,"column":6},"end":{"line":216,"column":54}},"type":"binary-expr","locations":[{"start":{"line":216,"column":6},"end":{"line":216,"column":20}},{"start":{"line":216,"column":24},"end":{"line":216,"column":54}}],"line":216},"20":{"loc":{"start":{"line":230,"column":4},"end":{"line":245,"column":5}},"type":"if","locations":[{"start":{"line":230,"column":4},"end":{"line":245,"column":5}},{"start":{},"end":{}}],"line":230},"21":{"loc":{"start":{"line":240,"column":6},"end":{"line":244,"column":7}},"type":"if","locations":[{"start":{"line":240,"column":6},"end":{"line":244,"column":7}},{"start":{"line":242,"column":13},"end":{"line":244,"column":7}}],"line":240},"22":{"loc":{"start":{"line":356,"column":2},"end":{"line":360,"column":3}},"type":"if","locations":[{"start":{"line":356,"column":2},"end":{"line":360,"column":3}},{"start":{},"end":{}}],"line":356},"23":{"loc":{"start":{"line":363,"column":20},"end":{"line":363,"column":77}},"type":"binary-expr","locations":[{"start":{"line":363,"column":20},"end":{"line":363,"column":38}},{"start":{"line":363,"column":43},"end":{"line":363,"column":49}},{"start":{"line":363,"column":53},"end":{"line":363,"column":76}}],"line":363},"24":{"loc":{"start":{"line":370,"column":2},"end":{"line":374,"column":3}},"type":"if","locations":[{"start":{"line":370,"column":2},"end":{"line":374,"column":3}},{"start":{"line":372,"column":9},"end":{"line":374,"column":3}}],"line":370},"25":{"loc":{"start":{"line":373,"column":16},"end":{"line":373,"column":83}},"type":"cond-expr","locations":[{"start":{"line":373,"column":28},"end":{"line":373,"column":54}},{"start":{"line":373,"column":57},"end":{"line":373,"column":83}}],"line":373},"26":{"loc":{"start":{"line":389,"column":2},"end":{"line":398,"column":3}},"type":"if","locations":[{"start":{"line":389,"column":2},"end":{"line":398,"column":3}},{"start":{},"end":{}}],"line":389},"27":{"loc":{"start":{"line":390,"column":4},"end":{"line":396,"column":5}},"type":"if","locations":[{"start":{"line":390,"column":4},"end":{"line":396,"column":5}},{"start":{"line":393,"column":11},"end":{"line":396,"column":5}}],"line":390},"28":{"loc":{"start":{"line":404,"column":26},"end":{"line":404,"column":38}},"type":"default-arg","locations":[{"start":{"line":404,"column":36},"end":{"line":404,"column":38}}],"line":404},"29":{"loc":{"start":{"line":405,"column":18},"end":{"line":407,"column":57}},"type":"cond-expr","locations":[{"start":{"line":406,"column":6},"end":{"line":406,"column":10}},{"start":{"line":407,"column":6},"end":{"line":407,"column":57}}],"line":405},"30":{"loc":{"start":{"line":411,"column":25},"end":{"line":411,"column":54}},"type":"binary-expr","locations":[{"start":{"line":411,"column":25},"end":{"line":411,"column":48}},{"start":{"line":411,"column":52},"end":{"line":411,"column":54}}],"line":411},"31":{"loc":{"start":{"line":412,"column":24},"end":{"line":412,"column":59}},"type":"binary-expr","locations":[{"start":{"line":412,"column":24},"end":{"line":412,"column":44}},{"start":{"line":412,"column":48},"end":{"line":412,"column":59}}],"line":412},"32":{"loc":{"start":{"line":418,"column":14},"end":{"line":418,"column":33}},"type":"binary-expr","locations":[{"start":{"line":418,"column":14},"end":{"line":418,"column":27}},{"start":{"line":418,"column":31},"end":{"line":418,"column":33}}],"line":418},"33":{"loc":{"start":{"line":419,"column":20},"end":{"line":419,"column":53}},"type":"binary-expr","locations":[{"start":{"line":419,"column":20},"end":{"line":419,"column":40}},{"start":{"line":419,"column":44},"end":{"line":419,"column":53}}],"line":419},"34":{"loc":{"start":{"line":428,"column":6},"end":{"line":430,"column":7}},"type":"if","locations":[{"start":{"line":428,"column":6},"end":{"line":430,"column":7}},{"start":{},"end":{}}],"line":428},"35":{"loc":{"start":{"line":435,"column":4},"end":{"line":439,"column":5}},"type":"if","locations":[{"start":{"line":435,"column":4},"end":{"line":439,"column":5}},{"start":{"line":437,"column":11},"end":{"line":439,"column":5}}],"line":435},"36":{"loc":{"start":{"line":436,"column":72},"end":{"line":436,"column":99}},"type":"cond-expr","locations":[{"start":{"line":436,"column":91},"end":{"line":436,"column":94}},{"start":{"line":436,"column":97},"end":{"line":436,"column":99}}],"line":436},"37":{"loc":{"start":{"line":438,"column":84},"end":{"line":438,"column":111}},"type":"cond-expr","locations":[{"start":{"line":438,"column":103},"end":{"line":438,"column":106}},{"start":{"line":438,"column":109},"end":{"line":438,"column":111}}],"line":438},"38":{"loc":{"start":{"line":442,"column":40},"end":{"line":442,"column":59}},"type":"binary-expr","locations":[{"start":{"line":442,"column":40},"end":{"line":442,"column":53}},{"start":{"line":442,"column":57},"end":{"line":442,"column":59}}],"line":442},"39":{"loc":{"start":{"line":443,"column":84},"end":{"line":443,"column":112}},"type":"cond-expr","locations":[{"start":{"line":443,"column":104},"end":{"line":443,"column":107}},{"start":{"line":443,"column":110},"end":{"line":443,"column":112}}],"line":443},"40":{"loc":{"start":{"line":446,"column":4},"end":{"line":448,"column":5}},"type":"if","locations":[{"start":{"line":446,"column":4},"end":{"line":448,"column":5}},{"start":{},"end":{}}],"line":446}},"s":{"0":0,"1":0,"2":0,"3":0,"4":0,"5":0,"6":0,"7":0,"8":0,"9":0,"10":0,"11":0,"12":0,"13":0,"14":0,"15":0,"16":0,"17":0,"18":0,"19":0,"20":0,"21":0,"22":0,"23":0,"24":0,"25":0,"26":0,"27":0,"28":0,"29":0,"30":0,"31":0,"32":0,"33":0,"34":0,"35":0,"36":0,"37":0,"38":0,"39":0,"40":0,"41":0,"42":0,"43":0,"44":0,"45":0,"46":0,"47":0,"48":0,"49":0,"50":0,"51":0,"52":0,"53":0,"54":0,"55":0,"56":0,"57":0,"58":0,"59":0,"60":0,"61":0,"62":0,"63":0,"64":0,"65":0,"66":0,"67":0,"68":0,"69":0,"70":0,"71":0,"72":0,"73":0,"74":0,"75":0,"76":0,"77":0,"78":0,"79":0,"80":0,"81":0,"82":0,"83":0,"84":0,"85":0,"86":0,"87":0,"88":0,"89":0,"90":0,"91":0,"92":0,"93":0,"94":0,"95":0,"96":0,"97":0,"98":0,"99":0,"100":0,"101":0,"102":0,"103":0,"104":0,"105":0,"106":0,"107":0,"108":0,"109":0,"110":0,"111":0,"112":0,"113":0,"114":0,"115":0,"116":0,"117":0,"118":0,"119":0,"120":0,"121":0,"122":0,"123":0,"124":0,"125":0,"126":0,"127":0,"128":0,"129":0,"130":0,"131":0,"132":0,"133":0,"134":0,"135":0,"136":0,"137":0,"138":0,"139":0,"140":0,"141":0,"142":0,"143":0,"144":0,"145":0,"146":0,"147":0,"148":0,"149":0,"150":0,"151":0,"152":0,"153":0,"154":0,"155":0,"156":0,"157":0,"158":0,"159":0,"160":0,"161":0,"162":0,"163":0,"164":0,"165":0,"166":0,"167":0,"168":0,"169":0,"170":0,"171":0,"172":0,"173":0,"174":0,"175":0,"176":0,"177":0,"178":0},"f":{"0":0,"1":0,"2":0,"3":0,"4":0,"5":0,"6":0,"7":0,"8":0,"9":0,"10":0,"11":0,"12":0},"b":{"0":[0],"1":[0,0,0,0,0,0],"2":[0,0],"3":[0,0],"4":[0,0],"5":[0,0],"6":[0,0],"7":[0,0],"8":[0,0],"9":[0,0],"10":[0,0],"11":[0,0],"12":[0,0],"13":[0,0],"14":[0,0],"15":[0,0],"16":[0,0],"17":[0,0],"18":[0,0],"19":[0,0],"20":[0,0],"21":[0,0],"22":[0,0],"23":[0,0,0],"24":[0,0],"25":[0,0],"26":[0,0],"27":[0,0],"28":[0],"29":[0,0],"30":[0,0],"31":[0,0],"32":[0,0],"33":[0,0],"34":[0,0],"35":[0,0],"36":[0,0],"37":[0,0],"38":[0,0],"39":[0,0],"40":[0,0]}}
,"/Users/leo.de.souza1/leo-workflow-kit/lib/commands/ai.js": {"path":"/Users/leo.de.souza1/leo-workflow-kit/lib/commands/ai.js","statementMap":{"0":{"start":{"line":1,"column":14},"end":{"line":1,"column":30}},"1":{"start":{"line":2,"column":34},"end":{"line":2,"column":63}},"2":{"start":{"line":3,"column":22},"end":{"line":3,"column":56}},"3":{"start":{"line":11,"column":2},"end":{"line":11,"column":67}},"4":{"start":{"line":13,"column":17},"end":{"line":13,"column":79}},"5":{"start":{"line":14,"column":18},"end":{"line":14,"column":45}},"6":{"start":{"line":17,"column":19},"end":{"line":17,"column":52}},"7":{"start":{"line":18,"column":18},"end":{"line":18,"column":38}},"8":{"start":{"line":20,"column":2},"end":{"line":24,"column":3}},"9":{"start":{"line":21,"column":4},"end":{"line":21,"column":64}},"10":{"start":{"line":22,"column":4},"end":{"line":22,"column":89}},"11":{"start":{"line":23,"column":4},"end":{"line":23,"column":11}},"12":{"start":{"line":27,"column":2},"end":{"line":43,"column":3}},"13":{"start":{"line":28,"column":4},"end":{"line":42,"column":5}},"14":{"start":{"line":29,"column":22},"end":{"line":29,"column":48}},"15":{"start":{"line":30,"column":23},"end":{"line":30,"column":44}},"16":{"start":{"line":31,"column":25},"end":{"line":31,"column":60}},"17":{"start":{"line":31,"column":44},"end":{"line":31,"column":59}},"18":{"start":{"line":33,"column":6},"end":{"line":39,"column":7}},"19":{"start":{"line":34,"column":8},"end":{"line":34,"column":61}},"20":{"start":{"line":35,"column":8},"end":{"line":35,"column":51}},"21":{"start":{"line":37,"column":8},"end":{"line":37,"column":62}},"22":{"start":{"line":38,"column":8},"end":{"line":38,"column":67}},"23":{"start":{"line":41,"column":6},"end":{"line":41,"column":56}},"24":{"start":{"line":46,"column":2},"end":{"line":48,"column":3}},"25":{"start":{"line":47,"column":4},"end":{"line":47,"column":65}},"26":{"start":{"line":50,"column":2},"end":{"line":50,"column":18}},"27":{"start":{"line":54,"column":2},"end":{"line":62,"column":3}},"28":{"start":{"line":55,"column":20},"end":{"line":55,"column":47}},"29":{"start":{"line":56,"column":25},"end":{"line":56,"column":50}},"30":{"start":{"line":58,"column":4},"end":{"line":58,"column":72}},"31":{"start":{"line":59,"column":4},"end":{"line":59,"column":73}},"32":{"start":{"line":60,"column":4},"end":{"line":60,"column":79}},"33":{"start":{"line":61,"column":4},"end":{"line":61,"column":11}},"34":{"start":{"line":64,"column":18},"end":{"line":64,"column":45}},"35":{"start":{"line":65,"column":23},"end":{"line":65,"column":48}},"36":{"start":{"line":67,"column":2},"end":{"line":71,"column":3}},"37":{"start":{"line":68,"column":4},"end":{"line":68,"column":68}},"38":{"start":{"line":69,"column":4},"end":{"line":69,"column":80}},"39":{"start":{"line":70,"column":4},"end":{"line":70,"column":11}},"40":{"start":{"line":74,"column":17},"end":{"line":74,"column":70}},"41":{"start":{"line":75,"column":2},"end":{"line":78,"column":3}},"42":{"start":{"line":76,"column":4},"end":{"line":76,"column":71}},"43":{"start":{"line":77,"column":4},"end":{"line":77,"column":11}},"44":{"start":{"line":80,"column":2},"end":{"line":105,"column":3}},"45":{"start":{"line":82,"column":24},"end":{"line":82,"column":67}},"46":{"start":{"line":83,"column":19},"end":{"line":83,"column":67}},"47":{"start":{"line":86,"column":4},"end":{"line":86,"column":47}},"48":{"start":{"line":89,"column":4},"end":{"line":91,"column":5}},"49":{"start":{"line":90,"column":6},"end":{"line":90,"column":26}},"50":{"start":{"line":92,"column":4},"end":{"line":92,"column":32}},"51":{"start":{"line":95,"column":4},"end":{"line":97,"column":5}},"52":{"start":{"line":96,"column":6},"end":{"line":96,"column":30}},"53":{"start":{"line":99,"column":4},"end":{"line":99,"column":47}},"54":{"start":{"line":101,"column":4},"end":{"line":101,"column":66}},"55":{"start":{"line":102,"column":4},"end":{"line":102,"column":65}},"56":{"start":{"line":104,"column":4},"end":{"line":104,"column":81}},"57":{"start":{"line":109,"column":2},"end":{"line":113,"column":3}},"58":{"start":{"line":110,"column":4},"end":{"line":110,"column":72}},"59":{"start":{"line":111,"column":4},"end":{"line":111,"column":80}},"60":{"start":{"line":112,"column":4},"end":{"line":112,"column":11}},"61":{"start":{"line":115,"column":17},"end":{"line":115,"column":70}},"62":{"start":{"line":117,"column":2},"end":{"line":120,"column":3}},"63":{"start":{"line":118,"column":4},"end":{"line":118,"column":67}},"64":{"start":{"line":119,"column":4},"end":{"line":119,"column":11}},"65":{"start":{"line":122,"column":2},"end":{"line":148,"column":3}},"66":{"start":{"line":123,"column":20},"end":{"line":123,"column":47}},"67":{"start":{"line":124,"column":20},"end":{"line":124,"column":46}},"68":{"start":{"line":125,"column":15},"end":{"line":125,"column":34}},"69":{"start":{"line":126,"column":17},"end":{"line":126,"column":32}},"70":{"start":{"line":129,"column":21},"end":{"line":129,"column":68}},"71":{"start":{"line":130,"column":4},"end":{"line":133,"column":5}},"72":{"start":{"line":131,"column":6},"end":{"line":131,"column":32}},"73":{"start":{"line":132,"column":6},"end":{"line":132,"column":71}},"74":{"start":{"line":136,"column":4},"end":{"line":136,"column":64}},"75":{"start":{"line":136,"column":49},"end":{"line":136,"column":62}},"76":{"start":{"line":139,"column":4},"end":{"line":141,"column":5}},"77":{"start":{"line":140,"column":6},"end":{"line":140,"column":49}},"78":{"start":{"line":143,"column":4},"end":{"line":143,"column":47}},"79":{"start":{"line":145,"column":4},"end":{"line":145,"column":73}},"80":{"start":{"line":147,"column":4},"end":{"line":147,"column":84}},"81":{"start":{"line":152,"column":2},"end":{"line":152,"column":73}},"82":{"start":{"line":154,"column":17},"end":{"line":154,"column":79}},"83":{"start":{"line":155,"column":18},"end":{"line":155,"column":47}},"84":{"start":{"line":157,"column":2},"end":{"line":160,"column":3}},"85":{"start":{"line":158,"column":4},"end":{"line":158,"column":64}},"86":{"start":{"line":159,"column":4},"end":{"line":159,"column":11}},"87":{"start":{"line":162,"column":18},"end":{"line":162,"column":45}},"88":{"start":{"line":163,"column":22},"end":{"line":163,"column":65}},"89":{"start":{"line":165,"column":18},"end":{"line":165,"column":70}},"90":{"start":{"line":167,"column":2},"end":{"line":167,"column":46}},"91":{"start":{"line":168,"column":2},"end":{"line":168,"column":69}},"92":{"start":{"line":169,"column":2},"end":{"line":171,"column":3}},"93":{"start":{"line":170,"column":4},"end":{"line":170,"column":67}},"94":{"start":{"line":172,"column":2},"end":{"line":172,"column":18}},"95":{"start":{"line":176,"column":2},"end":{"line":176,"column":63}},"96":{"start":{"line":177,"column":2},"end":{"line":177,"column":84}},"97":{"start":{"line":184,"column":2},"end":{"line":239,"column":3}},"98":{"start":{"line":187,"column":6},"end":{"line":187,"column":22}},"99":{"start":{"line":188,"column":6},"end":{"line":188,"column":12}},"100":{"start":{"line":191,"column":6},"end":{"line":191,"column":27}},"101":{"start":{"line":192,"column":6},"end":{"line":192,"column":12}},"102":{"start":{"line":196,"column":6},"end":{"line":196,"column":30}},"103":{"start":{"line":197,"column":6},"end":{"line":197,"column":12}},"104":{"start":{"line":200,"column":6},"end":{"line":200,"column":22}},"105":{"start":{"line":201,"column":6},"end":{"line":201,"column":12}},"106":{"start":{"line":204,"column":6},"end":{"line":204,"column":38}},"107":{"start":{"line":205,"column":6},"end":{"line":205,"column":12}},"108":{"start":{"line":209,"column":6},"end":{"line":209,"column":60}},"109":{"start":{"line":210,"column":6},"end":{"line":210,"column":71}},"110":{"start":{"line":211,"column":6},"end":{"line":211,"column":40}},"111":{"start":{"line":212,"column":6},"end":{"line":212,"column":99}},"112":{"start":{"line":213,"column":6},"end":{"line":213,"column":95}},"113":{"start":{"line":214,"column":6},"end":{"line":214,"column":98}},"114":{"start":{"line":215,"column":6},"end":{"line":215,"column":103}},"115":{"start":{"line":216,"column":6},"end":{"line":216,"column":94}},"116":{"start":{"line":217,"column":6},"end":{"line":217,"column":22}},"117":{"start":{"line":220,"column":22},"end":{"line":220,"column":49}},"118":{"start":{"line":221,"column":27},"end":{"line":221,"column":52}},"119":{"start":{"line":222,"column":6},"end":{"line":222,"column":48}},"120":{"start":{"line":223,"column":6},"end":{"line":231,"column":7}},"121":{"start":{"line":224,"column":8},"end":{"line":230,"column":9}},"122":{"start":{"line":225,"column":26},"end":{"line":225,"column":52}},"123":{"start":{"line":226,"column":27},"end":{"line":226,"column":48}},"124":{"start":{"line":227,"column":10},"end":{"line":227,"column":103}},"125":{"start":{"line":229,"column":10},"end":{"line":229,"column":51}},"126":{"start":{"line":233,"column":6},"end":{"line":233,"column":22}},"127":{"start":{"line":234,"column":6},"end":{"line":234,"column":43}},"128":{"start":{"line":235,"column":6},"end":{"line":235,"column":53}},"129":{"start":{"line":236,"column":6},"end":{"line":236,"column":52}},"130":{"start":{"line":237,"column":6},"end":{"line":237,"column":47}},"131":{"start":{"line":238,"column":6},"end":{"line":238,"column":49}},"132":{"start":{"line":242,"column":0},"end":{"line":242,"column":27}}},"fnMap":{"0":{"name":"listAIs","decl":{"start":{"line":10,"column":15},"end":{"line":10,"column":22}},"loc":{"start":{"line":10,"column":25},"end":{"line":51,"column":1}},"line":10},"1":{"name":"(anonymous_1)","decl":{"start":{"line":31,"column":39},"end":{"line":31,"column":40}},"loc":{"start":{"line":31,"column":44},"end":{"line":31,"column":59}},"line":31},"2":{"name":"addAI","decl":{"start":{"line":53,"column":15},"end":{"line":53,"column":20}},"loc":{"start":{"line":53,"column":29},"end":{"line":106,"column":1}},"line":53},"3":{"name":"removeAI","decl":{"start":{"line":108,"column":15},"end":{"line":108,"column":23}},"loc":{"start":{"line":108,"column":32},"end":{"line":149,"column":1}},"line":108},"4":{"name":"(anonymous_4)","decl":{"start":{"line":136,"column":43},"end":{"line":136,"column":44}},"loc":{"start":{"line":136,"column":49},"end":{"line":136,"column":62}},"line":136},"5":{"name":"syncAIs","decl":{"start":{"line":151,"column":15},"end":{"line":151,"column":22}},"loc":{"start":{"line":151,"column":25},"end":{"line":173,"column":1}},"line":151},"6":{"name":"diffAIs","decl":{"start":{"line":175,"column":15},"end":{"line":175,"column":22}},"loc":{"start":{"line":175,"column":33},"end":{"line":178,"column":1}},"line":175},"7":{"name":"aiCommand","decl":{"start":{"line":183,"column":15},"end":{"line":183,"column":24}},"loc":{"start":{"line":183,"column":46},"end":{"line":240,"column":1}},"line":183}},"branchMap":{"0":{"loc":{"start":{"line":13,"column":17},"end":{"line":13,"column":79}},"type":"binary-expr","locations":[{"start":{"line":13,"column":17},"end":{"line":13,"column":51}},{"start":{"line":13,"column":55},"end":{"line":13,"column":79}}],"line":13},"1":{"loc":{"start":{"line":18,"column":18},"end":{"line":18,"column":38}},"type":"binary-expr","locations":[{"start":{"line":18,"column":18},"end":{"line":18,"column":32}},{"start":{"line":18,"column":36},"end":{"line":18,"column":38}}],"line":18},"2":{"loc":{"start":{"line":20,"column":2},"end":{"line":24,"column":3}},"type":"if","locations":[{"start":{"line":20,"column":2},"end":{"line":24,"column":3}},{"start":{},"end":{}}],"line":20},"3":{"loc":{"start":{"line":33,"column":6},"end":{"line":39,"column":7}},"type":"if","locations":[{"start":{"line":33,"column":6},"end":{"line":39,"column":7}},{"start":{"line":36,"column":13},"end":{"line":39,"column":7}}],"line":33},"4":{"loc":{"start":{"line":46,"column":2},"end":{"line":48,"column":3}},"type":"if","locations":[{"start":{"line":46,"column":2},"end":{"line":48,"column":3}},{"start":{},"end":{}}],"line":46},"5":{"loc":{"start":{"line":54,"column":2},"end":{"line":62,"column":3}},"type":"if","locations":[{"start":{"line":54,"column":2},"end":{"line":62,"column":3}},{"start":{},"end":{}}],"line":54},"6":{"loc":{"start":{"line":67,"column":2},"end":{"line":71,"column":3}},"type":"if","locations":[{"start":{"line":67,"column":2},"end":{"line":71,"column":3}},{"start":{},"end":{}}],"line":67},"7":{"loc":{"start":{"line":74,"column":17},"end":{"line":74,"column":70}},"type":"binary-expr","locations":[{"start":{"line":74,"column":17},"end":{"line":74,"column":51}},{"start":{"line":74,"column":55},"end":{"line":74,"column":70}}],"line":74},"8":{"loc":{"start":{"line":75,"column":2},"end":{"line":78,"column":3}},"type":"if","locations":[{"start":{"line":75,"column":2},"end":{"line":78,"column":3}},{"start":{},"end":{}}],"line":75},"9":{"loc":{"start":{"line":75,"column":6},"end":{"line":75,"column":55}},"type":"binary-expr","locations":[{"start":{"line":75,"column":6},"end":{"line":75,"column":20}},{"start":{"line":75,"column":24},"end":{"line":75,"column":55}}],"line":75},"10":{"loc":{"start":{"line":82,"column":24},"end":{"line":82,"column":67}},"type":"binary-expr","locations":[{"start":{"line":82,"column":24},"end":{"line":82,"column":57}},{"start":{"line":82,"column":61},"end":{"line":82,"column":67}}],"line":82},"11":{"loc":{"start":{"line":89,"column":4},"end":{"line":91,"column":5}},"type":"if","locations":[{"start":{"line":89,"column":4},"end":{"line":91,"column":5}},{"start":{},"end":{}}],"line":89},"12":{"loc":{"start":{"line":95,"column":4},"end":{"line":97,"column":5}},"type":"if","locations":[{"start":{"line":95,"column":4},"end":{"line":97,"column":5}},{"start":{},"end":{}}],"line":95},"13":{"loc":{"start":{"line":109,"column":2},"end":{"line":113,"column":3}},"type":"if","locations":[{"start":{"line":109,"column":2},"end":{"line":113,"column":3}},{"start":{},"end":{}}],"line":109},"14":{"loc":{"start":{"line":115,"column":17},"end":{"line":115,"column":70}},"type":"binary-expr","locations":[{"start":{"line":115,"column":17},"end":{"line":115,"column":51}},{"start":{"line":115,"column":55},"end":{"line":115,"column":70}}],"line":115},"15":{"loc":{"start":{"line":117,"column":2},"end":{"line":120,"column":3}},"type":"if","locations":[{"start":{"line":117,"column":2},"end":{"line":120,"column":3}},{"start":{},"end":{}}],"line":117},"16":{"loc":{"start":{"line":117,"column":6},"end":{"line":117,"column":57}},"type":"binary-expr","locations":[{"start":{"line":117,"column":6},"end":{"line":117,"column":21}},{"start":{"line":117,"column":25},"end":{"line":117,"column":57}}],"line":117},"17":{"loc":{"start":{"line":130,"column":4},"end":{"line":133,"column":5}},"type":"if","locations":[{"start":{"line":130,"column":4},"end":{"line":133,"column":5}},{"start":{},"end":{}}],"line":130},"18":{"loc":{"start":{"line":139,"column":4},"end":{"line":141,"column":5}},"type":"if","locations":[{"start":{"line":139,"column":4},"end":{"line":141,"column":5}},{"start":{},"end":{}}],"line":139},"19":{"loc":{"start":{"line":140,"column":23},"end":{"line":140,"column":48}},"type":"binary-expr","locations":[{"start":{"line":140,"column":23},"end":{"line":140,"column":40}},{"start":{"line":140,"column":44},"end":{"line":140,"column":48}}],"line":140},"20":{"loc":{"start":{"line":154,"column":17},"end":{"line":154,"column":79}},"type":"binary-expr","locations":[{"start":{"line":154,"column":17},"end":{"line":154,"column":51}},{"start":{"line":154,"column":55},"end":{"line":154,"column":79}}],"line":154},"21":{"loc":{"start":{"line":155,"column":18},"end":{"line":155,"column":47}},"type":"binary-expr","locations":[{"start":{"line":155,"column":18},"end":{"line":155,"column":32}},{"start":{"line":155,"column":36},"end":{"line":155,"column":47}}],"line":155},"22":{"loc":{"start":{"line":157,"column":2},"end":{"line":160,"column":3}},"type":"if","locations":[{"start":{"line":157,"column":2},"end":{"line":160,"column":3}},{"start":{},"end":{}}],"line":157},"23":{"loc":{"start":{"line":163,"column":22},"end":{"line":163,"column":65}},"type":"binary-expr","locations":[{"start":{"line":163,"column":22},"end":{"line":163,"column":55}},{"start":{"line":163,"column":59},"end":{"line":163,"column":65}}],"line":163},"24":{"loc":{"start":{"line":169,"column":2},"end":{"line":171,"column":3}},"type":"if","locations":[{"start":{"line":169,"column":2},"end":{"line":171,"column":3}},{"start":{},"end":{}}],"line":169},"25":{"loc":{"start":{"line":184,"column":2},"end":{"line":239,"column":3}},"type":"switch","locations":[{"start":{"line":185,"column":4},"end":{"line":185,"column":16}},{"start":{"line":186,"column":4},"end":{"line":188,"column":12}},{"start":{"line":190,"column":4},"end":{"line":192,"column":12}},{"start":{"line":194,"column":4},"end":{"line":194,"column":18}},{"start":{"line":195,"column":4},"end":{"line":197,"column":12}},{"start":{"line":199,"column":4},"end":{"line":201,"column":12}},{"start":{"line":203,"column":4},"end":{"line":205,"column":12}},{"start":{"line":207,"column":4},"end":{"line":238,"column":49}}],"line":184},"26":{"loc":{"start":{"line":227,"column":61},"end":{"line":227,"column":98}},"type":"binary-expr","locations":[{"start":{"line":227,"column":61},"end":{"line":227,"column":81}},{"start":{"line":227,"column":85},"end":{"line":227,"column":98}}],"line":227}},"s":{"0":0,"1":0,"2":0,"3":0,"4":0,"5":0,"6":0,"7":0,"8":0,"9":0,"10":0,"11":0,"12":0,"13":0,"14":0,"15":0,"16":0,"17":0,"18":0,"19":0,"20":0,"21":0,"22":0,"23":0,"24":0,"25":0,"26":0,"27":0,"28":0,"29":0,"30":0,"31":0,"32":0,"33":0,"34":0,"35":0,"36":0,"37":0,"38":0,"39":0,"40":0,"41":0,"42":0,"43":0,"44":0,"45":0,"46":0,"47":0,"48":0,"49":0,"50":0,"51":0,"52":0,"53":0,"54":0,"55":0,"56":0,"57":0,"58":0,"59":0,"60":0,"61":0,"62":0,"63":0,"64":0,"65":0,"66":0,"67":0,"68":0,"69":0,"70":0,"71":0,"72":0,"73":0,"74":0,"75":0,"76":0,"77":0,"78":0,"79":0,"80":0,"81":0,"82":0,"83":0,"84":0,"85":0,"86":0,"87":0,"88":0,"89":0,"90":0,"91":0,"92":0,"93":0,"94":0,"95":0,"96":0,"97":0,"98":0,"99":0,"100":0,"101":0,"102":0,"103":0,"104":0,"105":0,"106":0,"107":0,"108":0,"109":0,"110":0,"111":0,"112":0,"113":0,"114":0,"115":0,"116":0,"117":0,"118":0,"119":0,"120":0,"121":0,"122":0,"123":0,"124":0,"125":0,"126":0,"127":0,"128":0,"129":0,"130":0,"131":0,"132":0},"f":{"0":0,"1":0,"2":0,"3":0,"4":0,"5":0,"6":0,"7":0},"b":{"0":[0,0],"1":[0,0],"2":[0,0],"3":[0,0],"4":[0,0],"5":[0,0],"6":[0,0],"7":[0,0],"8":[0,0],"9":[0,0],"10":[0,0],"11":[0,0],"12":[0,0],"13":[0,0],"14":[0,0],"15":[0,0],"16":[0,0],"17":[0,0],"18":[0,0],"19":[0,0],"20":[0,0],"21":[0,0],"22":[0,0],"23":[0,0],"24":[0,0],"25":[0,0,0,0,0,0,0,0],"26":[0,0]}}
,"/Users/leo.de.souza1/leo-workflow-kit/lib/commands/config.js": {"path":"/Users/leo.de.souza1/leo-workflow-kit/lib/commands/config.js","statementMap":{"0":{"start":{"line":1,"column":14},"end":{"line":1,"column":30}},"1":{"start":{"line":2,"column":15},"end":{"line":2,"column":49}},"2":{"start":{"line":10,"column":21},"end":{"line":10,"column":28}},"3":{"start":{"line":12,"column":2},"end":{"line":15,"column":3}},"4":{"start":{"line":13,"column":4},"end":{"line":13,"column":15}},"5":{"start":{"line":14,"column":4},"end":{"line":14,"column":11}},"6":{"start":{"line":17,"column":2},"end":{"line":43,"column":3}},"7":{"start":{"line":18,"column":4},"end":{"line":39,"column":5}},"8":{"start":{"line":20,"column":8},"end":{"line":20,"column":33}},"9":{"start":{"line":21,"column":8},"end":{"line":21,"column":14}},"10":{"start":{"line":23,"column":8},"end":{"line":23,"column":33}},"11":{"start":{"line":24,"column":8},"end":{"line":24,"column":14}},"12":{"start":{"line":26,"column":8},"end":{"line":26,"column":21}},"13":{"start":{"line":27,"column":8},"end":{"line":27,"column":14}},"14":{"start":{"line":30,"column":8},"end":{"line":30,"column":36}},"15":{"start":{"line":31,"column":8},"end":{"line":31,"column":14}},"16":{"start":{"line":33,"column":8},"end":{"line":33,"column":21}},"17":{"start":{"line":34,"column":8},"end":{"line":34,"column":14}},"18":{"start":{"line":36,"column":8},"end":{"line":36,"column":68}},"19":{"start":{"line":37,"column":8},"end":{"line":37,"column":87}},"20":{"start":{"line":38,"column":8},"end":{"line":38,"column":24}},"21":{"start":{"line":41,"column":4},"end":{"line":41,"column":54}},"22":{"start":{"line":42,"column":4},"end":{"line":42,"column":20}},"23":{"start":{"line":50,"column":14},"end":{"line":50,"column":21}},"24":{"start":{"line":51,"column":19},"end":{"line":51,"column":67}},"25":{"start":{"line":53,"column":2},"end":{"line":57,"column":3}},"26":{"start":{"line":54,"column":4},"end":{"line":54,"column":63}},"27":{"start":{"line":55,"column":4},"end":{"line":55,"column":75}},"28":{"start":{"line":56,"column":4},"end":{"line":56,"column":20}},"29":{"start":{"line":59,"column":16},"end":{"line":59,"column":41}},"30":{"start":{"line":61,"column":2},"end":{"line":65,"column":3}},"31":{"start":{"line":62,"column":4},"end":{"line":62,"column":70}},"32":{"start":{"line":64,"column":4},"end":{"line":64,"column":50}},"33":{"start":{"line":73,"column":17},"end":{"line":73,"column":22}},"34":{"start":{"line":76,"column":23},"end":{"line":82,"column":4}},"35":{"start":{"line":77,"column":4},"end":{"line":80,"column":5}},"36":{"start":{"line":78,"column":6},"end":{"line":78,"column":22}},"37":{"start":{"line":79,"column":6},"end":{"line":79,"column":19}},"38":{"start":{"line":81,"column":4},"end":{"line":81,"column":16}},"39":{"start":{"line":84,"column":2},"end":{"line":84,"column":24}},"40":{"start":{"line":85,"column":2},"end":{"line":85,"column":26}},"41":{"start":{"line":87,"column":2},"end":{"line":96,"column":3}},"42":{"start":{"line":88,"column":4},"end":{"line":88,"column":72}},"43":{"start":{"line":89,"column":4},"end":{"line":89,"column":83}},"44":{"start":{"line":90,"column":4},"end":{"line":90,"column":20}},"45":{"start":{"line":91,"column":4},"end":{"line":91,"column":35}},"46":{"start":{"line":92,"column":4},"end":{"line":92,"column":109}},"47":{"start":{"line":93,"column":4},"end":{"line":93,"column":103}},"48":{"start":{"line":94,"column":4},"end":{"line":94,"column":123}},"49":{"start":{"line":95,"column":4},"end":{"line":95,"column":20}},"50":{"start":{"line":99,"column":2},"end":{"line":104,"column":3}},"51":{"start":{"line":100,"column":4},"end":{"line":103,"column":5}},"52":{"start":{"line":101,"column":6},"end":{"line":101,"column":72}},"53":{"start":{"line":102,"column":6},"end":{"line":102,"column":22}},"54":{"start":{"line":106,"column":2},"end":{"line":106,"column":35}},"55":{"start":{"line":108,"column":16},"end":{"line":108,"column":45}},"56":{"start":{"line":109,"column":2},"end":{"line":109,"column":96}},"57":{"start":{"line":111,"column":2},"end":{"line":115,"column":3}},"58":{"start":{"line":112,"column":4},"end":{"line":112,"column":20}},"59":{"start":{"line":113,"column":4},"end":{"line":113,"column":124}},"60":{"start":{"line":114,"column":4},"end":{"line":114,"column":107}},"61":{"start":{"line":122,"column":21},"end":{"line":122,"column":34}},"62":{"start":{"line":124,"column":2},"end":{"line":124,"column":59}},"63":{"start":{"line":126,"column":2},"end":{"line":137,"column":5}},"64":{"start":{"line":127,"column":24},"end":{"line":127,"column":92}},"65":{"start":{"line":128,"column":24},"end":{"line":128,"column":103}},"66":{"start":{"line":130,"column":4},"end":{"line":136,"column":6}},"67":{"start":{"line":139,"column":2},"end":{"line":139,"column":18}},"68":{"start":{"line":140,"column":2},"end":{"line":140,"column":75}},"69":{"start":{"line":141,"column":2},"end":{"line":141,"column":73}},"70":{"start":{"line":142,"column":2},"end":{"line":142,"column":18}},"71":{"start":{"line":149,"column":14},"end":{"line":149,"column":21}},"72":{"start":{"line":150,"column":19},"end":{"line":150,"column":67}},"73":{"start":{"line":152,"column":2},"end":{"line":156,"column":3}},"74":{"start":{"line":153,"column":4},"end":{"line":153,"column":63}},"75":{"start":{"line":154,"column":4},"end":{"line":154,"column":78}},"76":{"start":{"line":155,"column":4},"end":{"line":155,"column":20}},"77":{"start":{"line":158,"column":18},"end":{"line":158,"column":46}},"78":{"start":{"line":160,"column":2},"end":{"line":165,"column":3}},"79":{"start":{"line":161,"column":18},"end":{"line":161,"column":47}},"80":{"start":{"line":162,"column":4},"end":{"line":162,"column":94}},"81":{"start":{"line":164,"column":4},"end":{"line":164,"column":70}},"82":{"start":{"line":172,"column":2},"end":{"line":189,"column":3}},"83":{"start":{"line":173,"column":23},"end":{"line":173,"column":36}},"84":{"start":{"line":174,"column":4},"end":{"line":174,"column":93}},"85":{"start":{"line":175,"column":4},"end":{"line":175,"column":20}},"86":{"start":{"line":176,"column":4},"end":{"line":176,"column":37}},"87":{"start":{"line":177,"column":4},"end":{"line":179,"column":7}},"88":{"start":{"line":178,"column":6},"end":{"line":178,"column":66}},"89":{"start":{"line":180,"column":4},"end":{"line":180,"column":20}},"90":{"start":{"line":181,"column":4},"end":{"line":181,"column":96}},"91":{"start":{"line":183,"column":4},"end":{"line":188,"column":5}},"92":{"start":{"line":184,"column":6},"end":{"line":184,"column":76}},"93":{"start":{"line":185,"column":6},"end":{"line":185,"column":88}},"94":{"start":{"line":187,"column":6},"end":{"line":187,"column":18}},"95":{"start":{"line":196,"column":2},"end":{"line":196,"column":79}},"96":{"start":{"line":198,"column":2},"end":{"line":198,"column":36}},"97":{"start":{"line":199,"column":2},"end":{"line":199,"column":52}},"98":{"start":{"line":201,"column":2},"end":{"line":201,"column":39}},"99":{"start":{"line":202,"column":2},"end":{"line":202,"column":97}},"100":{"start":{"line":203,"column":2},"end":{"line":203,"column":98}},"101":{"start":{"line":204,"column":2},"end":{"line":204,"column":102}},"102":{"start":{"line":205,"column":2},"end":{"line":205,"column":99}},"103":{"start":{"line":206,"column":2},"end":{"line":206,"column":103}},"104":{"start":{"line":207,"column":2},"end":{"line":207,"column":97}},"105":{"start":{"line":209,"column":2},"end":{"line":209,"column":59}},"106":{"start":{"line":210,"column":2},"end":{"line":210,"column":109}},"107":{"start":{"line":211,"column":2},"end":{"line":211,"column":50}},"108":{"start":{"line":212,"column":2},"end":{"line":212,"column":94}},"109":{"start":{"line":214,"column":2},"end":{"line":214,"column":103}},"110":{"start":{"line":215,"column":2},"end":{"line":215,"column":51}},"111":{"start":{"line":216,"column":2},"end":{"line":216,"column":82}},"112":{"start":{"line":218,"column":2},"end":{"line":218,"column":95}},"113":{"start":{"line":219,"column":2},"end":{"line":219,"column":50}},"114":{"start":{"line":220,"column":2},"end":{"line":220,"column":104}},"115":{"start":{"line":222,"column":2},"end":{"line":222,"column":36}},"116":{"start":{"line":223,"column":2},"end":{"line":223,"column":107}},"117":{"start":{"line":224,"column":2},"end":{"line":224,"column":90}},"118":{"start":{"line":226,"column":2},"end":{"line":226,"column":39}},"119":{"start":{"line":227,"column":2},"end":{"line":227,"column":82}},"120":{"start":{"line":228,"column":2},"end":{"line":228,"column":55}},"121":{"start":{"line":230,"column":2},"end":{"line":230,"column":70}},"122":{"start":{"line":231,"column":2},"end":{"line":231,"column":63}},"123":{"start":{"line":233,"column":2},"end":{"line":233,"column":73}},"124":{"start":{"line":234,"column":2},"end":{"line":234,"column":49}},"125":{"start":{"line":236,"column":2},"end":{"line":236,"column":75}},"126":{"start":{"line":237,"column":2},"end":{"line":237,"column":37}},"127":{"start":{"line":239,"column":2},"end":{"line":239,"column":55}},"128":{"start":{"line":240,"column":2},"end":{"line":240,"column":58}},"129":{"start":{"line":242,"column":2},"end":{"line":242,"column":53}},"130":{"start":{"line":243,"column":2},"end":{"line":243,"column":67}},"131":{"start":{"line":246,"column":0},"end":{"line":246,"column":31}}},"fnMap":{"0":{"name":"configCommand","decl":{"start":{"line":9,"column":15},"end":{"line":9,"column":28}},"loc":{"start":{"line":9,"column":35},"end":{"line":44,"column":1}},"line":9},"1":{"name":"handleGet","decl":{"start":{"line":49,"column":9},"end":{"line":49,"column":18}},"loc":{"start":{"line":49,"column":25},"end":{"line":66,"column":1}},"line":49},"2":{"name":"handleSet","decl":{"start":{"line":71,"column":9},"end":{"line":71,"column":18}},"loc":{"start":{"line":71,"column":25},"end":{"line":116,"column":1}},"line":71},"3":{"name":"(anonymous_3)","decl":{"start":{"line":76,"column":35},"end":{"line":76,"column":36}},"loc":{"start":{"line":76,"column":42},"end":{"line":82,"column":3}},"line":76},"4":{"name":"handleList","decl":{"start":{"line":121,"column":9},"end":{"line":121,"column":19}},"loc":{"start":{"line":121,"column":22},"end":{"line":143,"column":1}},"line":121},"5":{"name":"(anonymous_5)","decl":{"start":{"line":126,"column":37},"end":{"line":126,"column":38}},"loc":{"start":{"line":126,"column":67},"end":{"line":137,"column":3}},"line":126},"6":{"name":"handleRemove","decl":{"start":{"line":148,"column":9},"end":{"line":148,"column":21}},"loc":{"start":{"line":148,"column":28},"end":{"line":166,"column":1}},"line":148},"7":{"name":"handleInit","decl":{"start":{"line":171,"column":9},"end":{"line":171,"column":19}},"loc":{"start":{"line":171,"column":22},"end":{"line":190,"column":1}},"line":171},"8":{"name":"(anonymous_8)","decl":{"start":{"line":177,"column":50},"end":{"line":177,"column":51}},"loc":{"start":{"line":177,"column":68},"end":{"line":179,"column":5}},"line":177},"9":{"name":"showHelp","decl":{"start":{"line":195,"column":9},"end":{"line":195,"column":17}},"loc":{"start":{"line":195,"column":20},"end":{"line":244,"column":1}},"line":195}},"branchMap":{"0":{"loc":{"start":{"line":12,"column":2},"end":{"line":15,"column":3}},"type":"if","locations":[{"start":{"line":12,"column":2},"end":{"line":15,"column":3}},{"start":{},"end":{}}],"line":12},"1":{"loc":{"start":{"line":12,"column":6},"end":{"line":12,"column":42}},"type":"binary-expr","locations":[{"start":{"line":12,"column":6},"end":{"line":12,"column":17}},{"start":{"line":12,"column":21},"end":{"line":12,"column":42}}],"line":12},"2":{"loc":{"start":{"line":18,"column":4},"end":{"line":39,"column":5}},"type":"switch","locations":[{"start":{"line":19,"column":6},"end":{"line":21,"column":14}},{"start":{"line":22,"column":6},"end":{"line":24,"column":14}},{"start":{"line":25,"column":6},"end":{"line":27,"column":14}},{"start":{"line":28,"column":6},"end":{"line":28,"column":20}},{"start":{"line":29,"column":6},"end":{"line":31,"column":14}},{"start":{"line":32,"column":6},"end":{"line":34,"column":14}},{"start":{"line":35,"column":6},"end":{"line":38,"column":24}}],"line":18},"3":{"loc":{"start":{"line":51,"column":19},"end":{"line":51,"column":67}},"type":"binary-expr","locations":[{"start":{"line":51,"column":19},"end":{"line":51,"column":44}},{"start":{"line":51,"column":48},"end":{"line":51,"column":67}}],"line":51},"4":{"loc":{"start":{"line":53,"column":2},"end":{"line":57,"column":3}},"type":"if","locations":[{"start":{"line":53,"column":2},"end":{"line":57,"column":3}},{"start":{},"end":{}}],"line":53},"5":{"loc":{"start":{"line":61,"column":2},"end":{"line":65,"column":3}},"type":"if","locations":[{"start":{"line":61,"column":2},"end":{"line":65,"column":3}},{"start":{"line":63,"column":9},"end":{"line":65,"column":3}}],"line":61},"6":{"loc":{"start":{"line":77,"column":4},"end":{"line":80,"column":5}},"type":"if","locations":[{"start":{"line":77,"column":4},"end":{"line":80,"column":5}},{"start":{},"end":{}}],"line":77},"7":{"loc":{"start":{"line":77,"column":8},"end":{"line":77,"column":42}},"type":"binary-expr","locations":[{"start":{"line":77,"column":8},"end":{"line":77,"column":26}},{"start":{"line":77,"column":30},"end":{"line":77,"column":42}}],"line":77},"8":{"loc":{"start":{"line":87,"column":2},"end":{"line":96,"column":3}},"type":"if","locations":[{"start":{"line":87,"column":2},"end":{"line":96,"column":3}},{"start":{},"end":{}}],"line":87},"9":{"loc":{"start":{"line":87,"column":6},"end":{"line":87,"column":33}},"type":"binary-expr","locations":[{"start":{"line":87,"column":6},"end":{"line":87,"column":10}},{"start":{"line":87,"column":14},"end":{"line":87,"column":33}}],"line":87},"10":{"loc":{"start":{"line":99,"column":2},"end":{"line":104,"column":3}},"type":"if","locations":[{"start":{"line":99,"column":2},"end":{"line":104,"column":3}},{"start":{},"end":{}}],"line":99},"11":{"loc":{"start":{"line":99,"column":6},"end":{"line":99,"column":51}},"type":"binary-expr","locations":[{"start":{"line":99,"column":6},"end":{"line":99,"column":28}},{"start":{"line":99,"column":32},"end":{"line":99,"column":51}}],"line":99},"12":{"loc":{"start":{"line":100,"column":4},"end":{"line":103,"column":5}},"type":"if","locations":[{"start":{"line":100,"column":4},"end":{"line":103,"column":5}},{"start":{},"end":{}}],"line":100},"13":{"loc":{"start":{"line":100,"column":8},"end":{"line":100,"column":45}},"type":"binary-expr","locations":[{"start":{"line":100,"column":8},"end":{"line":100,"column":24}},{"start":{"line":100,"column":28},"end":{"line":100,"column":45}}],"line":100},"14":{"loc":{"start":{"line":108,"column":16},"end":{"line":108,"column":45}},"type":"cond-expr","locations":[{"start":{"line":108,"column":27},"end":{"line":108,"column":35}},{"start":{"line":108,"column":38},"end":{"line":108,"column":45}}],"line":108},"15":{"loc":{"start":{"line":111,"column":2},"end":{"line":115,"column":3}},"type":"if","locations":[{"start":{"line":111,"column":2},"end":{"line":115,"column":3}},{"start":{},"end":{}}],"line":111},"16":{"loc":{"start":{"line":111,"column":6},"end":{"line":111,"column":49}},"type":"binary-expr","locations":[{"start":{"line":111,"column":6},"end":{"line":111,"column":28}},{"start":{"line":111,"column":32},"end":{"line":111,"column":49}}],"line":111},"17":{"loc":{"start":{"line":127,"column":24},"end":{"line":127,"column":92}},"type":"cond-expr","locations":[{"start":{"line":127,"column":45},"end":{"line":127,"column":52}},{"start":{"line":127,"column":55},"end":{"line":127,"column":92}}],"line":127},"18":{"loc":{"start":{"line":127,"column":55},"end":{"line":127,"column":92}},"type":"cond-expr","locations":[{"start":{"line":127,"column":77},"end":{"line":127,"column":83}},{"start":{"line":127,"column":86},"end":{"line":127,"column":92}}],"line":127},"19":{"loc":{"start":{"line":128,"column":24},"end":{"line":128,"column":103}},"type":"cond-expr","locations":[{"start":{"line":128,"column":45},"end":{"line":128,"column":54}},{"start":{"line":128,"column":57},"end":{"line":128,"column":103}}],"line":128},"20":{"loc":{"start":{"line":128,"column":57},"end":{"line":128,"column":103}},"type":"cond-expr","locations":[{"start":{"line":128,"column":79},"end":{"line":128,"column":89}},{"start":{"line":128,"column":92},"end":{"line":128,"column":103}}],"line":128},"21":{"loc":{"start":{"line":150,"column":19},"end":{"line":150,"column":67}},"type":"binary-expr","locations":[{"start":{"line":150,"column":19},"end":{"line":150,"column":44}},{"start":{"line":150,"column":48},"end":{"line":150,"column":67}}],"line":150},"22":{"loc":{"start":{"line":152,"column":2},"end":{"line":156,"column":3}},"type":"if","locations":[{"start":{"line":152,"column":2},"end":{"line":156,"column":3}},{"start":{},"end":{}}],"line":152},"23":{"loc":{"start":{"line":160,"column":2},"end":{"line":165,"column":3}},"type":"if","locations":[{"start":{"line":160,"column":2},"end":{"line":165,"column":3}},{"start":{"line":163,"column":9},"end":{"line":165,"column":3}}],"line":160},"24":{"loc":{"start":{"line":161,"column":18},"end":{"line":161,"column":47}},"type":"cond-expr","locations":[{"start":{"line":161,"column":29},"end":{"line":161,"column":37}},{"start":{"line":161,"column":40},"end":{"line":161,"column":47}}],"line":161},"25":{"loc":{"start":{"line":183,"column":4},"end":{"line":188,"column":5}},"type":"if","locations":[{"start":{"line":183,"column":4},"end":{"line":188,"column":5}},{"start":{"line":186,"column":11},"end":{"line":188,"column":5}}],"line":183}},"s":{"0":0,"1":0,"2":0,"3":0,"4":0,"5":0,"6":0,"7":0,"8":0,"9":0,"10":0,"11":0,"12":0,"13":0,"14":0,"15":0,"16":0,"17":0,"18":0,"19":0,"20":0,"21":0,"22":0,"23":0,"24":0,"25":0,"26":0,"27":0,"28":0,"29":0,"30":0,"31":0,"32":0,"33":0,"34":0,"35":0,"36":0,"37":0,"38":0,"39":0,"40":0,"41":0,"42":0,"43":0,"44":0,"45":0,"46":0,"47":0,"48":0,"49":0,"50":0,"51":0,"52":0,"53":0,"54":0,"55":0,"56":0,"57":0,"58":0,"59":0,"60":0,"61":0,"62":0,"63":0,"64":0,"65":0,"66":0,"67":0,"68":0,"69":0,"70":0,"71":0,"72":0,"73":0,"74":0,"75":0,"76":0,"77":0,"78":0,"79":0,"80":0,"81":0,"82":0,"83":0,"84":0,"85":0,"86":0,"87":0,"88":0,"89":0,"90":0,"91":0,"92":0,"93":0,"94":0,"95":0,"96":0,"97":0,"98":0,"99":0,"100":0,"101":0,"102":0,"103":0,"104":0,"105":0,"106":0,"107":0,"108":0,"109":0,"110":0,"111":0,"112":0,"113":0,"114":0,"115":0,"116":0,"117":0,"118":0,"119":0,"120":0,"121":0,"122":0,"123":0,"124":0,"125":0,"126":0,"127":0,"128":0,"129":0,"130":0,"131":0},"f":{"0":0,"1":0,"2":0,"3":0,"4":0,"5":0,"6":0,"7":0,"8":0,"9":0},"b":{"0":[0,0],"1":[0,0],"2":[0,0,0,0,0,0,0],"3":[0,0],"4":[0,0],"5":[0,0],"6":[0,0],"7":[0,0],"8":[0,0],"9":[0,0],"10":[0,0],"11":[0,0],"12":[0,0],"13":[0,0],"14":[0,0],"15":[0,0],"16":[0,0],"17":[0,0],"18":[0,0],"19":[0,0],"20":[0,0],"21":[0,0],"22":[0,0],"23":[0,0],"24":[0,0],"25":[0,0]}}
,"/Users/leo.de.souza1/leo-workflow-kit/lib/commands/dashboard.js": {"path":"/Users/leo.de.souza1/leo-workflow-kit/lib/commands/dashboard.js","statementMap":{"0":{"start":{"line":6,"column":14},"end":{"line":6,"column":30}},"1":{"start":{"line":7,"column":13},"end":{"line":7,"column":28}},"2":{"start":{"line":8,"column":11},"end":{"line":8,"column":24}},"3":{"start":{"line":9,"column":18},"end":{"line":9,"column":47}},"4":{"start":{"line":10,"column":29},"end":{"line":10,"column":55}},"5":{"start":{"line":11,"column":33},"end":{"line":11,"column":66}},"6":{"start":{"line":22,"column":17},"end":{"line":22,"column":65}},"7":{"start":{"line":23,"column":17},"end":{"line":23,"column":72}},"8":{"start":{"line":24,"column":24},"end":{"line":24,"column":50}},"9":{"start":{"line":26,"column":4},"end":{"line":26,"column":68}},"10":{"start":{"line":28,"column":4},"end":{"line":135,"column":5}},"11":{"start":{"line":30,"column":6},"end":{"line":30,"column":66}},"12":{"start":{"line":31,"column":28},"end":{"line":31,"column":65}},"13":{"start":{"line":32,"column":21},"end":{"line":32,"column":47}},"14":{"start":{"line":34,"column":6},"end":{"line":38,"column":7}},"15":{"start":{"line":35,"column":8},"end":{"line":35,"column":88}},"16":{"start":{"line":36,"column":8},"end":{"line":36,"column":90}},"17":{"start":{"line":37,"column":8},"end":{"line":37,"column":24}},"18":{"start":{"line":41,"column":6},"end":{"line":41,"column":54}},"19":{"start":{"line":42,"column":22},"end":{"line":42,"column":62}},"20":{"start":{"line":45,"column":21},"end":{"line":51,"column":8}},"21":{"start":{"line":54,"column":6},"end":{"line":81,"column":9}},"22":{"start":{"line":55,"column":8},"end":{"line":55,"column":75}},"23":{"start":{"line":56,"column":8},"end":{"line":56,"column":55}},"24":{"start":{"line":57,"column":8},"end":{"line":57,"column":66}},"25":{"start":{"line":58,"column":8},"end":{"line":58,"column":70}},"26":{"start":{"line":59,"column":8},"end":{"line":59,"column":78}},"27":{"start":{"line":61,"column":8},"end":{"line":61,"column":59}},"28":{"start":{"line":62,"column":8},"end":{"line":62,"column":44}},"29":{"start":{"line":63,"column":8},"end":{"line":63,"column":77}},"30":{"start":{"line":64,"column":8},"end":{"line":64,"column":85}},"31":{"start":{"line":65,"column":8},"end":{"line":65,"column":45}},"32":{"start":{"line":66,"column":8},"end":{"line":66,"column":78}},"33":{"start":{"line":67,"column":8},"end":{"line":67,"column":82}},"34":{"start":{"line":68,"column":8},"end":{"line":68,"column":78}},"35":{"start":{"line":69,"column":8},"end":{"line":69,"column":49}},"36":{"start":{"line":70,"column":8},"end":{"line":70,"column":82}},"37":{"start":{"line":71,"column":8},"end":{"line":71,"column":88}},"38":{"start":{"line":72,"column":8},"end":{"line":72,"column":96}},"39":{"start":{"line":74,"column":8},"end":{"line":74,"column":56}},"40":{"start":{"line":75,"column":8},"end":{"line":75,"column":70}},"41":{"start":{"line":76,"column":8},"end":{"line":76,"column":66}},"42":{"start":{"line":77,"column":8},"end":{"line":77,"column":83}},"43":{"start":{"line":78,"column":8},"end":{"line":78,"column":72}},"44":{"start":{"line":80,"column":8},"end":{"line":80,"column":71}},"45":{"start":{"line":83,"column":6},"end":{"line":87,"column":9}},"46":{"start":{"line":84,"column":8},"end":{"line":84,"column":57}},"47":{"start":{"line":85,"column":8},"end":{"line":85,"column":48}},"48":{"start":{"line":86,"column":8},"end":{"line":86,"column":64}},"49":{"start":{"line":89,"column":6},"end":{"line":91,"column":9}},"50":{"start":{"line":90,"column":8},"end":{"line":90,"column":82}},"51":{"start":{"line":93,"column":6},"end":{"line":95,"column":9}},"52":{"start":{"line":94,"column":8},"end":{"line":94,"column":63}},"53":{"start":{"line":97,"column":6},"end":{"line":99,"column":9}},"54":{"start":{"line":98,"column":8},"end":{"line":98,"column":92}},"55":{"start":{"line":101,"column":6},"end":{"line":103,"column":9}},"56":{"start":{"line":102,"column":8},"end":{"line":102,"column":85}},"57":{"start":{"line":106,"column":29},"end":{"line":116,"column":7}},"58":{"start":{"line":107,"column":8},"end":{"line":107,"column":94}},"59":{"start":{"line":108,"column":8},"end":{"line":115,"column":9}},"60":{"start":{"line":109,"column":10},"end":{"line":109,"column":30}},"61":{"start":{"line":110,"column":10},"end":{"line":110,"column":65}},"62":{"start":{"line":111,"column":10},"end":{"line":111,"column":26}},"63":{"start":{"line":113,"column":10},"end":{"line":113,"column":80}},"64":{"start":{"line":114,"column":10},"end":{"line":114,"column":26}},"65":{"start":{"line":118,"column":6},"end":{"line":118,"column":59}},"66":{"start":{"line":118,"column":33},"end":{"line":118,"column":57}},"67":{"start":{"line":119,"column":6},"end":{"line":119,"column":61}},"68":{"start":{"line":119,"column":34},"end":{"line":119,"column":59}},"69":{"start":{"line":122,"column":6},"end":{"line":122,"column":27}},"70":{"start":{"line":125,"column":6},"end":{"line":125,"column":34}},"71":{"start":{"line":127,"column":6},"end":{"line":127,"column":70}},"72":{"start":{"line":128,"column":6},"end":{"line":128,"column":53}},"73":{"start":{"line":130,"column":6},"end":{"line":132,"column":7}},"74":{"start":{"line":131,"column":8},"end":{"line":131,"column":47}},"75":{"start":{"line":134,"column":6},"end":{"line":134,"column":22}},"76":{"start":{"line":143,"column":4},"end":{"line":143,"column":68}},"77":{"start":{"line":146,"column":4},"end":{"line":146,"column":74}},"78":{"start":{"line":154,"column":17},"end":{"line":154,"column":65}},"79":{"start":{"line":155,"column":17},"end":{"line":155,"column":72}},"80":{"start":{"line":157,"column":4},"end":{"line":157,"column":60}},"81":{"start":{"line":159,"column":4},"end":{"line":179,"column":5}},"82":{"start":{"line":160,"column":23},"end":{"line":162,"column":8}},"83":{"start":{"line":164,"column":6},"end":{"line":175,"column":7}},"84":{"start":{"line":165,"column":23},"end":{"line":165,"column":44}},"85":{"start":{"line":166,"column":8},"end":{"line":166,"column":67}},"86":{"start":{"line":167,"column":8},"end":{"line":167,"column":55}},"87":{"start":{"line":168,"column":8},"end":{"line":168,"column":66}},"88":{"start":{"line":169,"column":8},"end":{"line":169,"column":89}},"89":{"start":{"line":170,"column":8},"end":{"line":170,"column":66}},"90":{"start":{"line":171,"column":8},"end":{"line":171,"column":79}},"91":{"start":{"line":172,"column":8},"end":{"line":172,"column":78}},"92":{"start":{"line":174,"column":8},"end":{"line":174,"column":66}},"93":{"start":{"line":177,"column":6},"end":{"line":177,"column":69}},"94":{"start":{"line":178,"column":6},"end":{"line":178,"column":70}},"95":{"start":{"line":187,"column":17},"end":{"line":187,"column":65}},"96":{"start":{"line":188,"column":17},"end":{"line":188,"column":72}},"97":{"start":{"line":189,"column":16},"end":{"line":189,"column":40}},"98":{"start":{"line":191,"column":4},"end":{"line":191,"column":61}},"99":{"start":{"line":193,"column":4},"end":{"line":228,"column":5}},"100":{"start":{"line":195,"column":23},"end":{"line":197,"column":8}},"101":{"start":{"line":199,"column":6},"end":{"line":201,"column":7}},"102":{"start":{"line":200,"column":8},"end":{"line":200,"column":49}},"103":{"start":{"line":203,"column":6},"end":{"line":203,"column":78}},"104":{"start":{"line":206,"column":23},"end":{"line":206,"column":47}},"105":{"start":{"line":207,"column":23},"end":{"line":207,"column":39}},"106":{"start":{"line":210,"column":6},"end":{"line":216,"column":7}},"107":{"start":{"line":211,"column":8},"end":{"line":211,"column":33}},"108":{"start":{"line":212,"column":13},"end":{"line":216,"column":7}},"109":{"start":{"line":213,"column":8},"end":{"line":213,"column":32}},"110":{"start":{"line":215,"column":8},"end":{"line":215,"column":36}},"111":{"start":{"line":218,"column":6},"end":{"line":224,"column":9}},"112":{"start":{"line":219,"column":8},"end":{"line":223,"column":9}},"113":{"start":{"line":220,"column":10},"end":{"line":220,"column":71}},"114":{"start":{"line":222,"column":10},"end":{"line":222,"column":68}},"115":{"start":{"line":226,"column":6},"end":{"line":226,"column":79}},"116":{"start":{"line":227,"column":6},"end":{"line":227,"column":70}},"117":{"start":{"line":236,"column":4},"end":{"line":236,"column":71}},"118":{"start":{"line":238,"column":24},"end":{"line":518,"column":1}},"119":{"start":{"line":520,"column":4},"end":{"line":520,"column":29}},"120":{"start":{"line":523,"column":4},"end":{"line":526,"column":5}},"121":{"start":{"line":524,"column":6},"end":{"line":524,"column":52}},"122":{"start":{"line":525,"column":6},"end":{"line":525,"column":80}},"123":{"start":{"line":530,"column":0},"end":{"line":530,"column":35}}},"fnMap":{"0":{"name":"(anonymous_0)","decl":{"start":{"line":21,"column":2},"end":{"line":21,"column":3}},"loc":{"start":{"line":21,"column":35},"end":{"line":136,"column":3}},"line":21},"1":{"name":"(anonymous_1)","decl":{"start":{"line":54,"column":25},"end":{"line":54,"column":26}},"loc":{"start":{"line":54,"column":31},"end":{"line":81,"column":7}},"line":54},"2":{"name":"(anonymous_2)","decl":{"start":{"line":83,"column":25},"end":{"line":83,"column":26}},"loc":{"start":{"line":83,"column":36},"end":{"line":87,"column":7}},"line":83},"3":{"name":"(anonymous_3)","decl":{"start":{"line":89,"column":32},"end":{"line":89,"column":33}},"loc":{"start":{"line":89,"column":42},"end":{"line":91,"column":7}},"line":89},"4":{"name":"(anonymous_4)","decl":{"start":{"line":93,"column":32},"end":{"line":93,"column":33}},"loc":{"start":{"line":93,"column":42},"end":{"line":95,"column":7}},"line":93},"5":{"name":"(anonymous_5)","decl":{"start":{"line":97,"column":38},"end":{"line":97,"column":39}},"loc":{"start":{"line":97,"column":48},"end":{"line":99,"column":7}},"line":97},"6":{"name":"(anonymous_6)","decl":{"start":{"line":101,"column":34},"end":{"line":101,"column":35}},"loc":{"start":{"line":101,"column":44},"end":{"line":103,"column":7}},"line":101},"7":{"name":"(anonymous_7)","decl":{"start":{"line":106,"column":29},"end":{"line":106,"column":30}},"loc":{"start":{"line":106,"column":47},"end":{"line":116,"column":7}},"line":106},"8":{"name":"(anonymous_8)","decl":{"start":{"line":118,"column":27},"end":{"line":118,"column":28}},"loc":{"start":{"line":118,"column":33},"end":{"line":118,"column":57}},"line":118},"9":{"name":"(anonymous_9)","decl":{"start":{"line":119,"column":28},"end":{"line":119,"column":29}},"loc":{"start":{"line":119,"column":34},"end":{"line":119,"column":59}},"line":119},"10":{"name":"(anonymous_10)","decl":{"start":{"line":125,"column":24},"end":{"line":125,"column":25}},"loc":{"start":{"line":125,"column":30},"end":{"line":125,"column":32}},"line":125},"11":{"name":"(anonymous_11)","decl":{"start":{"line":142,"column":2},"end":{"line":142,"column":3}},"loc":{"start":{"line":142,"column":34},"end":{"line":147,"column":3}},"line":142},"12":{"name":"(anonymous_12)","decl":{"start":{"line":153,"column":2},"end":{"line":153,"column":3}},"loc":{"start":{"line":153,"column":36},"end":{"line":180,"column":3}},"line":153},"13":{"name":"(anonymous_13)","decl":{"start":{"line":186,"column":2},"end":{"line":186,"column":3}},"loc":{"start":{"line":186,"column":34},"end":{"line":229,"column":3}},"line":186},"14":{"name":"(anonymous_14)","decl":{"start":{"line":218,"column":20},"end":{"line":218,"column":21}},"loc":{"start":{"line":218,"column":31},"end":{"line":224,"column":7}},"line":218},"15":{"name":"(anonymous_15)","decl":{"start":{"line":235,"column":2},"end":{"line":235,"column":3}},"loc":{"start":{"line":235,"column":34},"end":{"line":527,"column":3}},"line":235}},"branchMap":{"0":{"loc":{"start":{"line":21,"column":21},"end":{"line":21,"column":33}},"type":"default-arg","locations":[{"start":{"line":21,"column":31},"end":{"line":21,"column":33}}],"line":21},"1":{"loc":{"start":{"line":22,"column":17},"end":{"line":22,"column":65}},"type":"binary-expr","locations":[{"start":{"line":22,"column":17},"end":{"line":22,"column":29}},{"start":{"line":22,"column":33},"end":{"line":22,"column":57}},{"start":{"line":22,"column":61},"end":{"line":22,"column":65}}],"line":22},"2":{"loc":{"start":{"line":23,"column":17},"end":{"line":23,"column":72}},"type":"binary-expr","locations":[{"start":{"line":23,"column":17},"end":{"line":23,"column":29}},{"start":{"line":23,"column":33},"end":{"line":23,"column":57}},{"start":{"line":23,"column":61},"end":{"line":23,"column":72}}],"line":23},"3":{"loc":{"start":{"line":24,"column":24},"end":{"line":24,"column":50}},"type":"binary-expr","locations":[{"start":{"line":24,"column":24},"end":{"line":24,"column":43}},{"start":{"line":24,"column":47},"end":{"line":24,"column":50}}],"line":24},"4":{"loc":{"start":{"line":34,"column":6},"end":{"line":38,"column":7}},"type":"if","locations":[{"start":{"line":34,"column":6},"end":{"line":38,"column":7}},{"start":{},"end":{}}],"line":34},"5":{"loc":{"start":{"line":130,"column":6},"end":{"line":132,"column":7}},"type":"if","locations":[{"start":{"line":130,"column":6},"end":{"line":132,"column":7}},{"start":{},"end":{}}],"line":130},"6":{"loc":{"start":{"line":130,"column":10},"end":{"line":130,"column":42}},"type":"binary-expr","locations":[{"start":{"line":130,"column":10},"end":{"line":130,"column":21}},{"start":{"line":130,"column":25},"end":{"line":130,"column":42}}],"line":130},"7":{"loc":{"start":{"line":142,"column":20},"end":{"line":142,"column":32}},"type":"default-arg","locations":[{"start":{"line":142,"column":30},"end":{"line":142,"column":32}}],"line":142},"8":{"loc":{"start":{"line":153,"column":22},"end":{"line":153,"column":34}},"type":"default-arg","locations":[{"start":{"line":153,"column":32},"end":{"line":153,"column":34}}],"line":153},"9":{"loc":{"start":{"line":154,"column":17},"end":{"line":154,"column":65}},"type":"binary-expr","locations":[{"start":{"line":154,"column":17},"end":{"line":154,"column":29}},{"start":{"line":154,"column":33},"end":{"line":154,"column":57}},{"start":{"line":154,"column":61},"end":{"line":154,"column":65}}],"line":154},"10":{"loc":{"start":{"line":155,"column":17},"end":{"line":155,"column":72}},"type":"binary-expr","locations":[{"start":{"line":155,"column":17},"end":{"line":155,"column":29}},{"start":{"line":155,"column":33},"end":{"line":155,"column":57}},{"start":{"line":155,"column":61},"end":{"line":155,"column":72}}],"line":155},"11":{"loc":{"start":{"line":164,"column":6},"end":{"line":175,"column":7}},"type":"if","locations":[{"start":{"line":164,"column":6},"end":{"line":175,"column":7}},{"start":{"line":173,"column":13},"end":{"line":175,"column":7}}],"line":164},"12":{"loc":{"start":{"line":169,"column":56},"end":{"line":169,"column":84}},"type":"binary-expr","locations":[{"start":{"line":169,"column":56},"end":{"line":169,"column":79}},{"start":{"line":169,"column":83},"end":{"line":169,"column":84}}],"line":169},"13":{"loc":{"start":{"line":170,"column":44},"end":{"line":170,"column":61}},"type":"binary-expr","locations":[{"start":{"line":170,"column":44},"end":{"line":170,"column":56}},{"start":{"line":170,"column":60},"end":{"line":170,"column":61}}],"line":170},"14":{"loc":{"start":{"line":171,"column":51},"end":{"line":171,"column":74}},"type":"binary-expr","locations":[{"start":{"line":171,"column":51},"end":{"line":171,"column":69}},{"start":{"line":171,"column":73},"end":{"line":171,"column":74}}],"line":171},"15":{"loc":{"start":{"line":172,"column":45},"end":{"line":172,"column":71}},"type":"binary-expr","locations":[{"start":{"line":172,"column":45},"end":{"line":172,"column":58}},{"start":{"line":172,"column":62},"end":{"line":172,"column":71}}],"line":172},"16":{"loc":{"start":{"line":186,"column":20},"end":{"line":186,"column":32}},"type":"default-arg","locations":[{"start":{"line":186,"column":30},
[...]
ine":321,"column":18},"end":{"line":340,"column":3}},"line":321},"26":{"name":"(anonymous_26)","decl":{"start":{"line":326,"column":6},"end":{"line":326,"column":7}},"loc":{"start":{"line":326,"column":18},"end":{"line":326,"column":44}},"line":326},"27":{"name":"(anonymous_27)","decl":{"start":{"line":345,"column":2},"end":{"line":345,"column":3}},"loc":{"start":{"line":345,"column":19},"end":{"line":350,"column":3}},"line":345}},"branchMap":{"0":{"loc":{"start":{"line":46,"column":28},"end":{"line":46,"column":64}},"type":"default-arg","locations":[{"start":{"line":46,"column":40},"end":{"line":46,"column":64}}],"line":46},"1":{"loc":{"start":{"line":62,"column":16},"end":{"line":62,"column":50}},"type":"default-arg","locations":[{"start":{"line":62,"column":26},"end":{"line":62,"column":50}}],"line":62},"2":{"loc":{"start":{"line":63,"column":4},"end":{"line":65,"column":5}},"type":"if","locations":[{"start":{"line":63,"column":4},"end":{"line":65,"column":5}},{"start":{},"end":{}}],"line":63},"3":{"loc":{"start":{"line":80,"column":20},"end":{"line":80,"column":78}},"type":"cond-expr","locations":[{"start":{"line":80,"column":39},"end":{"line":80,"column":65}},{"start":{"line":80,"column":68},"end":{"line":80,"column":78}}],"line":80},"4":{"loc":{"start":{"line":99,"column":6},"end":{"line":101,"column":7}},"type":"if","locations":[{"start":{"line":99,"column":6},"end":{"line":101,"column":7}},{"start":{},"end":{}}],"line":99},"5":{"loc":{"start":{"line":102,"column":23},"end":{"line":102,"column":75}},"type":"cond-expr","locations":[{"start":{"line":102,"column":44},"end":{"line":102,"column":70}},{"start":{"line":102,"column":73},"end":{"line":102,"column":75}}],"line":102},"6":{"loc":{"start":{"line":163,"column":30},"end":{"line":163,"column":47}},"type":"default-arg","locations":[{"start":{"line":163,"column":44},"end":{"line":163,"column":47}}],"line":163},"7":{"loc":{"start":{"line":192,"column":6},"end":{"line":194,"column":7}},"type":"if","locations":[{"start":{"line":192,"column":6},"end":{"line":194,"column":7}},{"start":{},"end":{}}],"line":192},"8":{"loc":{"start":{"line":250,"column":4},"end":{"line":252,"column":5}},"type":"if","locations":[{"start":{"line":250,"column":4},"end":{"line":252,"column":5}},{"start":{},"end":{}}],"line":250},"9":{"loc":{"start":{"line":258,"column":4},"end":{"line":260,"column":5}},"type":"if","locations":[{"start":{"line":258,"column":4},"end":{"line":260,"column":5}},{"start":{},"end":{}}],"line":258},"10":{"loc":{"start":{"line":263,"column":4},"end":{"line":265,"column":5}},"type":"if","locations":[{"start":{"line":263,"column":4},"end":{"line":265,"column":5}},{"start":{},"end":{}}],"line":263},"11":{"loc":{"start":{"line":278,"column":4},"end":{"line":280,"column":5}},"type":"if","locations":[{"start":{"line":278,"column":4},"end":{"line":280,"column":5}},{"start":{},"end":{}}],"line":278},"12":{"loc":{"start":{"line":296,"column":13},"end":{"line":296,"column":30}},"type":"default-arg","locations":[{"start":{"line":296,"column":27},"end":{"line":296,"column":30}}],"line":296},"13":{"loc":{"start":{"line":330,"column":6},"end":{"line":330,"column":65}},"type":"cond-expr","locations":[{"start":{"line":330,"column":29},"end":{"line":330,"column":61}},{"start":{"line":330,"column":64},"end":{"line":330,"column":65}}],"line":330},"14":{"loc":{"start":{"line":347,"column":22},"end":{"line":347,"column":45}},"type":"cond-expr","locations":[{"start":{"line":347,"column":29},"end":{"line":347,"column":39}},{"start":{"line":347,"column":42},"end":{"line":347,"column":45}}],"line":347}},"s":{"0":0,"1":0,"2":0,"3":0,"4":0,"5":0,"6":0,"7":0,"8":0,"9":0,"10":0,"11":0,"12":0,"13":0,"14":0,"15":0,"16":0,"17":0,"18":0,"19":0,"20":0,"21":0,"22":0,"23":0,"24":0,"25":0,"26":0,"27":0,"28":0,"29":0,"30":0,"31":0,"32":0,"33":0,"34":0,"35":0,"36":0,"37":0,"38":0,"39":0,"40":0,"41":0,"42":0,"43":0,"44":0,"45":0,"46":0,"47":0,"48":0,"49":0,"50":0,"51":0,"52":0,"53":0,"54":0,"55":0,"56":0,"57":0,"58":0,"59":0,"60":0,"61":0,"62":0,"63":0,"64":0,"65":0,"66":0,"67":0,"68":0,"69":0,"70":0,"71":0,"72":0,"73":0,"74":0,"75":0,"76":0,"77":0,"78":0,"79":0,"80":0,"81":0,"82":0,"83":0,"84":0,"85":0,"86":0,"87":0,"88":0,"89":0,"90":0,"91":0,"92":0,"93":0,"94":0,"95":0,"96":0,"97":0,"98":0,"99":0,"100":0,"101":0,"102":0,"103":0,"104":0,"105":0,"106":0},"f":{"0":0,"1":0,"2":0,"3":0,"4":0,"5":0,"6":0,"7":0,"8":0,"9":0,"10":0,"11":0,"12":0,"13":0,"14":0,"15":0,"16":0,"17":0,"18":0,"19":0,"20":0,"21":0,"22":0,"23":0,"24":0,"25":0,"26":0,"27":0},"b":{"0":[0],"1":[0],"2":[0,0],"3":[0,0],"4":[0,0],"5":[0,0],"6":[0],"7":[0,0],"8":[0,0],"9":[0,0],"10":[0,0],"11":[0,0],"12":[0],"13":[0,0],"14":[0,0]}}
,"/Users/leo.de.souza1/leo-workflow-kit/lib/team/workflow-modes.js": {"path":"/Users/leo.de.souza1/leo-workflow-kit/lib/team/workflow-modes.js","statementMap":{"0":{"start":{"line":12,"column":17},"end":{"line":15,"column":3}},"1":{"start":{"line":18,"column":23},"end":{"line":51,"column":3}},"2":{"start":{"line":54,"column":28},"end":{"line":87,"column":3}},"3":{"start":{"line":90,"column":28},"end":{"line":132,"column":3}},"4":{"start":{"line":135,"column":28},"end":{"line":187,"column":3}},"5":{"start":{"line":193,"column":20},"end":{"line":198,"column":5}},"6":{"start":{"line":200,"column":4},"end":{"line":202,"column":5}},"7":{"start":{"line":201,"column":6},"end":{"line":201,"column":54}},"8":{"start":{"line":204,"column":4},"end":{"line":204,"column":29}},"9":{"start":{"line":211,"column":19},"end":{"line":211,"column":53}},"10":{"start":{"line":212,"column":4},"end":{"line":212,"column":26}},"11":{"start":{"line":219,"column":19},"end":{"line":219,"column":53}},"12":{"start":{"line":220,"column":4},"end":{"line":222,"column":22}},"13":{"start":{"line":221,"column":22},"end":{"line":221,"column":45}},"14":{"start":{"line":222,"column":16},"end":{"line":222,"column":20}},"15":{"start":{"line":229,"column":19},"end":{"line":229,"column":53}},"16":{"start":{"line":230,"column":19},"end":{"line":230,"column":62}},"17":{"start":{"line":230,"column":44},"end":{"line":230,"column":61}},"18":{"start":{"line":232,"column":4},"end":{"line":234,"column":5}},"19":{"start":{"line":233,"column":6},"end":{"line":233,"column":80}},"20":{"start":{"line":236,"column":4},"end":{"line":236,"column":33}},"21":{"start":{"line":236,"column":23},"end":{"line":236,"column":33}},"22":{"start":{"line":237,"column":4},"end":{"line":237,"column":57}},"23":{"start":{"line":237,"column":37},"end":{"line":237,"column":57}},"24":{"start":{"line":238,"column":4},"end":{"line":238,"column":26}},"25":{"start":{"line":245,"column":21},"end":{"line":245,"column":53}},"26":{"start":{"line":246,"column":25},"end":{"line":246,"column":58}},"27":{"start":{"line":248,"column":4},"end":{"line":250,"column":5}},"28":{"start":{"line":249,"column":6},"end":{"line":249,"column":73}},"29":{"start":{"line":252,"column":4},"end":{"line":254,"column":5}},"30":{"start":{"line":253,"column":6},"end":{"line":253,"column":18}},"31":{"start":{"line":256,"column":4},"end":{"line":256,"column":38}},"32":{"start":{"line":263,"column":19},"end":{"line":263,"column":53}},"33":{"start":{"line":264,"column":4},"end":{"line":264,"column":55}},"34":{"start":{"line":264,"column":36},"end":{"line":264,"column":53}},"35":{"start":{"line":272,"column":19},"end":{"line":272,"column":53}},"36":{"start":{"line":275,"column":4},"end":{"line":277,"column":5}},"37":{"start":{"line":276,"column":6},"end":{"line":276,"column":97}},"38":{"start":{"line":279,"column":20},"end":{"line":279,"column":22}},"39":{"start":{"line":281,"column":4},"end":{"line":294,"column":7}},"40":{"start":{"line":282,"column":6},"end":{"line":282,"column":32}},"41":{"start":{"line":282,"column":25},"end":{"line":282,"column":32}},"42":{"start":{"line":285,"column":28},"end":{"line":287,"column":24}},"43":{"start":{"line":289,"column":23},"end":{"line":289,"column":72}},"44":{"start":{"line":289,"column":41},"end":{"line":289,"column":71}},"45":{"start":{"line":291,"column":6},"end":{"line":293,"column":7}},"46":{"start":{"line":292,"column":8},"end":{"line":292,"column":47}},"47":{"start":{"line":296,"column":4},"end":{"line":296,"column":19}},"48":{"start":{"line":303,"column":19},"end":{"line":303,"column":53}},"49":{"start":{"line":305,"column":4},"end":{"line":312,"column":6}},"50":{"start":{"line":319,"column":19},"end":{"line":319,"column":53}},"51":{"start":{"line":320,"column":20},"end":{"line":320,"column":63}},"52":{"start":{"line":322,"column":25},"end":{"line":345,"column":5}},"53":{"start":{"line":326,"column":42},"end":{"line":332,"column":7}},"54":{"start":{"line":336,"column":35},"end":{"line":336,"column":51}},"55":{"start":{"line":338,"column":35},"end":{"line":338,"column":84}},"56":{"start":{"line":341,"column":22},"end":{"line":341,"column":62}},"57":{"start":{"line":341,"column":47},"end":{"line":341,"column":61}},"58":{"start":{"line":342,"column":10},"end":{"line":342,"column":47}},"59":{"start":{"line":347,"column":4},"end":{"line":347,"column":24}},"60":{"start":{"line":353,"column":4},"end":{"line":355,"column":24}},"61":{"start":{"line":354,"column":19},"end":{"line":354,"column":63}},"62":{"start":{"line":355,"column":16},"end":{"line":355,"column":22}},"63":{"start":{"line":359,"column":17},"end":{"line":359,"column":19}},"64":{"start":{"line":361,"column":4},"end":{"line":377,"column":5}},"65":{"start":{"line":362,"column":6},"end":{"line":362,"column":63}},"66":{"start":{"line":363,"column":6},"end":{"line":363,"column":56}},"67":{"start":{"line":364,"column":6},"end":{"line":364,"column":58}},"68":{"start":{"line":365,"column":11},"end":{"line":377,"column":5}},"69":{"start":{"line":366,"column":6},"end":{"line":366,"column":59}},"70":{"start":{"line":367,"column":6},"end":{"line":367,"column":44}},"71":{"start":{"line":368,"column":6},"end":{"line":368,"column":62}},"72":{"start":{"line":369,"column":11},"end":{"line":377,"column":5}},"73":{"start":{"line":370,"column":6},"end":{"line":370,"column":57}},"74":{"start":{"line":371,"column":6},"end":{"line":371,"column":62}},"75":{"start":{"line":372,"column":6},"end":{"line":372,"column":71}},"76":{"start":{"line":373,"column":11},"end":{"line":377,"column":5}},"77":{"start":{"line":374,"column":6},"end":{"line":374,"column":59}},"78":{"start":{"line":375,"column":6},"end":{"line":375,"column":54}},"79":{"start":{"line":376,"column":6},"end":{"line":376,"column":50}},"80":{"start":{"line":379,"column":4},"end":{"line":379,"column":16}},"81":{"start":{"line":383,"column":0},"end":{"line":385,"column":2}}},"fnMap":{"0":{"name":"(anonymous_0)","decl":{"start":{"line":192,"column":2},"end":{"line":192,"column":3}},"loc":{"start":{"line":192,"column":39},"end":{"line":205,"column":3}},"line":192},"1":{"name":"(anonymous_1)","decl":{"start":{"line":210,"column":2},"end":{"line":210,"column":3}},"loc":{"start":{"line":210,"column":30},"end":{"line":213,"column":3}},"line":210},"2":{"name":"(anonymous_2)","decl":{"start":{"line":218,"column":2},"end":{"line":218,"column":3}},"loc":{"start":{"line":218,"column":37},"end":{"line":223,"column":3}},"line":218},"3":{"name":"(anonymous_3)","decl":{"start":{"line":221,"column":12},"end":{"line":221,"column":13}},"loc":{"start":{"line":221,"column":22},"end":{"line":221,"column":45}},"line":221},"4":{"name":"(anonymous_4)","decl":{"start":{"line":222,"column":11},"end":{"line":222,"column":12}},"loc":{"start":{"line":222,"column":16},"end":{"line":222,"column":20}},"line":222},"5":{"name":"(anonymous_5)","decl":{"start":{"line":228,"column":2},"end":{"line":228,"column":3}},"loc":{"start":{"line":228,"column":47},"end":{"line":239,"column":3}},"line":228},"6":{"name":"(anonymous_6)","decl":{"start":{"line":230,"column":39},"end":{"line":230,"column":40}},"loc":{"start":{"line":230,"column":44},"end":{"line":230,"column":61}},"line":230},"7":{"name":"(anonymous_7)","decl":{"start":{"line":244,"column":2},"end":{"line":244,"column":3}},"loc":{"start":{"line":244,"column":50},"end":{"line":257,"column":3}},"line":244},"8":{"name":"(anonymous_8)","decl":{"start":{"line":262,"column":2},"end":{"line":262,"column":3}},"loc":{"start":{"line":262,"column":39},"end":{"line":265,"column":3}},"line":262},"9":{"name":"(anonymous_9)","decl":{"start":{"line":264,"column":31},"end":{"line":264,"column":32}},"loc":{"start":{"line":264,"column":36},"end":{"line":264,"column":53}},"line":264},"10":{"name":"(anonymous_10)","decl":{"start":{"line":271,"column":2},"end":{"line":271,"column":3}},"loc":{"start":{"line":271,"column":48},"end":{"line":297,"column":3}},"line":271},"11":{"name":"(anonymous_11)","decl":{"start":{"line":281,"column":27},"end":{"line":281,"column":28}},"loc":{"start":{"line":281,"column":37},"end":{"line":294,"column":5}},"line":281},"12":{"name":"(anonymous_12)","decl":{"start":{"line":289,"column":36},"end":{"line":289,"column":37}},"loc":{"start":{"line":289,"column":41},"end":{"line":289,"column":71}},"line":289},"13":{"name":"(anonymous_13)","decl":{"start":{"line":302,"column":2},"end":{"line":302,"column":3}},"loc":{"start":{"line":302,"column":38},"end":{"line":313,"column":3}},"line":302},"14":{"name":"(anonymous_14)","decl":{"start":{"line":318,"column":2},"end":{"line":318,"column":3}},"loc":{"start":{"line":318,"column":55},"end":{"line":348,"column":3}},"line":318},"15":{"name":"(anonymous_15)","decl":{"start":{"line":326,"column":34},"end":{"line":326,"column":35}},"loc":{"start":{"line":326,"column":42},"end":{"line":332,"column":7}},"line":326},"16":{"name":"(anonymous_16)","decl":{"start":{"line":336,"column":30},"end":{"line":336,"column":31}},"loc":{"start":{"line":336,"column":35},"end":{"line":336,"column":51}},"line":336},"17":{"name":"(anonymous_17)","decl":{"start":{"line":338,"column":30},"end":{"line":338,"column":31}},"loc":{"start":{"line":338,"column":35},"end":{"line":338,"column":84}},"line":338},"18":{"name":"(anonymous_18)","decl":{"start":{"line":340,"column":39},"end":{"line":340,"column":40}},"loc":{"start":{"line":340,"column":60},"end":{"line":343,"column":9}},"line":340},"19":{"name":"(anonymous_19)","decl":{"start":{"line":341,"column":42},"end":{"line":341,"column":43}},"loc":{"start":{"line":341,"column":47},"end":{"line":341,"column":61}},"line":341},"20":{"name":"(anonymous_20)","decl":{"start":{"line":352,"column":2},"end":{"line":352,"column":3}},"loc":{"start":{"line":352,"column":37},"end":{"line":356,"column":3}},"line":352},"21":{"name":"(anonymous_21)","decl":{"start":{"line":354,"column":14},"end":{"line":354,"column":15}},"loc":{"start":{"line":354,"column":19},"end":{"line":354,"column":63}},"line":354},"22":{"name":"(anonymous_22)","decl":{"start":{"line":355,"column":11},"end":{"line":355,"column":12}},"loc":{"start":{"line":355,"column":16},"end":{"line":355,"column":22}},"line":355},"23":{"name":"(anonymous_23)","decl":{"start":{"line":358,"column":2},"end":{"line":358,"column":3}},"loc":{"start":{"line":358,"column":52},"end":{"line":380,"column":3}},"line":358}},"branchMap":{"0":{"loc":{"start":{"line":200,"column":4},"end":{"line":202,"column":5}},"type":"if","locations":[{"start":{"line":200,"column":4},"end":{"line":202,"column":5}},{"start":{},"end":{}}],"line":200},"1":{"loc":{"start":{"line":232,"column":4},"end":{"line":234,"column":5}},"type":"if","locations":[{"start":{"line":232,"column":4},"end":{"line":234,"column":5}},{"start":{},"end":{}}],"line":232},"2":{"loc":{"start":{"line":236,"column":4},"end":{"line":236,"column":33}},"type":"if","locations":[{"start":{"line":236,"column":4},"end":{"line":236,"column":33}},{"start":{},"end":{}}],"line":236},"3":{"loc":{"start":{"line":237,"column":4},"end":{"line":237,"column":57}},"type":"if","locations":[{"start":{"line":237,"column":4},"end":{"line":237,"column":57}},{"start":{},"end":{}}],"line":237},"4":{"loc":{"start":{"line":248,"column":4},"end":{"line":250,"column":5}},"type":"if","locations":[{"start":{"line":248,"column":4},"end":{"line":250,"column":5}},{"start":{},"end":{}}],"line":248},"5":{"loc":{"start":{"line":252,"column":4},"end":{"line":254,"column":5}},"type":"if","locations":[{"start":{"line":252,"column":4},"end":{"line":254,"column":5}},{"start":{},"end":{}}],"line":252},"6":{"loc":{"start":{"line":275,"column":4},"end":{"line":277,"column":5}},"type":"if","locations":[{"start":{"line":275,"column":4},"end":{"line":277,"column":5}},{"start":{},"end":{}}],"line":275},"7":{"loc":{"start":{"line":282,"column":6},"end":{"line":282,"column":32}},"type":"if","locations":[{"start":{"line":282,"column":6},"end":{"line":282,"column":32}},{"start":{},"end":{}}],"line":282},"8":{"loc":{"start":{"line":285,"column":28},"end":{"line":287,"column":24}},"type":"cond-expr","locations":[{"start":{"line":286,"column":10},"end":{"line":286,"column":22}},{"start":{"line":287,"column":10},"end":{"line":287,"column":24}}],"line":285},"9":{"loc":{"start":{"line":291,"column":6},"end":{"line":293,"column":7}},"type":"if","locations":[{"start":{"line":291,"column":6},"end":{"line":293,"column":7}},{"start":{},"end":{}}],"line":291},"10":{"loc":{"start":{"line":329,"column":18},"end":{"line":329,"column":49}},"type":"binary-expr","locations":[{"start":{"line":329,"column":18},"end":{"line":329,"column":33}},{"start":{"line":329,"column":37},"end":{"line":329,"column":49}}],"line":329},"11":{"loc":{"start":{"line":330,"column":15},"end":{"line":330,"column":30}},"type":"binary-expr","locations":[{"start":{"line":330,"column":15},"end":{"line":330,"column":24}},{"start":{"line":330,"column":28},"end":{"line":330,"column":30}}],"line":330},"12":{"loc":{"start":{"line":331,"column":18},"end":{"line":331,"column":39}},"type":"binary-expr","locations":[{"start":{"line":331,"column":18},"end":{"line":331,"column":30}},{"start":{"line":331,"column":34},"end":{"line":331,"column":39}}],"line":331},"13":{"loc":{"start":{"line":354,"column":19},"end":{"line":354,"column":63}},"type":"binary-expr","locations":[{"start":{"line":354,"column":19},"end":{"line":354,"column":41}},{"start":{"line":354,"column":45},"end":{"line":354,"column":63}}],"line":354},"14":{"loc":{"start":{"line":361,"column":4},"end":{"line":377,"column":5}},"type":"if","locations":[{"start":{"line":361,"column":4},"end":{"line":377,"column":5}},{"start":{"line":365,"column":11},"end":{"line":377,"column":5}}],"line":361},"15":{"loc":{"start":{"line":365,"column":11},"end":{"line":377,"column":5}},"type":"if","locations":[{"start":{"line":365,"column":11},"end":{"line":377,"column":5}},{"start":{"line":369,"column":11},"end":{"line":377,"column":5}}],"line":365},"16":{"loc":{"start":{"line":369,"column":11},"end":{"line":377,"column":5}},"type":"if","locations":[{"start":{"line":369,"column":11},"end":{"line":377,"column":5}},{"start":{"line":373,"column":11},"end":{"line":377,"column":5}}],"line":369},"17":{"loc":{"start":{"line":373,"column":11},"end":{"line":377,"column":5}},"type":"if","locations":[{"start":{"line":373,"column":11},"end":{"line":377,"column":5}},{"start":{},"end":{}}],"line":373}},"s":{"0":0,"1":0,"2":0,"3":0,"4":0,"5":0,"6":0,"7":0,"8":0,"9":0,"10":0,"11":0,"12":0,"13":0,"14":0,"15":0,"16":0,"17":0,"18":0,"19":0,"20":0,"21":0,"22":0,"23":0,"24":0,"25":0,"26":0,"27":0,"28":0,"29":0,"30":0,"31":0,"32":0,"33":0,"34":0,"35":0,"36":0,"37":0,"38":0,"39":0,"40":0,"41":0,"42":0,"43":0,"44":0,"45":0,"46":0,"47":0,"48":0,"49":0,"50":0,"51":0,"52":0,"53":0,"54":0,"55":0,"56":0,"57":0,"58":0,"59":0,"60":0,"61":0,"62":0,"63":0,"64":0,"65":0,"66":0,"67":0,"68":0,"69":0,"70":0,"71":0,"72":0,"73":0,"74":0,"75":0,"76":0,"77":0,"78":0,"79":0,"80":0,"81":0},"f":{"0":0,"1":0,"2":0,"3":0,"4":0,"5":0,"6":0,"7":0,"8":0,"9":0,"10":0,"11":0,"12":0,"13":0,"14":0,"15":0,"16":0,"17":0,"18":0,"19":0,"20":0,"21":0,"22":0,"23":0},"b":{"0":[0,0],"1":[0,0],"2":[0,0],"3":[0,0],"4":[0,0],"5":[0,0],"6":[0,0],"7":[0,0],"8":[0,0],"9":[0,0],"10":[0,0],"11":[0,0],"12":[0,0],"13":[0,0],"14":[0,0],"15":[0,0],"16":[0,0],"17":[0,0]}}
}
