TN:
SF:lib/commands/agent.js
FN:26,agentCommand
FN:67,listAgents
FN:114,(anonymous_2)
FN:130,(anonymous_3)
FN:144,enableAgentCommand
FN:200,disableAgentCommand
FN:256,showAgentInfo
FN:378,(anonymous_7)
FN:384,(anonymous_8)
FN:404,syncAgents
FN:433,(anonymous_10)
FN:442,(anonymous_11)
FN:457,showHelp
FNF:13
FNH:0
FNDA:0,agentCommand
FNDA:0,listAgents
FNDA:0,(anonymous_2)
FNDA:0,(anonymous_3)
FNDA:0,enableAgentCommand
FNDA:0,disableAgentCommand
FNDA:0,showAgentInfo
FNDA:0,(anonymous_7)
FNDA:0,(anonymous_8)
FNDA:0,syncAgents
FNDA:0,(anonymous_10)
FNDA:0,(anonymous_11)
FNDA:0,showHelp
DA:1,0
DA:2,0
DA:3,0
DA:12,0
DA:13,0
DA:27,0
DA:29,0
DA:32,0
DA:33,0
DA:34,0
DA:35,0
DA:37,0
DA:40,0
DA:41,0
DA:42,0
DA:43,0
DA:45,0
DA:48,0
DA:49,0
DA:50,0
DA:51,0
DA:53,0
DA:56,0
DA:59,0
DA:60,0
DA:68,0
DA:70,0
DA:71,0
DA:72,0
DA:73,0
DA:75,0
DA:78,0
DA:79,0
DA:80,0
DA:83,0
DA:111,0
DA:112,0
DA:113,0
DA:114,0
DA:116,0
DA:120,0
DA:124,0
DA:125,0
DA:126,0
DA:130,0
DA:131,0
DA:134,0
DA:135,0
DA:136,0
DA:137,0
DA:138,0
DA:145,0
DA:147,0
DA:148,0
DA:149,0
DA:152,0
DA:153,0
DA:154,0
DA:155,0
DA:159,0
DA:160,0
DA:161,0
DA:162,0
DA:165,0
DA:167,0
DA:169,0
DA:171,0
DA:174,0
DA:175,0
DA:184,0
DA:185,0
DA:187,0
DA:191,0
DA:192,0
DA:193,0
DA:201,0
DA:203,0
DA:204,0
DA:205,0
DA:208,0
DA:209,0
DA:210,0
DA:211,0
DA:215,0
DA:216,0
DA:217,0
DA:218,0
DA:221,0
DA:223,0
DA:225,0
DA:227,0
DA:230,0
DA:231,0
DA:240,0
DA:241,0
DA:243,0
DA:247,0
DA:248,0
DA:249,0
DA:257,0
DA:354,0
DA:356,0
DA:357,0
DA:358,0
DA:359,0
DA:362,0
DA:363,0
DA:365,0
DA:366,0
DA:367,0
DA:369,0
DA:370,0
DA:371,0
DA:373,0
DA:375,0
DA:377,0
DA:378,0
DA:379,0
DA:381,0
DA:383,0
DA:384,0
DA:385,0
DA:387,0
DA:389,0
DA:390,0
DA:391,0
DA:392,0
DA:394,0
DA:395,0
DA:397,0
DA:405,0
DA:409,0
DA:410,0
DA:411,0
DA:412,0
DA:413,0
DA:416,0
DA:423,0
DA:424,0
DA:427,0
DA:428,0
DA:429,0
DA:433,0
DA:435,0
DA:436,0
DA:438,0
DA:442,0
DA:443,0
DA:446,0
DA:447,0
DA:449,0
DA:450,0
DA:458,0
DA:459,0
DA:460,0
DA:462,0
DA:463,0
DA:464,0
DA:465,0
DA:466,0
DA:467,0
DA:469,0
DA:470,0
DA:471,0
DA:472,0
DA:473,0
DA:474,0
DA:475,0
DA:477,0
DA:478,0
DA:479,0
DA:480,0
DA:481,0
DA:482,0
DA:485,0
LF:175
LH:0
BRDA:26,0,0,0
BRDA:27,1,0,0
BRDA:27,1,1,0
BRDA:27,1,2,0
BRDA:27,1,3,0
BRDA:27,1,4,0
BRDA:27,1,5,0
BRDA:32,2,0,0
BRDA:32,2,1,0
BRDA:40,3,0,0
BRDA:40,3,1,0
BRDA:48,4,0,0
BRDA:48,4,1,0
BRDA:71,5,0,0
BRDA:71,5,1,0
BRDA:112,6,0,0
BRDA:112,6,1,0
BRDA:116,7,0,0
BRDA:116,7,1,0
BRDA:120,8,0,0
BRDA:120,8,1,0
BRDA:131,9,0,0
BRDA:131,9,1,0
BRDA:147,10,0,0
BRDA:147,10,1,0
BRDA:152,11,0,0
BRDA:152,11,1,0
BRDA:160,12,0,0
BRDA:160,12,1,0
BRDA:160,13,0,0
BRDA:160,13,1,0
BRDA:174,14,0,0
BRDA:174,14,1,0
BRDA:184,15,0,0
BRDA:184,15,1,0
BRDA:203,16,0,0
BRDA:203,16,1,0
BRDA:208,17,0,0
BRDA:208,17,1,0
BRDA:216,18,0,0
BRDA:216,18,1,0
BRDA:216,19,0,0
BRDA:216,19,1,0
BRDA:230,20,0,0
BRDA:230,20,1,0
BRDA:240,21,0,0
BRDA:240,21,1,0
BRDA:356,22,0,0
BRDA:356,22,1,0
BRDA:363,23,0,0
BRDA:363,23,1,0
BRDA:363,23,2,0
BRDA:370,24,0,0
BRDA:370,24,1,0
BRDA:373,25,0,0
BRDA:373,25,1,0
BRDA:389,26,0,0
BRDA:389,26,1,0
BRDA:390,27,0,0
BRDA:390,27,1,0
BRDA:404,28,0,0
BRDA:405,29,0,0
BRDA:405,29,1,0
BRDA:411,30,0,0
BRDA:411,30,1,0
BRDA:412,31,0,0
BRDA:412,31,1,0
BRDA:418,32,0,0
BRDA:418,32,1,0
BRDA:419,33,0,0
BRDA:419,33,1,0
BRDA:428,34,0,0
BRDA:428,34,1,0
BRDA:435,35,0,0
BRDA:435,35,1,0
BRDA:436,36,0,0
BRDA:436,36,1,0
BRDA:438,37,0,0
BRDA:438,37,1,0
BRDA:442,38,0,0
BRDA:442,38,1,0
BRDA:443,39,0,0
BRDA:443,39,1,0
BRDA:446,40,0,0
BRDA:446,40,1,0
BRF:85
BRH:0
end_of_record
TN:
SF:lib/commands/ai.js
FN:10,listAIs
FN:31,(anonymous_1)
FN:53,addAI
FN:108,removeAI
FN:136,(anonymous_4)
FN:151,syncAIs
FN:175,diffAIs
FN:183,aiCommand
FNF:8
FNH:0
FNDA:0,listAIs
FNDA:0,(anonymous_1)
FNDA:0,addAI
FNDA:0,removeAI
FNDA:0,(anonymous_4)
FNDA:0,syncAIs
FNDA:0,diffAIs
FNDA:0,aiCommand
DA:1,0
DA:2,0
DA:3,0
DA:11,0
DA:13,0
DA:14,0
DA:17,0
DA:18,0
DA:20,0
DA:21,0
DA:22,0
DA:23,0
DA:27,0
DA:28,0
DA:29,0
DA:30,0
DA:31,0
DA:33,0
DA:34,0
DA:35,0
DA:37,0
DA:38,0
DA:41,0
DA:46,0
DA:47,0
DA:50,0
DA:54,0
DA:55,0
DA:56,0
DA:58,0
DA:59,0
DA:60,0
DA:61,0
DA:64,0
DA:65,0
DA:67,0
DA:68,0
DA:69,0
DA:70,0
DA:74,0
DA:75,0
DA:76,0
DA:77,0
DA:80,0
DA:82,0
DA:83,0
DA:86,0
DA:89,0
DA:90,0
DA:92,0
DA:95,0
DA:96,0
DA:99,0
DA:101,0
DA:102,0
DA:104,0
DA:109,0
DA:110,0
DA:111,0
DA:112,0
DA:115,0
DA:117,0
DA:118,0
DA:119,0
DA:122,0
DA:123,0
DA:124,0
DA:125,0
DA:126,0
DA:129,0
DA:130,0
DA:131,0
DA:132,0
DA:136,0
DA:139,0
DA:140,0
DA:143,0
DA:145,0
DA:147,0
DA:152,0
DA:154,0
DA:155,0
DA:157,0
DA:158,0
DA:159,0
DA:162,0
DA:163,0
DA:165,0
DA:167,0
DA:168,0
DA:169,0
DA:170,0
DA:172,0
DA:176,0
DA:177,0
DA:184,0
DA:187,0
DA:188,0
DA:191,0
DA:192,0
DA:196,0
DA:197,0
DA:200,0
DA:201,0
DA:204,0
DA:205,0
DA:209,0
DA:210,0
DA:211,0
DA:212,0
DA:213,0
DA:214,0
DA:215,0
DA:216,0
DA:217,0
DA:220,0
DA:221,0
DA:222,0
DA:223,0
DA:224,0
DA:225,0
DA:226,0
DA:227,0
DA:229,0
DA:233,0
DA:234,0
DA:235,0
DA:236,0
DA:237,0
DA:238,0
DA:242,0
LF:131
LH:0
BRDA:13,0,0,0
BRDA:13,0,1,0
BRDA:18,1,0,0
BRDA:18,1,1,0
BRDA:20,2,0,0
BRDA:20,2,1,0
BRDA:33,3,0,0
BRDA:33,3,1,0
BRDA:46,4,0,0
BRDA:46,4,1,0
BRDA:54,5,0,0
BRDA:54,5,1,0
BRDA:67,6,0,0
BRDA:67,6,1,0
BRDA:74,7,0,0
BRDA:74,7,1,0
BRDA:75,8,0,0
BRDA:75,8,1,0
BRDA:75,9,0,0
BRDA:75,9,1,0
BRDA:82,10,0,0
BRDA:82,10,1,0
BRDA:89,11,0,0
BRDA:89,11,1,0
BRDA:95,12,0,0
BRDA:95,12,1,0
BRDA:109,13,0,0
BRDA:109,13,1,0
BRDA:115,14,0,0
BRDA:115,14,1,0
BRDA:117,15,0,0
BRDA:117,15,1,0
BRDA:117,16,0,0
BRDA:117,16,1,0
BRDA:130,17,0,0
BRDA:130,17,1,0
BRDA:139,18,0,0
BRDA:139,18,1,0
BRDA:140,19,0,0
BRDA:140,19,1,0
BRDA:154,20,0,0
BRDA:154,20,1,0
BRDA:155,21,0,0
BRDA:155,21,1,0
BRDA:157,22,0,0
BRDA:157,22,1,0
BRDA:163,23,0,0
BRDA:163,23,1,0
BRDA:169,24,0,0
BRDA:169,24,1,0
BRDA:184,25,0,0
BRDA:184,25,1,0
BRDA:184,25,2,0
BRDA:184,25,3,0
BRDA:184,25,4,0
BRDA:184,25,5,0
BRDA:184,25,6,0
BRDA:184,25,7,0
BRDA:227,26,0,0
BRDA:227,26,1,0
BRF:60
BRH:0
end_of_record
TN:
SF:lib/commands/config.js
FN:9,configCommand
FN:49,handleGet
FN:71,handleSet
FN:76,(anonymous_3)
FN:121,handleList
FN:126,(anonymous_5)
FN:148,handleRemove
FN:171,handleInit
FN:177,(anonymous_8)
FN:195,showHelp
FNF:10
FNH:0
FNDA:0,configCommand
FNDA:0,handleGet
FNDA:0,handleSet
FNDA:0,(anonymous_3)
FNDA:0,handleList
FNDA:0,(anonymous_5)
FNDA:0,handleRemove
FNDA:0,handleInit
FNDA:0,(anonymous_8)
FNDA:0,showHelp
DA:1,0
DA:2,0
DA:10,0
DA:12,0
DA:13,0
DA:14,0
DA:17,0
DA:18,0
DA:20,0
DA:21,0
DA:23,0
DA:24,0
DA:26,0
DA:27,0
DA:30,0
DA:31,0
DA:33,0
DA:34,0
DA:36,0
DA:37,0
DA:38,0
DA:41,0
DA:42,0
DA:50,0
DA:51,0
DA:53,0
DA:54,0
DA:55,0
DA:56,0
DA:59,0
DA:61,0
DA:62,0
DA:64,0
DA:73,0
DA:76,0
DA:77,0
DA:78,0
DA:79,0
DA:81,0
DA:84,0
DA:85,0
DA:87,0
DA:88,0
DA:89,0
DA:90,0
DA:91,0
DA:92,0
DA:93,0
DA:94,0
DA:95,0
DA:99,0
DA:100,0
DA:101,0
DA:102,0
DA:106,0
DA:108,0
DA:109,0
DA:111,0
DA:112,0
DA:113,0
DA:114,0
DA:122,0
DA:124,0
DA:126,0
DA:127,0
DA:128,0
DA:130,0
DA:139,0
DA:140,0
DA:141,0
DA:142,0
DA:149,0
DA:150,0
DA:152,0
DA:153,0
DA:154,0
DA:155,0
DA:158,0
DA:160,0
DA:161,0
DA:162,0
DA:164,0
DA:172,0
DA:173,0
DA:174,0
DA:175,0
DA:176,0
DA:177,0
DA:178,0
DA:180,0
DA:181,0
DA:183,0
DA:184,0
DA:185,0
DA:187,0
DA:196,0
DA:198,0
DA:199,0
DA:201,0
DA:202,0
DA:203,0
DA:204,0
DA:205,0
DA:206,0
DA:207,0
DA:209,0
DA:210,0
DA:211,0
DA:212,0
DA:214,0
DA:215,0
DA:216,0
DA:218,0
DA:219,0
DA:220,0
DA:222,0
DA:223,0
DA:224,0
DA:226,0
DA:227,0
DA:228,0
DA:230,0
DA:231,0
DA:233,0
DA:234,0
DA:236,0
DA:237,0
DA:239,0
DA:240,0
DA:242,0
DA:243,0
DA:246,0
LF:132
LH:0
BRDA:12,0,0,0
BRDA:12,0,1,0
BRDA:12,1,0,0
BRDA:12,1,1,0
BRDA:18,2,0,0
BRDA:18,2,1,0
BRDA:18,2,2,0
BRDA:18,2,3,0
BRDA:18,2,4,0
BRDA:18,2,5,0
BRDA:18,2,6,0
BRDA:51,3,0,0
BRDA:51,3,1,0
BRDA:53,4,0,0
BRDA:53,4,1,0
BRDA:61,5,0,0
BRDA:61,5,1,0
BRDA:77,6,0,0
BRDA:77,6,1,0
BRDA:77,7,0,0
BRDA:77,7,1,0
BRDA:87,8,0,0
BRDA:87,8,1,0
BRDA:87,9,0,0
BRDA:87,9,1,0
BRDA:99,10,0,0
BRDA:99,10,1,0
BRDA:99,11,0,0
BRDA:99,11,1,0
BRDA:100,12,0,0
BRDA:100,12,1,0
BRDA:100,13,0,0
BRDA:100,13,1,0
BRDA:108,14,0,0
BRDA:108,14,1,0
BRDA:111,15,0,0
BRDA:111,15,1,0
BRDA:111,16,0,0
BRDA:111,16,1,0
BRDA:127,17,0,0
BRDA:127,17,1,0
BRDA:127,18,0,0
BRDA:127,18,1,0
BRDA:128,19,0,0
BRDA:128,19,1,0
BRDA:128,20,0,0
BRDA:128,20,1,0
BRDA:150,21,0,0
BRDA:150,21,1,0
BRDA:152,22,0,0
BRDA:152,22,1,0
BRDA:160,23,0,0
BRDA:160,23,1,0
BRDA:161,24,0,0
BRDA:161,24,1,0
BRDA:183,25,0,0
BRDA:183,25,1,0
BRF:57
BRH:0
end_of_record
TN:
SF:lib/commands/dashboard.js
FN:21,(anonymous_0)
FN:54,(anonymous_1)
FN:83,(anonymous_2)
FN:89,(anonymous_3)
FN:93,(anonymous_4)
FN:97,(anonymous_5)
FN:101,(anonymous_6)
FN:106,(anonymous_7)
FN:118,(anonymous_8)
FN:119,(anonymous_9)
FN:125,(anonymous_10)
FN:142,(anonymous_11)
FN:153,(anonymous_12)
FN:186,(anonymous_13)
FN:218,(anonymous_14)
FN:235,(anonymous_15)
FNF:16
FNH:0
FNDA:0,(anonymous_0)
FNDA:0,(anonymous_1)
FNDA:0,(anonymous_2)
FNDA:0,(anonymous_3)
FNDA:0,(anonymous_4)
FNDA:0,(anonymous_5)
FNDA:0,(anonymous_6)
FNDA:0,(anonymous_7)
FNDA:0,(anonymous_8)
FNDA:0,(anonymous_9)
FNDA:0,(anonymous_10)
FNDA:0,(anonymous_11)
FNDA:0,(anonymous_12)
FNDA:0,(anonymous_13)
FNDA:0,(anonymous_14)
FNDA:0,(anonymous_15)
DA:6,0
DA:7,0
DA:8,0
DA:9,0
DA:10,0
DA:11,0
DA:22,0
DA:23,0
DA:24,0
DA:26,0
DA:28,0
DA:30,0
DA:31,0
DA:32,0
DA:34,0
DA:35,0
DA:36,0
DA:37,0
DA:41,0
DA:42,0
DA:45,0
DA:54,0
DA:55,0
DA:56,0
DA:57,0
DA:58,0
DA:59,0
DA:61,0
DA:62,0
DA:63,0
DA:64,0
DA:65,0
DA:66,0
DA:67,0
DA:68,0
DA:69,0
DA:70,0
DA:71,0
DA:72,0
DA:74,0
DA:75,0
DA:76,0
DA:77,0
DA:78,0
DA:80,0
DA:83,0
DA:84,0
DA:85,0
DA:86,0
DA:89,0
DA:90,0
DA:93,0
DA:94,0
DA:97,0
DA:98,0
DA:101,0
DA:102,0
DA:106,0
DA:107,0
DA:108,0
DA:109,0
DA:110,0
DA:111,0
DA:113,0
DA:114,0
DA:118,0
DA:119,0
DA:122,0
DA:125,0
DA:127,0
DA:128,0
DA:130,0
DA:131,0
DA:134,0
DA:143,0
DA:146,0
DA:154,0
DA:155,0
DA:157,0
DA:159,0
DA:160,0
DA:164,0
DA:165,0
DA:166,0
DA:167,0
DA:168,0
DA:169,0
DA:170,0
DA:171,0
DA:172,0
DA:174,0
DA:177,0
DA:178,0
DA:187,0
DA:188,0
DA:189,0
DA:191,0
DA:193,0
DA:195,0
DA:199,0
DA:200,0
DA:203,0
DA:206,0
DA:207,0
DA:210,0
DA:211,0
DA:212,0
DA:213,0
DA:215,0
DA:218,0
DA:219,0
DA:220,0
DA:222,0
DA:226,0
DA:227,0
DA:236,0
DA:238,0
DA:520,0
DA:523,0
DA:524,0
DA:525,0
DA:530,0
LF:122
LH:0
BRDA:21,0,0,0
BRDA:22,1,0,0
BRDA:22,1,1,0
BRDA:22,1,2,0
BRDA:23,2,0,0
BRDA:23,2,1,0
BRDA:23,2,2,0
BRDA:24,3,0,0
BRDA:24,3,1,0
BRDA:34,4,0,0
BRDA:34,4,1,0
BRDA:130,5,0,0
BRDA:130,5,1,0
BRDA:130,6,0,0
BRDA:130,6,1,0
BRDA:142,7,0,0
BRDA:153,8,0,0
BRDA:154,9,0,0
BRDA:154,9,1,0
BRDA:154,9,2,0
BRDA:155,10,0,0
BRDA:155,10,1,0
BRDA:155,10,2,0
BRDA:164,11,0,0
BRDA:164,11,1,0
BRDA:169,12,0,0
BRDA:169,12,1,0
BRDA:170,13,0,0
BRDA:170,13,1,0
BRDA:171,14,0,0
BRDA:171,14,1,0
BRDA:172,15,0,0
BRDA:172,15,1,0
BRDA:186,16,0,0
BRDA:187,17,0,0
BRDA:187,17,1,0
BRDA:187,17,2,0
BRDA:188,18,0,0
BRDA:188,18,1,0
BRDA:188,18,2,0
BRDA:199,19,0,0
BRDA:199,19,1,0
BRDA:210,20,0,0
BRDA:210,20,1,0
BRDA:212,21,0,0
BRDA:212,21,1,0
BRDA:219,22,0,0
BRDA:219,22,1,0
BRDA:235,23,0,0
BRDA:523,24,0,0
BRDA:523,24,1,0
BRF:51
BRH:0
end_of_record
TN:
SF:lib/commands/github-project.js
FN:15,githubProjectCommand
FN:29,setupGitHubProject
FN:155,(anonymous_2)
FN:182,(anonymous_3)
FN:246,(anonymous_4)
FN:365,createNewProject
FN:374,(anonymous_6)
FN:481,testGitHubProject
FN:559,(anonymous_8)
FN:560,(anonymous_9)
FNF:10
FNH:0
FNDA:0,githubProjectCommand
FNDA:0,setupGitHubProject
FNDA:0,(anonymous_2)
FNDA:0,(anonymous_3)
FNDA:0,(anonymous_4)
FNDA:0,createNewProject
FNDA:0,(anonymous_6)
FNDA:0,testGitHubProject
FNDA:0,(anonymous_8)
FNDA:0,(anonymous_9)
DA:1,0
DA:2,0
DA:3,0
DA:4,0
DA:5,0
DA:6,0
DA:16,0
DA:17,0
DA:18,0
DA:19,0
DA:21,0
DA:22,0
DA:23,0
DA:24,0
DA:25,0
DA:30,0
DA:33,0
DA:35,0
DA:36,0
DA:37,0
DA:38,0
DA:40,0
DA:41,0
DA:42,0
DA:43,0
DA:47,0
DA:49,0
DA:50,0
DA:53,0
DA:54,0
DA:55,0
DA:56,0
DA:57,0
DA:59,0
DA:68,0
DA:69,0
DA:70,0
DA:71,0
DA:73,0
DA:74,0
DA:77,0
DA:80,0
DA:81,0
DA:82,0
DA:83,0
DA:89,0
DA:91,0
DA:92,0
DA:96,0
DA:97,0
DA:100,0
DA:101,0
DA:103,0
DA:104,0
DA:106,0
DA:107,0
DA:111,0
DA:113,0
DA:114,0
DA:116,0
DA:120,0
DA:121,0
DA:123,0
DA:124,0
DA:125,0
DA:127,0
DA:136,0
DA:137,0
DA:139,0
DA:140,0
DA:141,0
DA:145,0
DA:147,0
DA:148,0
DA:149,0
DA:153,0
DA:155,0
DA:161,0
DA:167,0
DA:177,0
DA:178,0
DA:182,0
DA:183,0
DA:185,0
DA:186,0
DA:189,0
DA:191,0
DA:193,0
DA:195,0
DA:196,0
DA:198,0
DA:199,0
DA:200,0
DA:201,0
DA:205,0
DA:206,0
DA:207,0
DA:208,0
DA:210,0
DA:219,0
DA:220,0
DA:221,0
DA:222,0
DA:223,0
DA:224,0
DA:225,0
DA:227,0
DA:230,0
DA:231,0
DA:233,0
DA:234,0
DA:235,0
DA:236,0
DA:238,0
DA:241,0
DA:247,0
DA:248,0
DA:249,0
DA:251,0
DA:257,0
DA:258,0
DA:259,0
DA:260,0
DA:261,0
DA:262,0
DA:264,0
DA:265,0
DA:266,0
DA:267,0
DA:270,0
DA:271,0
DA:272,0
DA:273,0
DA:274,0
DA:277,0
DA:281,0
DA:283,0
DA:284,0
DA:286,0
DA:288,0
DA:290,0
DA:314,0
DA:315,0
DA:316,0
DA:318,0
DA:321,0
DA:322,0
DA:326,0
DA:328,0
DA:329,0
DA:330,0
DA:339,0
DA:340,0
DA:341,0
DA:343,0
DA:347,0
DA:348,0
DA:349,0
DA:350,0
DA:351,0
DA:352,0
DA:354,0
DA:355,0
DA:356,0
DA:357,0
DA:358,0
DA:359,0
DA:360,0
DA:362,0
DA:366,0
DA:368,0
DA:375,0
DA:376,0
DA:387,0
DA:389,0
DA:391,0
DA:393,0
DA:394,0
DA:397,0
DA:400,0
DA:401,0
DA:402,0
DA:403,0
DA:404,0
DA:407,0
DA:408,0
DA:410,0
DA:411,0
DA:414,0
DA:417,0
DA:418,0
DA:421,0
DA:422,0
DA:423,0
DA:424,0
DA:428,0
DA:429,0
DA:430,0
DA:432,0
DA:455,0
DA:456,0
DA:460,0
DA:468,0
DA:469,0
DA:471,0
DA:473,0
DA:475,0
DA:476,0
DA:477,0
DA:482,0
DA:485,0
DA:486,0
DA:487,0
DA:488,0
DA:489,0
DA:493,0
DA:494,0
DA:495,0
DA:497,0
DA:498,0
DA:499,0
DA:502,0
DA:503,0
DA:505,0
DA:506,0
DA:509,0
DA:511,0
DA:512,0
DA:514,0
DA:515,0
DA:517,0
DA:518,0
DA:519,0
DA:520,0
DA:523,0
DA:524,0
DA:528,0
DA:530,0
DA:531,0
DA:532,0
DA:534,0
DA:535,0
DA:537,0
DA:538,0
DA:539,0
DA:542,0
DA:543,0
DA:547,0
DA:549,0
DA:550,0
DA:554,0
DA:556,0
DA:557,0
DA:559,0
DA:560,0
DA:562,0
DA:563,0
DA:564,0
DA:566,0
DA:570,0
DA:573,0
DA:574,0
DA:575,0
DA:576,0
DA:577,0
DA:578,0
DA:579,0
DA:580,0
DA:583,0
LF:269
LH:0
BRDA:15,0,0,0
BRDA:15,1,0,0
BRDA:16,2,0,0
BRDA:16,2,1,0
BRDA:18,3,0,0
BRDA:18,3,1,0
BRDA:29,4,0,0
BRDA:53,5,0,0
BRDA:53,5,1,0
BRDA:68,6,0,0
BRDA:68,6,1,0
BRDA:104,7,0,0
BRDA:104,7,1,0
BRDA:121,8,0,0
BRDA:121,8,1,0
BRDA:123,9,0,0
BRDA:123,9,1,0
BRDA:136,10,0,0
BRDA:136,10,1,0
BRDA:140,11,0,0
BRDA:140,11,1,0
BRDA:145,12,0,0
BRDA:145,12,1,0
BRDA:177,13,0,0
BRDA:177,13,1,0
BRDA:183,14,0,0
BRDA:183,14,1,0
BRDA:205,15,0,0
BRDA:205,15,1,0
BRDA:219,16,0,0
BRDA:219,16,1,0
BRDA:233,17,0,0
BRDA:233,17,1,0
BRDA:235,18,0,0
BRDA:235,18,1,0
BRDA:247,19,0,0
BRDA:247,19,1,0
BRDA:247,20,0,0
BRDA:247,20,1,0
BRDA:248,21,0,0
BRDA:248,21,1,0
BRDA:248,22,0,0
BRDA:248,22,1,0
BRDA:286,23,0,0
BRDA:286,23,1,0
BRDA:288,24,0,0
BRDA:288,24,1,0
BRDA:315,25,0,0
BRDA:315,25,1,0
BRDA:336,26,0,0
BRDA:336,26,1,0
BRDA:352,27,0,0
BRDA:352,27,1,0
BRDA:375,28,0,0
BRDA:375,28,1,0
BRDA:375,29,0,0
BRDA:375,29,1,0
BRDA:393,30,0,0
BRDA:393,30,1,0
BRDA:401,31,0,0
BRDA:401,31,1,0
BRDA:408,32,0,0
BRDA:408,32,1,0
BRDA:421,33,0,0
BRDA:421,33,1,0
BRDA:429,34,0,0
BRDA:429,34,1,0
BRDA:430,35,0,0
BRDA:430,35,1,0
BRDA:466,36,0,0
BRDA:466,36,1,0
BRDA:481,37,0,0
BRDA:486,38,0,0
BRDA:486,38,1,0
BRDA:497,39,0,0
BRDA:497,39,1,0
BRDA:497,40,0,0
BRDA:497,40,1,0
BRDA:514,41,0,0
BRDA:514,41,1,0
BRDA:531,42,0,0
BRDA:531,42,1,0
BRDA:534,43,0,0
BRDA:534,43,1,0
BRDA:534,44,0,0
BRDA:534,44,1,0
BRDA:556,45,0,0
BRDA:556,45,1,0
BRDA:562,46,0,0
BRDA:562,46,1,0
BRF:90
BRH:0
end_of_record
TN:
SF:lib/commands/github.js
FN:13,githubCommand
FN:30,setupGitHubSettings
FN:125,(anonymous_2)
FN:159,(anonymous_3)
FN:163,(anonymous_4)
FN:167,(anonymous_5)
FN:171,(anonymous_6)
FN:175,(anonymous_7)
FN:179,(anonymous_8)
FN:183,(anonymous_9)
FN:192,(anonymous_10)
FN:208,(anonymous_11)
FN:214,(anonymous_12)
FN:234,showGitHubStatus
FN:298,formatBoolean
FN:307,formatSettingName
FN:325,showHelp
FNF:17
FNH:0
FNDA:0,githubCommand
FNDA:0,setupGitHubSettings
FNDA:0,(anonymous_2)
FNDA:0,(anonymous_3)
FNDA:0,(anonymous_4)
FNDA:0,(anonymous_5)
FNDA:0,(anonymous_6)
FNDA:0,(anonymous_7)
FNDA:0,(anonymous_8)
FNDA:0,(anonymous_9)
FNDA:0,(anonymous_10)
FNDA:0,(anonymous_11)
FNDA:0,(anonymous_12)
FNDA:0,showGitHubStatus
FNDA:0,formatBoolean
FNDA:0,formatSettingName
FNDA:0,showHelp
DA:1,0
DA:2,0
DA:3,0
DA:4,0
DA:14,0
DA:16,0
DA:19,0
DA:22,0
DA:23,0
DA:31,0
DA:34,0
DA:35,0
DA:37,0
DA:38,0
DA:39,0
DA:44,0
DA:45,0
DA:46,0
DA:48,0
DA:49,0
DA:50,0
DA:53,0
DA:56,0
DA:59,0
DA:60,0
DA:64,0
DA:65,0
DA:67,0
DA:68,0
DA:69,0
DA:73,0
DA:74,0
DA:75,0
DA:76,0
DA:77,0
DA:78,0
DA:79,0
DA:80,0
DA:81,0
DA:84,0
DA:95,0
DA:96,0
DA:97,0
DA:98,0
DA:99,0
DA:100,0
DA:101,0
DA:102,0
DA:103,0
DA:106,0
DA:108,0
DA:109,0
DA:110,0
DA:118,0
DA:119,0
DA:120,0
DA:123,0
DA:125,0
DA:126,0
DA:127,0
DA:128,0
DA:129,0
DA:130,0
DA:134,0
DA:135,0
DA:144,0
DA:145,0
DA:146,0
DA:151,0
DA:152,0
DA:154,0
DA:156,0
DA:159,0
DA:160,0
DA:163,0
DA:164,0
DA:167,0
DA:168,0
DA:171,0
DA:172,0
DA:175,0
DA:176,0
DA:179,0
DA:180,0
DA:183,0
DA:184,0
DA:187,0
DA:188,0
DA:192,0
DA:193,0
DA:195,0
DA:196,0
DA:202,0
DA:205,0
DA:207,0
DA:208,0
DA:209,0
DA:212,0
DA:213,0
DA:214,0
DA:215,0
DA:217,0
DA:220,0
DA:223,0
DA:224,0
DA:225,0
DA:226,0
DA:227,0
DA:235,0
DA:238,0
DA:239,0
DA:241,0
DA:242,0
DA:247,0
DA:248,0
DA:249,0
DA:251,0
DA:252,0
DA:255,0
DA:256,0
DA:259,0
DA:261,0
DA:262,0
DA:266,0
DA:267,0
DA:269,0
DA:270,0
DA:271,0
DA:272,0
DA:273,0
DA:274,0
DA:275,0
DA:276,0
DA:277,0
DA:278,0
DA:279,0
DA:280,0
DA:281,0
DA:282,0
DA:283,0
DA:284,0
DA:286,0
DA:289,0
DA:290,0
DA:291,0
DA:299,0
DA:308,0
DA:319,0
DA:326,0
DA:327,0
DA:328,0
DA:330,0
DA:331,0
DA:332,0
DA:334,0
DA:335,0
DA:337,0
DA:338,0
DA:339,0
DA:340,0
DA:341,0
DA:342,0
DA:343,0
DA:345,0
DA:346,0
DA:347,0
DA:348,0
DA:351,0
LF:168
LH:0
BRDA:13,0,0,0
BRDA:14,1,0,0
BRDA:14,1,1,0
BRDA:14,1,2,0
BRDA:109,2,0,0
BRDA:109,2,1,0
BRDA:118,3,0,0
BRDA:118,3,1,0
BRDA:134,4,0,0
BRDA:134,4,1,0
BRDA:144,5,0,0
BRDA:144,5,1,0
BRDA:159,6,0,0
BRDA:159,6,1,0
BRDA:160,7,0,0
BRDA:160,7,1,0
BRDA:163,8,0,0
BRDA:163,8,1,0
BRDA:164,9,0,0
BRDA:164,9,1,0
BRDA:167,10,0,0
BRDA:167,10,1,0
BRDA:168,11,0,0
BRDA:168,11,1,0
BRDA:171,12,0,0
BRDA:171,12,1,0
BRDA:172,13,0,0
BRDA:172,13,1,0
BRDA:175,14,0,0
BRDA:175,14,1,0
BRDA:176,15,0,0
BRDA:176,15,1,0
BRDA:179,16,0,0
BRDA:179,16,1,0
BRDA:180,17,0,0
BRDA:180,17,1,0
BRDA:183,18,0,0
BRDA:183,18,1,0
BRDA:184,19,0,0
BRDA:184,19,1,0
BRDA:187,20,0,0
BRDA:187,20,1,0
BRDA:192,21,0,0
BRDA:192,21,1,0
BRDA:208,22,0,0
BRDA:208,22,1,0
BRDA:208,23,0,0
BRDA:208,23,1,0
BRDA:212,24,0,0
BRDA:212,24,1,0
BRDA:299,25,0,0
BRDA:299,25,1,0
BRDA:319,26,0,0
BRDA:319,26,1,0
BRF:54
BRH:0
end_of_record
TN:
SF:lib/commands/health.js
FN:8,healthCheckCommand
FN:64,(anonymous_1)
FN:65,(anonymous_2)
FN:99,(anonymous_3)
FN:170,(anonymous_4)
FN:196,(anonymous_5)
FN:201,(anonymous_6)
FN:276,(anonymous_7)
FN:277,(anonymous_8)
FN:284,(anonymous_9)
FN:294,(anonymous_10)
FNF:11
FNH:0
FNDA:0,healthCheckCommand
FNDA:0,(anonymous_1)
FNDA:0,(anonymous_2)
FNDA:0,(anonymous_3)
FNDA:0,(anonymous_4)
FNDA:0,(anonymous_5)
FNDA:0,(anonymous_6)
FNDA:0,(anonymous_7)
FNDA:0,(anonymous_8)
FNDA:0,(anonymous_9)
FNDA:0,(anonymous_10)
DA:1,0
DA:2,0
DA:3,0
DA:4,0
DA:5,0
DA:6,0
DA:9,0
DA:11,0
DA:12,0
DA:13,0
DA:16,0
DA:17,0
DA:18,0
DA:19,0
DA:21,0
DA:22,0
DA:23,0
DA:24,0
DA:26,0
DA:29,0
DA:33,0
DA:34,0
DA:35,0
DA:36,0
DA:38,0
DA:39,0
DA:40,0
DA:41,0
DA:43,0
DA:46,0
DA:50,0
DA:51,0
DA:52,0
DA:53,0
DA:54,0
DA:56,0
DA:57,0
DA:62,0
DA:63,0
DA:64,0
DA:65,0
DA:67,0
DA:68,0
DA:75,0
DA:77,0
DA:87,0
DA:96,0
DA:97,0
DA:98,0
DA:99,0
DA:101,0
DA:102,0
DA:103,0
DA:104,0
DA:105,0
DA:106,0
DA:109,0
DA:113,0
DA:119,0
DA:120,0
DA:121,0
DA:122,0
DA:123,0
DA:124,0
DA:125,0
DA:129,0
DA:130,0
DA:134,0
DA:135,0
DA:136,0
DA:138,0
DA:141,0
DA:142,0
DA:143,0
DA:145,0
DA:148,0
DA:153,0
DA:154,0
DA:155,0
DA:156,0
DA:157,0
DA:158,0
DA:159,0
DA:163,0
DA:164,0
DA:168,0
DA:169,0
DA:170,0
DA:172,0
DA:173,0
DA:174,0
DA:177,0
DA:181,0
DA:182,0
DA:183,0
DA:190,0
DA:194,0
DA:196,0
DA:198,0
DA:199,0
DA:201,0
DA:203,0
DA:206,0
DA:208,0
DA:209,0
DA:210,0
DA:212,0
DA:213,0
DA:214,0
DA:216,0
DA:217,0
DA:218,0
DA:220,0
DA:221,0
DA:222,0
DA:225,0
DA:227,0
DA:228,0
DA:231,0
DA:232,0
DA:235,0
DA:237,0
DA:238,0
DA:244,0
DA:246,0
DA:249,0
DA:250,0
DA:251,0
DA:252,0
DA:253,0
DA:254,0
DA:255,0
DA:256,0
DA:257,0
DA:258,0
DA:259,0
DA:260,0
DA:261,0
DA:262,0
DA:263,0
DA:264,0
DA:266,0
DA:267,0
DA:268,0
DA:271,0
DA:272,0
DA:273,0
DA:276,0
DA:277,0
DA:279,0
DA:280,0
DA:282,0
DA:283,0
DA:284,0
DA:285,0
DA:286,0
DA:289,0
DA:292,0
DA:293,0
DA:294,0
DA:295,0
DA:296,0
DA:299,0
DA:303,0
DA:306,0
LF:165
LH:0
BRDA:52,0,0,0
BRDA:52,0,1,0
BRDA:64,1,0,0
BRDA:64,1,1,0
BRDA:67,2,0,0
BRDA:67,2,1,0
BRDA:97,3,0,0
BRDA:97,3,1,0
BRDA:101,4,0,0
BRDA:101,4,1,0
BRDA:104,5,0,0
BRDA:104,5,1,0
BRDA:121,6,0,0
BRDA:121,6,1,0
BRDA:129,7,0,0
BRDA:129,7,1,0
BRDA:134,8,0,0
BRDA:134,8,1,0
BRDA:141,9,0,0
BRDA:141,9,1,0
BRDA:155,10,0,0
BRDA:155,10,1,0
BRDA:163,11,0,0
BRDA:163,11,1,0
BRDA:168,12,0,0
BRDA:168,12,1,0
BRDA:170,13,0,0
BRDA:170,13,1,0
BRDA:172,14,0,0
BRDA:172,14,1,0
BRDA:182,15,0,0
BRDA:182,15,1,0
BRDA:206,16,0,0
BRDA:206,16,1,0
BRDA:206,16,2,0
BRDA:206,16,3,0
BRDA:227,17,0,0
BRDA:227,17,1,0
BRDA:231,18,0,0
BRDA:231,18,1,0
BRDA:231,19,0,0
BRDA:231,19,1,0
BRDA:237,20,0,0
BRDA:237,20,1,0
BRDA:249,21,0,0
BRDA:249,21,1,0
BRDA:253,22,0,0
BRDA:253,22,1,0
BRDA:257,23,0,0
BRDA:257,23,1,0
BRDA:261,24,0,0
BRDA:261,24,1,0
BRDA:279,25,0,0
BRDA:279,25,1,0
BRDA:279,26,0,0
BRDA:279,26,1,0
BRDA:282,27,0,0
BRDA:282,27,1,0
BRDA:285,28,0,0
BRDA:285,28,1,0
BRDA:292,29,0,0
BRDA:292,29,1,0
BRDA:292,30,0,0
BRDA:292,30,1,0
BRDA:295,31,0,0
BRDA:295,31,1,0
BRF:66
BRH:0
end_of_record
TN:
SF:lib/commands/hunt.js
FN:23,(anonymous_0)
FN:41,(anonymous_1)
FN:106,(anonymous_2)
FN:129,(anonymous_3)
FN:157,(anonymous_4)
FN:169,(anonymous_5)
FN:170,(anonymous_6)
FN:174,(anonymous_7)
FN:184,(anonymous_8)
FN:198,(anonymous_9)
FN:255,(anonymous_10)
FN:290,(anonymous_11)
FN:313,(anonymous_12)
FN:337,(anonymous_13)
FN:340,(anonymous_14)
FN:358,(anonymous_15)
FN:397,(anonymous_16)
FN:419,(anonymous_17)
FN:447,(anonymous_18)
FN:484,(anonymous_19)
FN:514,(anonymous_20)
FN:546,(anonymous_21)
FN:557,(anonymous_22)
FNF:23
FNH:0
FNDA:0,(anonymous_0)
FNDA:0,(anonymous_1)
FNDA:0,(anonymous_2)
FNDA:0,(anonymous_3)
FNDA:0,(anonymous_4)
FNDA:0,(anonymous_5)
FNDA:0,(anonymous_6)
FNDA:0,(anonymous_7)
FNDA:0,(anonymous_8)
FNDA:0,(anonymous_9)
FNDA:0,(anonymous_10)
FNDA:0,(anonymous_11)
FNDA:0,(anonymous_12)
FNDA:0,(anonymous_13)
FNDA:0,(anonymous_14)
FNDA:0,(anonymous_15)
FNDA:0,(anonymous_16)
FNDA:0,(anonymous_17)
FNDA:0,(anonymous_18)
FNDA:0,(anonymous_19)
FNDA:0,(anonymous_20)
FNDA:0,(anonymous_21)
FNDA:0,(anonymous_22)
DA:6,0
DA:7,0
DA:8,0
DA:9,0
DA:10,0
DA:11,0
DA:12,0
DA:13,0
DA:14,0
DA:24,0
DA:26,0
DA:27,0
DA:28,0
DA:30,0
DA:31,0
DA:32,0
DA:36,0
DA:41,0
DA:58,0
DA:59,0
DA:61,0
DA:63,0
DA:64,0
DA:67,0
DA:68,0
DA:69,0
DA:70,0
DA:71,0
DA:77,0
DA:78,0
DA:81,0
DA:86,0
DA:89,0
DA:90,0
DA:91,0
DA:92,0
DA:93,0
DA:94,0
DA:96,0
DA:98,0
DA:99,0
DA:107,0
DA:108,0
DA:109,0
DA:111,0
DA:112,0
DA:113,0
DA:116,0
DA:118,0
DA:120,0
DA:122,0
DA:123,0
DA:124,0
DA:127,0
DA:129,0
DA:130,0
DA:133,0
DA:134,0
DA:135,0
DA:139,0
DA:141,0
DA:142,0
DA:143,0
DA:146,0
DA:149,0
DA:150,0
DA:158,0
DA:159,0
DA:160,0
DA:162,0
DA:163,0
DA:164,0
DA:167,0
DA:169,0
DA:170,0
DA:172,0
DA:173,0
DA:174,0
DA:175,0
DA:179,0
DA:182,0
DA:183,0
DA:184,0
DA:185,0
DA:187,0
DA:190,0
DA:191,0
DA:199,0
DA:200,0
DA:201,0
DA:203,0
DA:204,0
DA:205,0
DA:208,0
DA:209,0
DA:211,0
DA:212,0
DA:213,0
DA:217,0
DA:218,0
DA:219,0
DA:220,0
DA:223,0
DA:224,0
DA:227,0
DA:230,0
DA:231,0
DA:234,0
DA:235,0
DA:239,0
DA:241,0
DA:242,0
DA:243,0
DA:245,0
DA:247,0
DA:248,0
DA:256,0
DA:257,0
DA:258,0
DA:259,0
DA:260,0
DA:262,0
DA:263,0
DA:264,0
DA:268,0
DA:269,0
DA:272,0
DA:273,0
DA:276,0
DA:278,0
DA:279,0
DA:280,0
DA:282,0
DA:283,0
DA:291,0
DA:292,0
DA:294,0
DA:295,0
DA:296,0
DA:299,0
DA:300,0
DA:302,0
DA:303,0
DA:305,0
DA:306,0
DA:314,0
DA:315,0
DA:317,0
DA:318,0
DA:319,0
DA:321,0
DA:322,0
DA:323,0
DA:324,0
DA:325,0
DA:326,0
DA:329,0
DA:330,0
DA:333,0
DA:336,0
DA:337,0
DA:338,0
DA:339,0
DA:340,0
DA:342,0
DA:343,0
DA:344,0
DA:345,0
DA:347,0
DA:351,0
DA:359,0
DA:360,0
DA:361,0
DA:364,0
DA:365,0
DA:366,0
DA:368,0
DA:370,0
DA:378,0
DA:379,0
DA:380,0
DA:387,0
DA:389,0
DA:398,0
DA:399,0
DA:400,0
DA:403,0
DA:404,0
DA:405,0
DA:407,0
DA:410,0
DA:411,0
DA:418,0
DA:419,0
DA:420,0
DA:421,0
DA:430,0
DA:436,0
DA:438,0
DA:439,0
DA:448,0
DA:449,0
DA:450,0
DA:453,0
DA:454,0
DA:455,0
DA:457,0
DA:460,0
DA:467,0
DA:473,0
DA:475,0
DA:476,0
DA:485,0
DA:486,0
DA:487,0
DA:490,0
DA:491,0
DA:492,0
DA:494,0
DA:503,0
DA:505,0
DA:506,0
DA:515,0
DA:516,0
DA:517,0
DA:520,0
DA:521,0
DA:522,0
DA:524,0
DA:535,0
DA:537,0
DA:538,0
DA:547,0
DA:548,0
DA:549,0
DA:552,0
DA:553,0
DA:554,0
DA:556,0
DA:557,0
DA:559,0
DA:574,0
DA:576,0
DA:577,0
DA:582,0
LF:245
LH:0
BRDA:23,0,0,0
BRDA:30,1,0,0
BRDA:30,1,1,0
BRDA:41,2,0,0
BRDA:41,2,1,0
BRDA:67,3,0,0
BRDA:67,3,1,0
BRDA:67,4,0,0
BRDA:67,4,1,0
BRDA:70,5,0,0
BRDA:70,5,1,0
BRDA:106,6,0,0
BRDA:111,7,0,0
BRDA:111,7,1,0
BRDA:118,8,0,0
BRDA:118,8,1,0
BRDA:122,9,0,0
BRDA:122,9,1,0
BRDA:141,10,0,0
BRDA:141,10,1,0
BRDA:157,11,0,0
BRDA:160,12,0,0
BRDA:160,12,1,0
BRDA:162,13,0,0
BRDA:162,13,1,0
BRDA:172,14,0,0
BRDA:172,14,1,0
BRDA:182,15,0,0
BRDA:182,15,1,0
BRDA:198,16,0,0
BRDA:203,17,0,0
BRDA:203,17,1,0
BRDA:211,18,0,0
BRDA:211,18,1,0
BRDA:218,19,0,0
BRDA:218,19,1,0
BRDA:218,20,0,0
BRDA:218,20,1,0
BRDA:234,21,0,0
BRDA:234,21,1,0
BRDA:234,22,0,0
BRDA:234,22,1,0
BRDA:255,23,0,0
BRDA:262,24,0,0
BRDA:262,24,1,0
BRDA:268,25,0,0
BRDA:268,25,1,0
BRDA:268,26,0,0
BRDA:268,26,1,0
BRDA:290,27,0,0
BRDA:294,28,0,0
BRDA:294,28,1,0
BRDA:294,29,0,0
BRDA:294,29,1,0
BRDA:329,30,0,0
BRDA:329,30,1,0
BRDA:342,31,0,0
BRDA:342,31,1,0
BRDA:344,32,0,0
BRDA:344,32,1,0
BRDA:360,33,0,0
BRDA:360,33,1,0
BRDA:378,34,0,0
BRDA:378,34,1,0
BRDA:378,35,0,0
BRDA:378,35,1,0
BRDA:399,36,0,0
BRDA:399,36,1,0
BRDA:399,37,0,0
BRDA:399,37,1,0
BRDA:418,38,0,0
BRDA:418,38,1,0
BRDA:420,39,0,0
BRDA:420,39,1,0
BRDA:449,40,0,0
BRDA:449,40,1,0
BRDA:449,41,0,0
BRDA:449,41,1,0
BRDA:486,42,0,0
BRDA:486,42,1,0
BRDA:486,43,0,0
BRDA:486,43,1,0
BRDA:486,43,2,0
BRDA:495,44,0,0
BRDA:495,44,1,0
BRDA:496,45,0,0
BRDA:496,45,1,0
BRDA:497,46,0,0
BRDA:497,46,1,0
BRDA:498,47,0,0
BRDA:498,47,1,0
BRDA:499,48,0,0
BRDA:499,48,1,0
BRDA:500,49,0,0
BRDA:500,49,1,0
BRDA:516,50,0,0
BRDA:516,50,1,0
BRDA:516,51,0,0
BRDA:516,51,1,0
BRDA:516,51,2,0
BRDA:526,52,0,0
BRDA:526,52,1,0
BRDA:548,53,0,0
BRDA:548,53,1,0
BRDA:548,54,0,0
BRDA:548,54,1,0
BRDA:548,54,2,0
BRDA:556,55,0,0
BRDA:556,55,1,0
BRDA:557,56,0,0
BRDA:557,56,1,0
BRDA:561,57,0,0
BRDA:561,57,1,0
BRF:113
BRH:0
end_of_record
TN:
SF:lib/commands/init.js
FN:9,initCommand
FN:159,(anonymous_1)
FN:174,(anonymous_2)
FN:465,(anonymous_3)
FN:482,(anonymous_4)
FN:565,(anonymous_5)
FN:569,(anonymous_6)
FN:573,(anonymous_7)
FN:604,(anonymous_8)
FN:605,(anonymous_9)
FN:611,(anonymous_10)
FN:616,(anonymous_11)
FN:625,(anonymous_12)
FN:780,(anonymous_13)
FNF:14
FNH:0
FNDA:0,initCommand
FNDA:0,(anonymous_1)
FNDA:0,(anonymous_2)
FNDA:0,(anonymous_3)
FNDA:0,(anonymous_4)
FNDA:0,(anonymous_5)
FNDA:0,(anonymous_6)
FNDA:0,(anonymous_7)
FNDA:0,(anonymous_8)
FNDA:0,(anonymous_9)
FNDA:0,(anonymous_10)
FNDA:0,(anonymous_11)
FNDA:0,(anonymous_12)
FNDA:0,(anonymous_13)
DA:1,0
DA:2,0
DA:3,0
DA:4,0
DA:5,0
DA:6,0
DA:7,0
DA:11,0
DA:13,0
DA:15,0
DA:16,0
DA:20,0
DA:22,0
DA:23,0
DA:24,0
DA:25,0
DA:27,0
DA:28,0
DA:29,0
DA:30,0
DA:34,0
DA:35,0
DA:37,0
DA:38,0
DA:39,0
DA:40,0
DA:42,0
DA:44,0
DA:45,0
DA:46,0
DA:47,0
DA:49,0
DA:50,0
DA:52,0
DA:61,0
DA:62,0
DA:63,0
DA:64,0
DA:65,0
DA:66,0
DA:68,0
DA:69,0
DA:72,0
DA:73,0
DA:74,0
DA:81,0
DA:82,0
DA:84,0
DA:85,0
DA:88,0
DA:90,0
DA:91,0
DA:93,0
DA:94,0
DA:95,0
DA:98,0
DA:101,0
DA:104,0
DA:105,0
DA:106,0
DA:107,0
DA:108,0
DA:109,0
DA:112,0
DA:113,0
DA:114,0
DA:115,0
DA:116,0
DA:120,0
DA:122,0
DA:123,0
DA:132,0
DA:133,0
DA:146,0
DA:147,0
DA:148,0
DA:153,0
DA:154,0
DA:160,0
DA:161,0
DA:162,0
DA:166,0
DA:167,0
DA:168,0
DA:175,0
DA:176,0
DA:186,0
DA:187,0
DA:188,0
DA:192,0
DA:193,0
DA:194,0
DA:195,0
DA:196,0
DA:198,0
DA:200,0
DA:201,0
DA:202,0
DA:204,0
DA:213,0
DA:214,0
DA:215,0
DA:219,0
DA:220,0
DA:221,0
DA:222,0
DA:223,0
DA:224,0
DA:225,0
DA:228,0
DA:254,0
DA:257,0
DA:326,0
DA:328,0
DA:330,0
DA:331,0
DA:335,0
DA:336,0
DA:337,0
DA:340,0
DA:341,0
DA:344,0
DA:345,0
DA:346,0
DA:349,0
DA:351,0
DA:352,0
DA:356,0
DA:365,0
DA:366,0
DA:367,0
DA:368,0
DA:370,0
DA:371,0
DA:372,0
DA:373,0
DA:374,0
DA:375,0
DA:376,0
DA:378,0
DA:381,0
DA:382,0
DA:387,0
DA:388,0
DA:389,0
DA:390,0
DA:391,0
DA:393,0
DA:394,0
DA:399,0
DA:400,0
DA:401,0
DA:402,0
DA:403,0
DA:406,0
DA:414,0
DA:417,0
DA:425,0
DA:427,0
DA:429,0
DA:430,0
DA:435,0
DA:437,0
DA:438,0
DA:439,0
DA:441,0
DA:466,0
DA:467,0
DA:469,0
DA:474,0
DA:476,0
DA:477,0
DA:483,0
DA:489,0
DA:494,0
DA:496,0
DA:500,0
DA:501,0
DA:505,0
DA:506,0
DA:507,0
DA:508,0
DA:509,0
DA:510,0
DA:512,0
DA:513,0
DA:514,0
DA:517,0
DA:520,0
DA:522,0
DA:523,0
DA:524,0
DA:525,0
DA:527,0
DA:563,0
DA:564,0
DA:565,0
DA:566,0
DA:569,0
DA:570,0
DA:571,0
DA:573,0
DA:574,0
DA:578,0
DA:579,0
DA:580,0
DA:581,0
DA:582,0
DA:583,0
DA:584,0
DA:588,0
DA:595,0
DA:598,0
DA:599,0
DA:600,0
DA:604,0
DA:605,0
DA:607,0
DA:608,0
DA:611,0
DA:612,0
DA:613,0
DA:616,0
DA:617,0
DA:618,0
DA:619,0
DA:620,0
DA:624,0
DA:625,0
DA:626,0
DA:627,0
DA:633,0
DA:634,0
DA:641,0
DA:642,0
DA:644,0
DA:645,0
DA:646,0
DA:650,0
DA:651,0
DA:654,0
DA:655,0
DA:656,0
DA:657,0
DA:658,0
DA:659,0
DA:660,0
DA:664,0
DA:665,0
DA:666,0
DA:667,0
DA:668,0
DA:669,0
DA:672,0
DA:673,0
DA:674,0
DA:679,0
DA:680,0
DA:681,0
DA:682,0
DA:683,0
DA:686,0
DA:687,0
DA:688,0
DA:691,0
DA:694,0
DA:695,0
DA:696,0
DA:697,0
DA:700,0
DA:709,0
DA:710,0
DA:714,0
DA:722,0
DA:723,0
DA:725,0
DA:728,0
DA:729,0
DA:731,0
DA:732,0
DA:733,0
DA:734,0
DA:735,0
DA:736,0
DA:740,0
DA:742,0
DA:747,0
DA:748,0
DA:749,0
DA:750,0
DA:754,0
DA:755,0
DA:757,0
DA:761,0
DA:762,0
DA:763,0
DA:764,0
DA:765,0
DA:766,0
DA:767,0
DA:769,0
DA:770,0
DA:773,0
DA:774,0
DA:780,0
DA:781,0
DA:782,0
DA:783,0
DA:787,0
DA:788,0
DA:789,0
DA:790,0
DA:792,0
DA:794,0
DA:795,0
DA:796,0
DA:797,0
DA:798,0
DA:800,0
DA:801,0
DA:802,0
DA:803,0
DA:805,0
DA:806,0
DA:807,0
DA:808,0
DA:809,0
DA:810,0
DA:811,0
DA:812,0
DA:813,0
DA:814,0
DA:815,0
DA:816,0
DA:817,0
DA:819,0
DA:822,0
DA:823,0
DA:825,0
DA:834,0
DA:835,0
DA:836,0
DA:837,0
DA:839,0
DA:840,0
DA:845,0
LF:346
LH:0
BRDA:11,0,0,0
BRDA:11,0,1,0
BRDA:15,1,0,0
BRDA:15,1,1,0
BRDA:44,2,0,0
BRDA:44,2,1,0
BRDA:61,3,0,0
BRDA:61,3,1,0
BRDA:91,4,0,0
BRDA:91,4,1,0
BRDA:104,5,0,0
BRDA:104,5,1,0
BRDA:115,6,0,0
BRDA:115,6,1,0
BRDA:122,7,0,0
BRDA:122,7,1,0
BRDA:122,8,0,0
BRDA:122,8,1,0
BRDA:132,9,0,0
BRDA:132,9,1,0
BRDA:132,10,0,0
BRDA:132,10,1,0
BRDA:146,11,0,0
BRDA:146,11,1,0
BRDA:153,12,0,0
BRDA:153,12,1,0
BRDA:160,13,0,0
BRDA:160,13,1,0
BRDA:160,14,0,0
BRDA:160,14,1,0
BRDA:161,15,0,0
BRDA:161,15,1,0
BRDA:167,16,0,0
BRDA:167,16,1,0
BRDA:175,17,0,0
BRDA:175,17,1,0
BRDA:175,18,0,0
BRDA:175,18,1,0
BRDA:193,19,0,0
BRDA:193,19,1,0
BRDA:194,20,0,0
BRDA:194,20,1,0
BRDA:196,21,0,0
BRDA:196,21,1,0
BRDA:198,22,0,0
BRDA:198,22,1,0
BRDA:200,23,0,0
BRDA:200,23,1,0
BRDA:201,24,0,0
BRDA:201,24,1,0
BRDA:213,25,0,0
BRDA:213,25,1,0
BRDA:345,26,0,0
BRDA:345,26,1,0
BRDA:365,27,0,0
BRDA:365,27,1,0
BRDA:371,28,0,0
BRDA:371,28,1,0
BRDA:387,29,0,0
BRDA:387,29,1,0
BRDA:399,30,0,0
BRDA:399,30,1,0
BRDA:437,31,0,0
BRDA:437,31,1,0
BRDA:466,32,0,0
BRDA:466,32,1,0
BRDA:476,33,0,0
BRDA:476,33,1,0
BRDA:505,34,0,0
BRDA:505,34,1,0
BRDA:514,35,0,0
BRDA:514,35,1,0
BRDA:522,36,0,0
BRDA:522,36,1,0
BRDA:570,37,0,0
BRDA:570,37,1,0
BRDA:591,38,0,0
BRDA:591,38,1,0
BRDA:599,39,0,0
BRDA:599,39,1,0
BRDA:607,40,0,0
BRDA:607,40,1,0
BRDA:608,41,0,0
BRDA:608,41,1,0
BRDA:612,42,0,0
BRDA:612,42,1,0
BRDA:617,43,0,0
BRDA:617,43,1,0
BRDA:619,44,0,0
BRDA:619,44,1,0
BRDA:626,45,0,0
BRDA:626,45,1,0
BRDA:644,46,0,0
BRDA:644,46,1,0
BRDA:650,47,0,0
BRDA:650,47,1,0
BRDA:654,48,0,0
BRDA:654,48,1,0
BRDA:656,49,0,0
BRDA:656,49,1,0
BRDA:679,50,0,0
BRDA:679,50,1,0
BRDA:679,51,0,0
BRDA:679,51,1,0
BRDA:682,52,0,0
BRDA:682,52,1,0
BRDA:683,53,0,0
BRDA:683,53,1,0
BRDA:687,54,0,0
BRDA:687,54,1,0
BRDA:695,55,0,0
BRDA:695,55,1,0
BRDA:723,56,0,0
BRDA:723,56,1,0
BRDA:731,57,0,0
BRDA:731,57,1,0
BRDA:735,58,0,0
BRDA:735,58,1,0
BRDA:750,59,0,0
BRDA:750,59,1,0
BRDA:766,60,0,0
BRDA:766,60,1,0
BRDA:773,61,0,0
BRDA:773,61,1,0
BRDA:782,62,0,0
BRDA:782,62,1,0
BRDA:787,63,0,0
BRDA:787,63,1,0
BRDA:789,64,0,0
BRDA:789,64,1,0
BRDA:822,65,0,0
BRDA:822,65,1,0
BRDA:822,66,0,0
BRDA:822,66,1,0
BRDA:834,67,0,0
BRDA:834,67,1,0
BRF:136
BRH:0
end_of_record
TN:
SF:lib/commands/issue-old.js
FN:49,issueCommand
FN:72,(anonymous_1)
FN:89,(anonymous_2)
FN:185,getTemplateContent
FN:388,buildIssueBody
FNF:5
FNH:0
FNDA:0,issueCommand
FNDA:0,(anonymous_1)
FNDA:0,(anonymous_2)
FNDA:0,getTemplateContent
FNDA:0,buildIssueBody
DA:1,0
DA:2,0
DA:3,0
DA:4,0
DA:6,0
DA:50,0
DA:53,0
DA:54,0
DA:56,0
DA:57,0
DA:58,0
DA:61,0
DA:64,0
DA:66,0
DA:67,0
DA:72,0
DA:78,0
DA:81,0
DA:84,0
DA:89,0
DA:131,0
DA:135,0
DA:138,0
DA:140,0
DA:142,0
DA:143,0
DA:144,0
DA:148,0
DA:150,0
DA:151,0
DA:154,0
DA:155,0
DA:157,0
DA:160,0
DA:161,0
DA:162,0
DA:165,0
DA:167,0
DA:172,0
DA:173,0
DA:174,0
DA:175,0
DA:176,0
DA:179,0
DA:180,0
DA:181,0
DA:187,0
DA:385,0
DA:390,0
DA:393,0
LF:50
LH:0
BRDA:64,0,0,0
BRDA:64,0,1,0
BRDA:66,1,0,0
BRDA:66,1,1,0
BRDA:89,2,0,0
BRDA:89,2,1,0
BRDA:142,3,0,0
BRDA:142,3,1,0
BRDA:143,4,0,0
BRDA:143,4,1,0
BRDA:143,5,0,0
BRDA:143,5,1,0
BRDA:150,6,0,0
BRDA:150,6,1,0
BRDA:160,7,0,0
BRDA:160,7,1,0
BRDA:385,8,0,0
BRDA:385,8,1,0
BRF:18
BRH:0
end_of_record
TN:
SF:lib/commands/issue.js
FN:52,issueCommand
FN:75,(anonymous_1)
FN:90,(anonymous_2)
FN:97,(anonymous_3)
FN:186,addToProjectAndSetFields
FN:232,setProjectFields
FN:287,getTemplateContent
FN:384,buildIssueBody
FN:411,showNextSteps
FNF:9
FNH:0
FNDA:0,issueCommand
FNDA:0,(anonymous_1)
FNDA:0,(anonymous_2)
FNDA:0,(anonymous_3)
FNDA:0,addToProjectAndSetFields
FNDA:0,setProjectFields
FNDA:0,getTemplateContent
FNDA:0,buildIssueBody
FNDA:0,showNextSteps
DA:1,0
DA:2,0
DA:3,0
DA:4,0
DA:7,0
DA:10,0
DA:34,0
DA:42,0
DA:53,0
DA:56,0
DA:57,0
DA:59,0
DA:60,0
DA:61,0
DA:64,0
DA:67,0
DA:69,0
DA:70,0
DA:75,0
DA:81,0
DA:85,0
DA:90,0
DA:97,0
DA:130,0
DA:134,0
DA:137,0
DA:139,0
DA:141,0
DA:146,0
DA:147,0
DA:148,0
DA:149,0
DA:152,0
DA:155,0
DA:156,0
DA:160,0
DA:161,0
DA:164,0
DA:165,0
DA:168,0
DA:170,0
DA:171,0
DA:174,0
DA:177,0
DA:180,0
DA:181,0
DA:182,0
DA:187,0
DA:189,0
DA:191,0
DA:192,0
DA:196,0
DA:198,0
DA:199,0
DA:200,0
DA:204,0
DA:219,0
DA:222,0
DA:224,0
DA:227,0
DA:228,0
DA:237,0
DA:239,0
DA:240,0
DA:254,0
DA:255,0
DA:270,0
DA:288,0
DA:381,0
DA:386,0
DA:389,0
DA:390,0
DA:394,0
DA:395,0
DA:399,0
DA:400,0
DA:401,0
DA:404,0
DA:405,0
DA:408,0
DA:412,0
DA:413,0
DA:414,0
DA:415,0
DA:416,0
DA:418,0
DA:421,0
LF:87
LH:0
BRDA:67,0,0,0
BRDA:67,0,1,0
BRDA:69,1,0,0
BRDA:69,1,1,0
BRDA:90,2,0,0
BRDA:90,2,1,0
BRDA:141,3,0,0
BRDA:141,3,1,0
BRDA:143,4,0,0
BRDA:143,4,1,0
BRDA:155,5,0,0
BRDA:155,5,1,0
BRDA:160,6,0,0
BRDA:160,6,1,0
BRDA:165,7,0,0
BRDA:165,7,1,0
BRDA:196,8,0,0
BRDA:196,8,1,0
BRDA:198,9,0,0
BRDA:198,9,1,0
BRDA:239,10,0,0
BRDA:239,10,1,0
BRDA:254,11,0,0
BRDA:254,11,1,0
BRDA:381,12,0,0
BRDA:381,12,1,0
BRDA:389,13,0,0
BRDA:389,13,1,0
BRDA:394,14,0,0
BRDA:394,14,1,0
BRDA:399,15,0,0
BRDA:399,15,1,0
BRDA:399,16,0,0
BRDA:399,16,1,0
BRDA:400,17,0,0
BRDA:400,17,1,0
BRF:36
BRH:0
end_of_record
TN:
SF:lib/commands/labels.js
FN:30,labelsCommand
FNF:1
FNH:0
FNDA:0,labelsCommand
DA:1,0
DA:2,0
DA:3,0
DA:5,0
DA:31,0
DA:33,0
DA:35,0
DA:36,0
DA:37,0
DA:39,0
DA:40,0
DA:41,0
DA:45,0
DA:47,0
DA:48,0
DA:50,0
DA:55,0
DA:58,0
DA:59,0
DA:60,0
DA:62,0
DA:63,0
DA:64,0
DA:65,0
DA:66,0
DA:72,0
DA:75,0
DA:76,0
DA:79,0
LF:29
LH:0
BRDA:47,0,0,0
BRDA:47,0,1,0
BRDA:58,1,0,0
BRDA:58,1,1,0
BRF:4
BRH:0
end_of_record
TN:
SF:lib/commands/model.js
FN:12,modelCommand
FN:49,listModels
FN:66,(anonymous_2)
FN:91,showStatus
FN:123,(anonymous_4)
FN:133,(anonymous_5)
FN:140,(anonymous_6)
FN:151,enableModelSelection
FN:171,disableModelSelection
FN:200,manageBudget
FN:245,showUsage
FN:268,(anonymous_11)
FN:277,(anonymous_12)
FN:289,resetUsage
FN:319,testSelection
FN:359,showHelp
FNF:16
FNH:0
FNDA:0,modelCommand
FNDA:0,listModels
FNDA:0,(anonymous_2)
FNDA:0,showStatus
FNDA:0,(anonymous_4)
FNDA:0,(anonymous_5)
FNDA:0,(anonymous_6)
FNDA:0,enableModelSelection
FNDA:0,disableModelSelection
FNDA:0,manageBudget
FNDA:0,showUsage
FNDA:0,(anonymous_11)
FNDA:0,(anonymous_12)
FNDA:0,resetUsage
FNDA:0,testSelection
FNDA:0,showHelp
DA:6,0
DA:7,0
DA:8,0
DA:9,0
DA:10,0
DA:13,0
DA:15,0
DA:17,0
DA:18,0
DA:20,0
DA:21,0
DA:23,0
DA:24,0
DA:26,0
DA:27,0
DA:29,0
DA:30,0
DA:32,0
DA:33,0
DA:35,0
DA:36,0
DA:38,0
DA:39,0
DA:41,0
DA:42,0
DA:50,0
DA:53,0
DA:54,0
DA:55,0
DA:56,0
DA:57,0
DA:58,0
DA:63,0
DA:64,0
DA:66,0
DA:67,0
DA:68,0
DA:74,0
DA:75,0
DA:76,0
DA:77,0
DA:78,0
DA:79,0
DA:82,0
DA:83,0
DA:84,0
DA:85,0
DA:92,0
DA:94,0
DA:95,0
DA:96,0
DA:97,0
DA:100,0
DA:101,0
DA:102,0
DA:105,0
DA:106,0
DA:107,0
DA:108,0
DA:111,0
DA:113,0
DA:114,0
DA:115,0
DA:117,0
DA:118,0
DA:119,0
DA:122,0
DA:123,0
DA:124,0
DA:125,0
DA:126,0
DA:127,0
DA:131,0
DA:132,0
DA:133,0
DA:134,0
DA:138,0
DA:139,0
DA:140,0
DA:141,0
DA:145,0
DA:152,0
DA:154,0
DA:155,0
DA:156,0
DA:158,0
DA:159,0
DA:160,0
DA:161,0
DA:163,0
DA:164,0
DA:172,0
DA:181,0
DA:182,0
DA:183,0
DA:186,0
DA:188,0
DA:189,0
DA:190,0
DA:192,0
DA:193,0
DA:201,0
DA:203,0
DA:204,0
DA:205,0
DA:206,0
DA:207,0
DA:209,0
DA:210,0
DA:211,0
DA:212,0
DA:213,0
DA:217,0
DA:218,0
DA:220,0
DA:221,0
DA:222,0
DA:225,0
DA:226,0
DA:227,0
DA:228,0
DA:231,0
DA:233,0
DA:234,0
DA:235,0
DA:237,0
DA:238,0
DA:246,0
DA:248,0
DA:249,0
DA:252,0
DA:253,0
DA:254,0
DA:255,0
DA:256,0
DA:259,0
DA:260,0
DA:261,0
DA:262,0
DA:263,0
DA:266,0
DA:267,0
DA:268,0
DA:269,0
DA:271,0
DA:275,0
DA:276,0
DA:277,0
DA:278,0
DA:280,0
DA:283,0
DA:290,0
DA:299,0
DA:300,0
DA:301,0
DA:304,0
DA:306,0
DA:307,0
DA:308,0
DA:309,0
DA:311,0
DA:312,0
DA:320,0
DA:322,0
DA:323,0
DA:325,0
DA:326,0
DA:329,0
DA:330,0
DA:331,0
DA:332,0
DA:333,0
DA:334,0
DA:339,0
DA:341,0
DA:342,0
DA:343,0
DA:345,0
DA:346,0
DA:347,0
DA:348,0
DA:349,0
DA:350,0
DA:352,0
DA:360,0
DA:361,0
DA:363,0
DA:364,0
DA:365,0
DA:366,0
DA:367,0
DA:368,0
DA:369,0
DA:370,0
DA:371,0
DA:373,0
DA:374,0
DA:375,0
DA:376,0
DA:377,0
DA:380,0
LF:201
LH:0
BRDA:15,0,0,0
BRDA:15,0,1,0
BRDA:15,0,2,0
BRDA:15,0,3,0
BRDA:15,0,4,0
BRDA:15,0,5,0
BRDA:15,0,6,0
BRDA:15,0,7,0
BRDA:15,0,8,0
BRDA:58,1,0,0
BRDA:58,1,1,0
BRDA:68,2,0,0
BRDA:68,2,1,0
BRDA:100,3,0,0
BRDA:100,3,1,0
BRDA:102,4,0,0
BRDA:102,4,1,0
BRDA:114,5,0,0
BRDA:114,5,1,0
BRDA:114,6,0,0
BRDA:114,6,1,0
BRDA:118,7,0,0
BRDA:118,7,1,0
BRDA:118,8,0,0
BRDA:118,8,1,0
BRDA:123,9,0,0
BRDA:123,9,1,0
BRDA:125,10,0,0
BRDA:125,10,1,0
BRDA:126,11,0,0
BRDA:126,11,1,0
BRDA:131,12,0,0
BRDA:131,12,1,0
BRDA:138,13,0,0
BRDA:138,13,1,0
BRDA:181,14,0,0
BRDA:181,14,1,0
BRDA:201,15,0,0
BRDA:201,15,1,0
BRDA:220,16,0,0
BRDA:220,16,1,0
BRDA:220,17,0,0
BRDA:220,17,1,0
BRDA:226,18,0,0
BRDA:226,18,1,0
BRDA:266,19,0,0
BRDA:266,19,1,0
BRDA:275,20,0,0
BRDA:275,20,1,0
BRDA:299,21,0,0
BRDA:299,21,1,0
BRDA:322,22,0,0
BRDA:322,22,1,0
BRDA:323,23,0,0
BRDA:323,23,1,0
BRDA:334,24,0,0
BRDA:334,24,1,0
BRF:57
BRH:0
end_of_record
TN:
SF:lib/commands/organize-docs.js
FN:33,(anonymous_0)
FN:38,(anonymous_1)
FN:43,(anonymous_2)
FN:48,(anonymous_3)
FN:53,(anonymous_4)
FN:61,getTargetDirectory
FN:74,isAllowedInRoot
FN:75,(anonymous_7)
FN:83,organizeDocs
FN:96,(anonymous_9)
FN:197,validateDocs
FN:204,(anonymous_11)
FNF:12
FNH:0
FNDA:0,(anonymous_0)
FNDA:0,(anonymous_1)
FNDA:0,(anonymous_2)
FNDA:0,(anonymous_3)
FNDA:0,(anonymous_4)
FNDA:0,getTargetDirectory
FNDA:0,isAllowedInRoot
FNDA:0,(anonymous_7)
FNDA:0,organizeDocs
FNDA:0,(anonymous_9)
FNDA:0,validateDocs
FNDA:0,(anonymous_11)
DA:14,0
DA:15,0
DA:16,0
DA:19,0
DA:30,0
DA:33,0
DA:38,0
DA:43,0
DA:48,0
DA:53,0
DA:62,0
DA:63,0
DA:64,0
DA:65,0
DA:68,0
DA:75,0
DA:76,0
DA:84,0
DA:85,0
DA:87,0
DA:89,0
DA:90,0
DA:93,0
DA:95,0
DA:96,0
DA:97,0
DA:100,0
DA:101,0
DA:102,0
DA:105,0
DA:106,0
DA:107,0
DA:108,0
DA:111,0
DA:112,0
DA:113,0
DA:115,0
DA:120,0
DA:121,0
DA:122,0
DA:123,0
DA:124,0
DA:126,0
DA:128,0
DA:129,0
DA:130,0
DA:134,0
DA:135,0
DA:136,0
DA:137,0
DA:139,0
DA:143,0
DA:144,0
DA:146,0
DA:147,0
DA:149,0
DA:150,0
DA:153,0
DA:154,0
DA:155,0
DA:157,0
DA:158,0
DA:160,0
DA:161,0
DA:162,0
DA:167,0
DA:170,0
DA:171,0
DA:172,0
DA:173,0
DA:175,0
DA:179,0
DA:180,0
DA:181,0
DA:183,0
DA:186,0
DA:189,0
DA:190,0
DA:198,0
DA:200,0
DA:202,0
DA:203,0
DA:204,0
DA:205,0
DA:208,0
DA:209,0
DA:211,0
DA:212,0
DA:213,0
DA:215,0
DA:219,0
DA:220,0
DA:222,0
DA:223,0
DA:224,0
DA:225,0
DA:226,0
DA:228,0
DA:229,0
DA:230,0
DA:232,0
DA:233,0
DA:237,0
DA:238,0
DA:242,0
LF:105
LH:0
BRDA:64,0,0,0
BRDA:64,0,1,0
BRDA:83,1,0,0
BRDA:85,2,0,0
BRDA:85,2,1,0
BRDA:89,3,0,0
BRDA:89,3,1,0
BRDA:97,4,0,0
BRDA:97,4,1,0
BRDA:106,5,0,0
BRDA:106,5,1,0
BRDA:112,6,0,0
BRDA:112,6,1,0
BRDA:123,7,0,0
BRDA:123,7,1,0
BRDA:128,8,0,0
BRDA:128,8,1,0
BRDA:136,9,0,0
BRDA:136,9,1,0
BRDA:149,10,0,0
BRDA:149,10,1,0
BRDA:157,11,0,0
BRDA:157,11,1,0
BRDA:170,12,0,0
BRDA:170,12,1,0
BRDA:179,13,0,0
BRDA:179,13,1,0
BRDA:205,14,0,0
BRDA:205,14,1,0
BRDA:212,15,0,0
BRDA:212,15,1,0
BRDA:222,16,0,0
BRDA:222,16,1,0
BRDA:225,17,0,0
BRDA:225,17,1,0
BRF:35
BRH:0
end_of_record
TN:
SF:lib/commands/plugin.js
FN:19,(anonymous_0)
FN:58,(anonymous_1)
FN:91,(anonymous_2)
FN:125,(anonymous_3)
FN:146,(anonymous_4)
FN:167,(anonymous_5)
FN:192,(anonymous_6)
FN:211,(anonymous_7)
FN:250,(anonymous_8)
FN:387,(anonymous_9)
FN:388,(anonymous_10)
FNF:11
FNH:0
FNDA:0,(anonymous_0)
FNDA:0,(anonymous_1)
FNDA:0,(anonymous_2)
FNDA:0,(anonymous_3)
FNDA:0,(anonymous_4)
FNDA:0,(anonymous_5)
FNDA:0,(anonymous_6)
FNDA:0,(anonymous_7)
FNDA:0,(anonymous_8)
FNDA:0,(anonymous_9)
FNDA:0,(anonymous_10)
DA:6,0
DA:7,0
DA:8,0
DA:9,0
DA:20,0
DA:22,0
DA:23,0
DA:26,0
DA:27,0
DA:29,0
DA:31,0
DA:32,0
DA:33,0
DA:37,0
DA:38,0
DA:39,0
DA:41,0
DA:42,0
DA:43,0
DA:44,0
DA:45,0
DA:48,0
DA:50,0
DA:59,0
DA:61,0
DA:62,0
DA:65,0
DA:66,0
DA:68,0
DA:70,0
DA:71,0
DA:72,0
DA:75,0
DA:76,0
DA:77,0
DA:78,0
DA:79,0
DA:80,0
DA:81,0
DA:83,0
DA:92,0
DA:94,0
DA:95,0
DA:96,0
DA:97,0
DA:99,0
DA:102,0
DA:106,0
DA:109,0
DA:110,0
DA:111,0
DA:112,0
DA:114,0
DA:117,0
DA:126,0
DA:128,0
DA:129,0
DA:132,0
DA:133,0
DA:135,0
DA:136,0
DA:138,0
DA:147,0
DA:149,0
DA:150,0
DA:153,0
DA:154,0
DA:156,0
DA:157,0
DA:159,0
DA:168,0
DA:170,0
DA:171,0
DA:172,0
DA:173,0
DA:175,0
DA:178,0
DA:182,0
DA:184,0
DA:193,0
DA:195,0
DA:196,0
DA:198,0
DA:199,0
DA:202,0
DA:204,0
DA:212,0
DA:213,0
DA:214,0
DA:216,0
DA:218,0
DA:220,0
DA:221,0
DA:222,0
DA:225,0
DA:227,0
DA:228,0
DA:229,0
DA:230,0
DA:231,0
DA:232,0
DA:233,0
DA:234,0
DA:235,0
DA:236,0
DA:237,0
DA:238,0
DA:239,0
DA:240,0
DA:241,0
DA:243,0
DA:251,0
DA:252,0
DA:255,0
DA:256,0
DA:257,0
DA:258,0
DA:264,0
DA:265,0
DA:266,0
DA:269,0
DA:285,0
DA:291,0
DA:334,0
DA:340,0
DA:370,0
DA:375,0
DA:376,0
DA:377,0
DA:378,0
DA:379,0
DA:380,0
DA:382,0
DA:388,0
DA:392,0
LF:135
LH:0
BRDA:19,0,0,0
BRDA:31,1,0,0
BRDA:31,1,1,0
BRDA:42,2,0,0
BRDA:42,2,1,0
BRDA:58,3,0,0
BRDA:70,4,0,0
BRDA:70,4,1,0
BRDA:78,5,0,0
BRDA:78,5,1,0
BRDA:91,6,0,0
BRDA:125,7,0,0
BRDA:146,8,0,0
BRDA:167,9,0,0
BRDA:192,10,0,0
BRDA:196,11,0,0
BRDA:196,11,1,0
BRDA:198,12,0,0
BRDA:198,12,1,0
BRDA:211,13,0,0
BRDA:220,14,0,0
BRDA:220,14,1,0
BRDA:250,15,0,0
BRF:23
BRH:0
end_of_record
TN:
SF:lib/commands/spec.js
FN:29,(anonymous_0)
FN:53,(anonymous_1)
FN:111,(anonymous_2)
FN:174,(anonymous_3)
FN:278,(anonymous_4)
FN:304,(anonymous_5)
FN:324,(anonymous_6)
FN:338,(anonymous_7)
FN:358,(anonymous_8)
FN:390,(anonymous_9)
FN:418,(anonymous_10)
FN:436,(anonymous_11)
FN:441,(anonymous_12)
FN:459,(anonymous_13)
FNF:14
FNH:0
FNDA:0,(anonymous_0)
FNDA:0,(anonymous_1)
FNDA:0,(anonymous_2)
FNDA:0,(anonymous_3)
FNDA:0,(anonymous_4)
FNDA:0,(anonymous_5)
FNDA:0,(anonymous_6)
FNDA:0,(anonymous_7)
FNDA:0,(anonymous_8)
FNDA:0,(anonymous_9)
FNDA:0,(anonymous_10)
FNDA:0,(anonymous_11)
FNDA:0,(anonymous_12)
FNDA:0,(anonymous_13)
DA:16,1
DA:17,1
DA:18,1
DA:19,1
DA:30,0
DA:31,0
DA:32,0
DA:33,0
DA:34,0
DA:35,0
DA:36,0
DA:37,0
DA:40,0
DA:41,0
DA:43,0
DA:45,0
DA:54,0
DA:55,0
DA:56,0
DA:58,0
DA:96,0
DA:97,0
DA:98,0
DA:99,0
DA:100,0
DA:103,0
DA:112,0
DA:113,0
DA:114,0
DA:116,0
DA:159,0
DA:160,0
DA:161,0
DA:162,0
DA:163,0
DA:166,0
DA:175,0
DA:176,0
DA:177,0
DA:179,0
DA:263,0
DA:264,0
DA:265,0
DA:266,0
DA:267,0
DA:270,0
DA:279,0
DA:280,0
DA:282,0
DA:283,0
DA:285,0
DA:286,0
DA:287,0
DA:289,0
DA:290,0
DA:292,0
DA:296,0
DA:305,0
DA:306,0
DA:308,0
DA:309,0
DA:311,0
DA:312,0
DA:313,0
DA:315,0
DA:316,0
DA:318,0
DA:319,0
DA:320,0
DA:321,0
DA:323,0
DA:324,0
DA:325,0
DA:330,0
DA:339,0
DA:340,0
DA:342,0
DA:343,0
DA:345,0
DA:346,0
DA:347,0
DA:349,0
DA:350,0
DA:351,0
DA:355,0
DA:356,0
DA:357,0
DA:358,0
DA:359,0
DA:360,0
DA:364,0
DA:365,0
DA:367,0
DA:368,0
DA:370,0
DA:373,0
DA:375,0
DA:376,0
DA:377,0
DA:378,0
DA:379,0
DA:382,0
DA:391,0
DA:392,0
DA:394,0
DA:395,0
DA:397,0
DA:398,0
DA:400,0
DA:401,0
DA:403,0
DA:404,0
DA:405,0
DA:406,0
DA:407,0
DA:408,0
DA:411,0
DA:419,0
DA:420,0
DA:421,0
DA:423,0
DA:424,0
DA:425,0
DA:426,0
DA:429,0
DA:438,0
DA:439,0
DA:440,0
DA:441,0
DA:443,0
DA:444,0
DA:445,0
DA:446,0
DA:447,0
DA:448,0
DA:451,0
DA:452,0
DA:460,0
DA:461,0
DA:462,0
DA:463,0
DA:464,0
DA:468,1
LF:143
LH:5
BRDA:29,0,0,0
BRDA:31,1,0,0
BRDA:31,1,1,0
BRDA:53,2,0,0
BRDA:98,3,0,0
BRDA:98,3,1,0
BRDA:111,4,0,0
BRDA:161,5,0,0
BRDA:161,5,1,0
BRDA:174,6,0,0
BRDA:265,7,0,0
BRDA:265,7,1,0
BRDA:278,8,0,0
BRDA:285,9,0,0
BRDA:285,9,1,0
BRDA:289,10,0,0
BRDA:289,10,1,0
BRDA:304,11,0,0
BRDA:311,12,0,0
BRDA:311,12,1,0
BRDA:315,13,0,0
BRDA:315,13,1,0
BRDA:318,14,0,0
BRDA:318,14,1,0
BRDA:338,15,0,0
BRDA:345,16,0,0
BRDA:345,16,1,0
BRDA:349,17,0,0
BRDA:349,17,1,0
BRDA:356,18,0,0
BRDA:356,18,1,0
BRDA:364,19,0,0
BRDA:364,19,1,0
BRDA:390,20,0,0
BRDA:397,21,0,0
BRDA:397,21,1,0
BRDA:443,22,0,0
BRDA:443,22,1,0
BRDA:445,23,0,0
BRDA:445,23,1,0
BRDA:459,24,0,0
BRDA:463,25,0,0
BRDA:463,25,1,0
BRDA:463,26,0,0
BRDA:463,26,1,0
BRF:45
BRH:0
end_of_record
TN:
SF:lib/commands/team.js
FN:22,(anonymous_0)
FN:74,(anonymous_1)
FN:81,(anonymous_2)
FN:81,(anonymous_3)
FN:82,(anonymous_4)
FN:136,(anonymous_5)
FN:153,(anonymous_6)
FN:166,(anonymous_7)
FN:172,(anonymous_8)
FN:195,(anonymous_9)
FN:215,(anonymous_10)
FN:233,(anonymous_11)
FN:252,(anonymous_12)
FN:272,(anonymous_13)
FN:306,(anonymous_14)
FN:323,(anonymous_15)
FN:359,(anonymous_16)
FN:396,(anonymous_17)
FN:439,(anonymous_18)
FN:450,(anonymous_19)
FN:460,(anonymous_20)
FN:468,(anonymous_21)
FNF:22
FNH:0
FNDA:0,(anonymous_0)
FNDA:0,(anonymous_1)
FNDA:0,(anonymous_2)
FNDA:0,(anonymous_3)
FNDA:0,(anonymous_4)
FNDA:0,(anonymous_5)
FNDA:0,(anonymous_6)
FNDA:0,(anonymous_7)
FNDA:0,(anonymous_8)
FNDA:0,(anonymous_9)
FNDA:0,(anonymous_10)
FNDA:0,(anonymous_11)
FNDA:0,(anonymous_12)
FNDA:0,(anonymous_13)
FNDA:0,(anonymous_14)
FNDA:0,(anonymous_15)
FNDA:0,(anonymous_16)
FNDA:0,(anonymous_17)
FNDA:0,(anonymous_18)
FNDA:0,(anonymous_19)
FNDA:0,(anonymous_20)
FNDA:0,(anonymous_21)
DA:6,0
DA:7,0
DA:8,0
DA:9,0
DA:10,0
DA:11,0
DA:12,0
DA:13,0
DA:23,0
DA:25,0
DA:27,0
DA:59,0
DA:60,0
DA:65,0
DA:66,0
DA:68,0
DA:69,0
DA:74,0
DA:81,0
DA:83,0
DA:84,0
DA:92,0
DA:99,0
DA:100,0
DA:109,0
DA:110,0
DA:113,0
DA:122,0
DA:123,0
DA:126,0
DA:128,0
DA:129,0
DA:137,0
DA:138,0
DA:139,0
DA:141,0
DA:142,0
DA:143,0
DA:146,0
DA:147,0
DA:148,0
DA:149,0
DA:152,0
DA:153,0
DA:156,0
DA:157,0
DA:158,0
DA:161,0
DA:166,0
DA:173,0
DA:174,0
DA:182,0
DA:184,0
DA:185,0
DA:187,0
DA:188,0
DA:196,0
DA:197,0
DA:198,0
DA:200,0
DA:201,0
DA:202,0
DA:205,0
DA:207,0
DA:208,0
DA:216,0
DA:217,0
DA:219,0
DA:222,0
DA:225,0
DA:227,0
DA:228,0
DA:229,0
DA:230,0
DA:232,0
DA:233,0
DA:234,0
DA:237,0
DA:241,0
DA:243,0
DA:244,0
DA:253,0
DA:254,0
DA:256,0
DA:257,0
DA:259,0
DA:260,0
DA:261,0
DA:265,0
DA:266,0
DA:272,0
DA:276,0
DA:279,0
DA:280,0
DA:281,0
DA:283,0
DA:284,0
DA:288,0
DA:289,0
DA:292,0
DA:293,0
DA:294,0
DA:296,0
DA:297,0
DA:298,0
DA:302,0
DA:304,0
DA:305,0
DA:306,0
DA:309,0
DA:310,0
DA:311,0
DA:313,0
DA:314,0
DA:318,0
DA:323,0
DA:330,0
DA:331,0
DA:334,0
DA:335,0
DA:336,0
DA:338,0
DA:339,0
DA:340,0
DA:342,0
DA:343,0
DA:344,0
DA:345,0
DA:347,0
DA:349,0
DA:351,0
DA:352,0
DA:360,0
DA:361,0
DA:363,0
DA:364,0
DA:366,0
DA:367,0
DA:368,0
DA:369,0
DA:373,0
DA:374,0
DA:375,0
DA:376,0
DA:378,0
DA:379,0
DA:380,0
DA:381,0
DA:383,0
DA:384,0
DA:385,0
DA:388,0
DA:389,0
DA:397,0
DA:398,0
DA:400,0
DA:409,0
DA:410,0
DA:411,0
DA:415,0
DA:418,0
DA:419,0
DA:421,0
DA:422,0
DA:426,0
DA:429,0
DA:431,0
DA:432,0
DA:440,0
DA:441,0
DA:442,0
DA:444,0
DA:445,0
DA:446,0
DA:449,0
DA:450,0
DA:451,0
DA:452,0
DA:456,0
DA:457,0
DA:458,0
DA:460,0
DA:461,0
DA:462,0
DA:466,0
DA:467,0
DA:468,0
DA:469,0
DA:473,0
DA:477,0
LF:190
LH:0
BRDA:22,0,0,0
BRDA:74,1,0,0
BRDA:74,1,1,0
BRDA:79,2,0,0
BRDA:79,2,1,0
BRDA:122,3,0,0
BRDA:122,3,1,0
BRDA:136,4,0,0
BRDA:141,5,0,0
BRDA:141,5,1,0
BRDA:147,6,0,0
BRDA:147,6,1,0
BRDA:156,7,0,0
BRDA:156,7,1,0
BRDA:166,8,0,0
BRDA:166,8,1,0
BRDA:200,9,0,0
BRDA:200,9,1,0
BRDA:252,10,0,0
BRDA:259,11,0,0
BRDA:259,11,1,0
BRDA:272,12,0,0
BRDA:272,12,1,0
BRDA:359,13,0,0
BRDA:366,14,0,0
BRDA:366,14,1,0
BRDA:366,15,0,0
BRDA:366,15,1,0
BRDA:396,16,0,0
BRDA:409,17,0,0
BRDA:409,17,1,0
BRDA:421,18,0,0
BRDA:421,18,1,0
BRDA:461,19,0,0
BRDA:461,19,1,0
BRDA:466,20,0,0
BRDA:466,20,1,0
BRF:37
BRH:0
end_of_record
TN:
SF:lib/commands/vscode.js
FN:8,vscodeCommand
FNF:1
FNH:0
FNDA:0,vscodeCommand
DA:1,0
DA:2,0
DA:3,0
DA:4,0
DA:5,0
DA:6,0
DA:9,0
DA:12,0
DA:13,0
DA:15,0
DA:16,0
DA:17,0
DA:18,0
DA:19,0
DA:23,0
DA:24,0
DA:26,0
DA:33,0
DA:34,0
DA:35,0
DA:36,0
DA:37,0
DA:38,0
DA:40,0
DA:41,0
DA:46,0
DA:47,0
DA:49,0
DA:50,0
DA:53,0
DA:63,0
DA:66,0
DA:76,0
DA:79,0
DA:80,0
DA:82,0
DA:83,0
DA:84,0
DA:86,0
DA:87,0
DA:91,0
DA:92,0
DA:95,0
LF:43
LH:0
BRDA:15,0,0,0
BRDA:15,0,1,0
BRDA:15,1,0,0
BRDA:15,1,1,0
BRDA:23,2,0,0
BRDA:23,2,1,0
BRDA:28,3,0,0
BRDA:28,3,1,0
BRDA:29,4,0,0
BRDA:29,4,1,0
BRDA:46,5,0,0
BRDA:46,5,1,0
BRF:12
BRH:0
end_of_record
TN:
SF:lib/team/analytics.js
FN:15,(anonymous_0)
FN:23,(anonymous_1)
FN:59,(anonymous_2)
FN:63,(anonymous_3)
FN:79,(anonymous_4)
FN:88,(anonymous_5)
FN:92,(anonymous_6)
FN:102,(anonymous_7)
FN:103,(anonymous_8)
FN:112,(anonymous_9)
FN:125,(anonymous_10)
FN:126,(anonymous_11)
FN:131,(anonymous_12)
FN:133,(anonymous_13)
FN:134,(anonymous_14)
FN:136,(anonymous_15)
FN:144,(anonymous_16)
FN:147,(anonymous_17)
FN:157,(anonymous_18)
FN:158,(anonymous_19)
FN:167,(anonymous_20)
FN:179,(anonymous_21)
FN:182,(anonymous_22)
FN:185,(anonymous_23)
FN:202,(anonymous_24)
FN:214,(anonymous_25)
FN:232,(anonymous_26)
FN:259,(anonymous_27)
FN:267,(anonymous_28)
FN:276,(anonymous_29)
FN:287,(anonymous_30)
FN:300,(anonymous_31)
FN:318,(anonymous_32)
FN:320,(anonymous_33)
FN:324,(anonymous_34)
FN:326,(anonymous_35)
FN:331,(anonymous_36)
FN:337,(anonymous_37)
FN:338,(anonymous_38)
FN:345,(anonymous_39)
FN:357,(anonymous_40)
FNF:41
FNH:39
FNDA:23,(anonymous_0)
FNDA:62,(anonymous_1)
FNDA:8,(anonymous_2)
FNDA:34,(anonymous_3)
FNDA:34,(anonymous_4)
FNDA:6,(anonymous_5)
FNDA:30,(anonymous_6)
FNDA:6,(anonymous_7)
FNDA:14,(anonymous_8)
FNDA:30,(anonymous_9)
FNDA:7,(anonymous_10)
FNDA:11,(anonymous_11)
FNDA:11,(anonymous_12)
FNDA:11,(anonymous_13)
FNDA:11,(anonymous_14)
FNDA:11,(anonymous_15)
FNDA:12,(anonymous_16)
FNDA:60,(anonymous_17)
FNDA:24,(anonymous_18)
FNDA:76,(anonymous_19)
FNDA:60,(anonymous_20)
FNDA:6,(anonymous_21)
FNDA:30,(anonymous_22)
FNDA:30,(anonymous_23)
FNDA:4,(anonymous_24)
FNDA:4,(anonymous_25)
FNDA:2,(anonymous_26)
FNDA:10,(anonymous_27)
FNDA:2,(anonymous_28)
FNDA:4,(anonymous_29)
FNDA:0,(anonymous_30)
FNDA:0,(anonymous_31)
FNDA:27,(anonymous_32)
FNDA:105,(anonymous_33)
FNDA:7,(anonymous_34)
FNDA:4,(anonymous_35)
FNDA:8,(anonymous_36)
FNDA:15,(anonymous_37)
FNDA:15,(anonymous_38)
FNDA:4,(anonymous_39)
FNDA:20,(anonymous_40)
DA:6,5
DA:7,5
DA:8,5
DA:16,23
DA:17,23
DA:24,62
DA:40,62
DA:41,82
DA:43,82
DA:52,62
DA:53,62
DA:60,8
DA:61,8
DA:63,8
DA:64,34
DA:65,34
DA:68,8
DA:69,8
DA:70,8
DA:72,8
DA:79,34
DA:89,6
DA:92,6
DA:93,30
DA:102,6
DA:103,6
DA:104,14
DA:105,14
DA:106,14
DA:112,6
DA:113,30
DA:119,6
DA:126,11
DA:128,7
DA:131,11
DA:133,11
DA:134,11
DA:136,11
DA:145,12
DA:147,12
DA:148,60
DA:157,12
DA:158,24
DA:159,76
DA:160,76
DA:161,76
DA:162,76
DA:167,12
DA:168,60
DA:169,60
DA:170,60
DA:173,12
DA:180,6
DA:181,6
DA:182,30
DA:183,6
DA:185,6
DA:186,30
DA:187,8
DA:196,6
DA:203,4
DA:204,4
DA:205,4
DA:206,4
DA:207,4
DA:209,4
DA:214,4
DA:233,2
DA:234,2
DA:235,2
DA:238,2
DA:239,2
DA:240,2
DA:243,2
DA:244,2
DA:245,2
DA:246,2
DA:249,2
DA:250,2
DA:251,2
DA:252,2
DA:255,2
DA:256,2
DA:257,2
DA:259,2
DA:260,10
DA:262,2
DA:265,2
DA:266,2
DA:267,2
DA:268,2
DA:270,2
DA:274,2
DA:275,2
DA:276,2
DA:277,4
DA:281,2
DA:288,0
DA:289,0
DA:290,0
DA:301,0
DA:302,0
DA:304,0
DA:305,0
DA:306,0
DA:308,0
DA:309,0
DA:313,0
DA:319,27
DA:320,105
DA:321,26
DA:325,7
DA:326,7
DA:327,7
DA:328,7
DA:332,8
DA:334,3
DA:335,3
DA:337,15
DA:338,15
DA:340,3
DA:341,3
DA:342,0
DA:346,4
DA:348,4
DA:349,4
DA:352,4
DA:353,4
DA:356,4
DA:357,20
DA:359,4
DA:360,0
DA:363,4
DA:367,5
LF:134
LH:121
BRDA:29,0,0,32
BRDA:29,0,1,30
BRDA:31,1,0,30
BRDA:31,1,1,0
BRDA:59,2,0,1
BRDA:65,3,0,34
BRDA:65,3,1,34
BRDA:104,4,0,14
BRDA:104,4,1,0
BRDA:106,5,0,14
BRDA:106,5,1,0
BRDA:114,6,0,14
BRDA:114,6,1,16
BRDA:159,7,0,76
BRDA:159,7,1,0
BRDA:159,8,0,76
BRDA:159,8,1,76
BRDA:168,9,0,28
BRDA:168,9,1,32
BRDA:169,10,0,28
BRDA:169,10,1,32
BRDA:170,11,0,28
BRDA:170,11,1,32
BRDA:186,12,0,8
BRDA:186,12,1,22
BRDA:265,13,0,2
BRDA:265,13,1,0
BRDA:274,14,0,2
BRDA:274,14,1,0
BRDA:287,15,0,0
BRDA:300,16,0,0
BRDA:306,17,0,0
BRDA:306,17,1,0
BRDA:308,18,0,0
BRDA:308,18,1,0
BRDA:319,19,0,1
BRDA:319,19,1,26
BRDA:325,20,0,0
BRDA:325,20,1,7
BRDA:328,21,0,7
BRDA:328,21,1,0
BRDA:332,22,0,5
BRDA:332,22,1,3
BRDA:340,23,0,0
BRDA:340,23,1,3
BRDA:341,24,0,3
BRDA:341,24,1,0
BRDA:348,25,0,4
BRDA:348,25,1,0
BRDA:352,26,0,4
BRDA:352,26,1,0
BRDA:359,27,0,0
BRDA:359,27,1,4
BRF:53
BRH:34
end_of_record
TN:
SF:lib/team/api-server.js
FN:31,(anonymous_0)
FN:52,(anonymous_1)
FN:65,(anonymous_2)
FN:71,(anonymous_3)
FN:81,(anonymous_4)
FN:88,(anonymous_5)
FN:90,(anonymous_6)
FN:95,(anonymous_7)
FN:127,(anonymous_8)
FN:142,(anonymous_9)
FN:156,(anonymous_10)
FN:161,(anonymous_11)
FN:170,(anonymous_12)
FN:182,(anonymous_13)
FN:191,(anonymous_14)
FN:211,(anonymous_15)
FN:217,(anonymous_16)
FN:221,(anonymous_17)
FN:238,(anonymous_18)
FN:249,(anonymous_19)
FN:259,(anonymous_20)
FN:264,(anonymous_21)
FN:280,(anonymous_22)
FN:313,(anonymous_23)
FN:323,(anonymous_24)
FN:340,(anonymous_25)
FN:384,(anonymous_26)
FN:417,(anonymous_27)
FN:461,(anonymous_28)
FN:508,(anonymous_29)
FN:514,(anonymous_30)
FN:515,(anonymous_31)
FN:537,(anonymous_32)
FN:539,(anonymous_33)
FN:559,(anonymous_34)
FN:561,(anonymous_35)
FN:563,(anonymous_36)
FN:574,(anonymous_37)
FN:576,(anonymous_38)
FN:577,(anonymous_39)
FN:591,(anonymous_40)
FN:617,(anonymous_41)
FN:618,(anonymous_42)
FN:632,(anonymous_43)
FN:647,(anonymous_44)
FN:648,(anonymous_45)
FN:653,(anonymous_46)
FN:667,(anonymous_47)
FN:673,(anonymous_48)
FNF:49
FNH:37
FNDA:115,(anonymous_0)
FNDA:98,(anonymous_1)
FNDA:65,(anonymous_2)
FNDA:1,(anonymous_3)
FNDA:0,(anonymous_4)
FNDA:93,(anonymous_5)
FNDA:1,(anonymous_6)
FNDA:0,(anonymous_7)
FNDA:36,(anonymous_8)
FNDA:8,(anonymous_9)
FNDA:0,(anonymous_10)
FNDA:0,(anonymous_11)
FNDA:59,(anonymous_12)
FNDA:19,(anonymous_13)
FNDA:2,(anonymous_14)
FNDA:2,(anonymous_15)
FNDA:2,(anonymous_16)
FNDA:6,(anonymous_17)
FNDA:8,(anonymous_18)
FNDA:402,(anonymous_19)
FNDA:4,(anonymous_20)
FNDA:100,(anonymous_21)
FNDA:7,(anonymous_22)
FNDA:2,(anonymous_23)
FNDA:2,(anonymous_24)
FNDA:12,(anonymous_25)
FNDA:3,(anonymous_26)
FNDA:2,(anonymous_27)
FNDA:2,(anonymous_28)
FNDA:1,(anonymous_29)
FNDA:3,(anonymous_30)
FNDA:3,(anonymous_31)
FNDA:1,(anonymous_32)
FNDA:3,(anonymous_33)
FNDA:1,(anonymous_34)
FNDA:3,(anonymous_35)
FNDA:2,(anonymous_36)
FNDA:2,(anonymous_37)
FNDA:6,(anonymous_38)
FNDA:6,(anonymous_39)
FNDA:0,(anonymous_40)
FNDA:0,(anonymous_41)
FNDA:0,(anonymous_42)
FNDA:0,(anonymous_43)
FNDA:0,(anonymous_44)
FNDA:0,(anonymous_45)
FNDA:0,(anonymous_46)
FNDA:2,(anonymous_47)
FNDA:0,(anonymous_48)
DA:8,4
DA:9,4
DA:10,4
DA:11,4
DA:12,4
DA:13,4
DA:14,4
DA:15,4
DA:16,4
DA:32,115
DA:33,115
DA:34,115
DA:35,115
DA:36,115
DA:37,115
DA:38,115
DA:39,115
DA:40,115
DA:41,115
DA:42,115
DA:43,115
DA:44,115
DA:45,115
DA:54,98
DA:61,98
DA:62,98
DA:65,98
DA:66,65
DA:67,65
DA:71,98
DA:72,1
DA:73,1
DA:81,98
DA:90,93
DA:91,1
DA:95,93
DA:96,0
DA:97,0
DA:105,93
DA:106,93
DA:109,93
DA:110,93
DA:111,93
DA:112,93
DA:113,93
DA:114,93
DA:115,93
DA:118,93
DA:119,93
DA:120,93
DA:128,36
DA:135,36
DA:143,8
DA:146,8
DA:149,8
DA:156,8
DA:157,0
DA:161,8
DA:162,0
DA:171,59
DA:172,43
DA:183,19
DA:184,19
DA:185,2
DA:188,17
DA:191,2
DA:201,17
DA:203,0
DA:212,2
DA:213,2
DA:214,1
DA:217,2
DA:222,6
DA:226,1
DA:228,0
DA:239,8
DA:240,8
DA:241,1
DA:245,7
DA:246,7
DA:247,7
DA:249,402
DA:259,4
DA:263,7
DA:264,100
DA:268,7
DA:270,7
DA:272,0
DA:281,7
DA:282,7
DA:283,7
DA:285,6
DA:286,2
DA:289,4
DA:305,1
DA:314,2
DA:315,2
DA:316,2
DA:318,2
DA:319,1
DA:322,1
DA:323,2
DA:332,0
DA:341,12
DA:342,12
DA:344,12
DA:345,3
DA:348,9
DA:349,8
DA:352,8
DA:360,8
DA:368,8
DA:376,1
DA:385,3
DA:386,3
DA:387,3
DA:389,3
DA:390,3
DA:391,1
DA:394,2
DA:395,2
DA:396,2
DA:398,2
DA:401,2
DA:407,2
DA:409,0
DA:418,2
DA:419,2
DA:420,2
DA:422,2
DA:423,1
DA:426,1
DA:427,1
DA:428,1
DA:431,1
DA:440,1
DA:447,1
DA:453,0
DA:462,2
DA:463,2
DA:464,2
DA:466,2
DA:467,1
DA:470,1
DA:471,1
DA:473,1
DA:476,1
DA:484,1
DA:491,1
DA:498,0
DA:509,1
DA:510,1
DA:511,0
DA:514,3
DA:515,3
DA:516,1
DA:517,1
DA:519,1
DA:529,0
DA:538,1
DA:539,3
DA:549,1
DA:551,0
DA:560,1
DA:561,3
DA:562,1
DA:563,2
DA:566,1
DA:567,1
DA:569,1
DA:574,2
DA:576,6
DA:577,6
DA:581,0
DA:592,0
DA:593,0
DA:596,0
DA:597,0
DA:598,0
DA:602,0
DA:605,0
DA:606,0
DA:610,0
DA:613,0
DA:614,0
DA:617,0
DA:618,0
DA:620,0
DA:623,0
DA:629,0
DA:632,0
DA:633,0
DA:634,0
DA:638,0
DA:639,0
DA:648,0
DA:649,0
DA:650,0
DA:652,0
DA:653,0
DA:654,0
DA:655,0
DA:658,0
DA:668,2
DA:673,0
DA:680,4
LF:206
LH:161
BRDA:31,0,0,63
BRDA:33,1,0,115
BRDA:33,1,1,63
BRDA:34,2,0,115
BRDA:34,2,1,115
BRDA:35,3,0,115
BRDA:35,3,1,114
BRDA:36,4,0,115
BRDA:36,4,1,115
BRDA:40,5,0,115
BRDA:40,5,1,115
BRDA:43,6,0,115
BRDA:43,6,1,115
BRDA:73,7,0,1
BRDA:73,7,1,0
BRDA:74,8,0,1
BRDA:74,8,1,0
BRDA:75,9,0,1
BRDA:75,9,1,0
BRDA:100,10,0,0
BRDA:100,10,1,0
BRDA:150,11,0,8
BRDA:150,11,1,0
BRDA:151,12,0,8
BRDA:151,12,1,0
BRDA:171,13,0,43
BRDA:171,13,1,16
BRDA:184,14,0,2
BRDA:184,14,1,17
BRDA:213,15,0,1
BRDA:213,15,1,1
BRDA:222,16,0,6
BRDA:222,16,1,3
BRDA:240,17,0,1
BRDA:240,17,1,7
BRDA:245,18,0,7
BRDA:245,18,1,6
BRDA:246,19,0,7
BRDA:246,19,1,6
BRDA:251,20,0,402
BRDA:251,20,1,0
BRDA:257,21,0,402
BRDA:257,21,1,400
BRDA:259,22,0,402
BRDA:259,22,1,400
BRDA:263,23,0,1
BRDA:263,23,1,6
BRDA:285,24,0,2
BRDA:285,24,1,4
BRDA:291,25,0,4
BRDA:291,25,1,0
BRDA:294,26,0,4
BRDA:294,26,1,3
BRDA:296,27,0,4
BRDA:296,27,1,2
BRDA:298,28,0,4
BRDA:298,28,1,2
BRDA:298,28,2,2
BRDA:300,29,0,4
BRDA:300,29,1,3
BRDA:318,30,0,1
BRDA:318,30,1,1
BRDA:322,31,0,1
BRDA:322,31,1,0
BRDA:328,32,0,0
BRDA:328,32,1,2
BRDA:328,33,0,2
BRDA:328,33,1,0
BRDA:344,34,0,3
BRDA:344,34,1,9
BRDA:390,35,0,1
BRDA:390,35,1,2
BRDA:394,36,0,2
BRDA:394,36,1,0
BRDA:395,37,0,1
BRDA:395,37,1,1
BRDA:396,38,0,0
BRDA:396,38,1,2
BRDA:422,39,0,1
BRDA:422,39,1,1
BRDA:466,40,0,1
BRDA:466,40,1,1
BRDA:473,41,0,1
BRDA:473,41,1,0
BRDA:510,42,0,0
BRDA:510,42,1,1
BRDA:516,43,0,1
BRDA:516,43,1,0
BRDA:517,44,0,1
BRDA:517,44,1,0
BRDA:541,45,0,3
BRDA:541,45,1,3
BRDA:542,46,0,3
BRDA:542,46,1,3
BRDA:543,47,0,3
BRDA:543,47,1,1
BRDA:546,48,0,2
BRDA:546,48,1,1
BRDA:562,49,0,1
BRDA:562,49,1,0
BRDA:563,50,0,2
BRDA:563,50,1,0
BRDA:567,51,0,1
BRDA:567,51,1,0
BRDA:573,52,0,1
BRDA:573,52,1,0
BRDA:577,53,0,6
BRDA:577,53,1,3
BRDA:596,54,0,0
BRDA:596,54,1,0
BRDA:605,55,0,0
BRDA:605,55,1,0
BRDA:649,56,0,0
BRDA:649,56,1,0
BRDA:652,57,0,0
BRDA:652,57,1,0
BRDA:669,58,0,0
BRDA:669,58,1,2
BRDA:672,59,0,2
BRDA:672,59,1,2
BRDA:673,60,0,2
BRDA:673,60,1,2
BRDA:674,61,0,2
BRDA:674,61,1,2
BRDA:675,62,0,2
BRDA:675,62,1,2
BRF:126
BRH:95
end_of_record
TN:
SF:lib/team/config-manager.js
FN:16,(anonymous_0)
FN:25,(anonymous_1)
FN:49,(anonymous_2)
FN:99,(anonymous_3)
FN:115,(anonymous_4)
FN:128,(anonymous_5)
FN:135,(anonymous_6)
FN:152,(anonymous_7)
FN:157,(anonymous_8)
FN:188,(anonymous_9)
FN:193,(anonymous_10)
FN:227,(anonymous_11)
FN:232,(anonymous_12)
FN:238,(anonymous_13)
FN:249,(anonymous_14)
FN:255,(anonymous_15)
FN:265,(anonymous_16)
FN:276,(anonymous_17)
FN:287,(anonymous_18)
FN:305,(anonymous_19)
FN:317,(anonymous_20)
FNF:21
FNH:21
FNDA:34,(anonymous_0)
FNDA:28,(anonymous_1)
FNDA:44,(anonymous_2)
FNDA:2,(anonymous_3)
FNDA:32,(anonymous_4)
FNDA:9,(anonymous_5)
FNDA:8,(anonymous_6)
FNDA:6,(anonymous_7)
FNDA:5,(anonymous_8)
FNDA:2,(anonymous_9)
FNDA:3,(anonymous_10)
FNDA:2,(anonymous_11)
FNDA:1,(anonymous_12)
FNDA:1,(anonymous_13)
FNDA:1,(anonymous_14)
FNDA:2,(anonymous_15)
FNDA:3,(anonymous_16)
FNDA:2,(anonymous_17)
FNDA:1,(anonymous_18)
FNDA:1,(anonymous_19)
FNDA:1,(anonymous_20)
DA:6,5
DA:7,5
DA:8,5
DA:9,5
DA:17,34
DA:18,34
DA:19,34
DA:32,28
DA:34,28
DA:35,1
DA:39,27
DA:40,27
DA:41,5
DA:42,22
DA:43,1
DA:49,26
DA:50,44
DA:51,1
DA:54,43
DA:55,43
DA:56,1
DA:60,24
DA:90,24
DA:91,24
DA:93,24
DA:100,2
DA:101,2
DA:102,1
DA:103,1
DA:105,1
DA:106,1
DA:108,0
DA:116,32
DA:117,1
DA:120,31
DA:121,31
DA:122,31
DA:129,9
DA:136,8
DA:137,1
DA:141,7
DA:142,1
DA:146,6
DA:147,6
DA:148,0
DA:152,6
DA:153,1
DA:157,5
DA:158,1
DA:161,4
DA:162,4
DA:165,4
DA:166,4
DA:176,4
DA:180,4
DA:182,4
DA:189,2
DA:190,0
DA:193,3
DA:194,2
DA:195,1
DA:198,1
DA:199,1
DA:202,1
DA:203,1
DA:204,1
DA:214,1
DA:219,1
DA:221,1
DA:228,2
DA:229,1
DA:232,1
DA:239,1
DA:240,0
DA:243,1
DA:250,1
DA:251,0
DA:254,1
DA:255,1
DA:256,2
DA:257,2
DA:258,2
DA:266,3
DA:267,1
DA:270,2
DA:277,2
DA:278,0
DA:281,2
DA:288,1
DA:289,0
DA:292,1
DA:299,1
DA:306,1
DA:307,0
DA:310,1
DA:311,1
DA:318,1
DA:319,0
DA:322,1
DA:334,5
LF:100
LH:91
BRDA:16,0,0,0
BRDA:25,1,0,0
BRDA:27,2,0,22
BRDA:28,3,0,24
BRDA:29,4,0,24
BRDA:30,5,0,0
BRDA:31,6,0,0
BRDA:34,7,0,1
BRDA:34,7,1,27
BRDA:34,8,0,28
BRDA:34,8,1,28
BRDA:40,9,0,5
BRDA:40,9,1,22
BRDA:42,10,0,1
BRDA:42,10,1,21
BRDA:50,11,0,1
BRDA:50,11,1,43
BRDA:50,12,0,44
BRDA:50,12,1,43
BRDA:55,13,0,1
BRDA:55,13,1,42
BRDA:65,14,0,13
BRDA:65,14,1,11
BRDA:105,15,0,1
BRDA:105,15,1,0
BRDA:116,16,0,1
BRDA:116,16,1,31
BRDA:136,17,0,1
BRDA:136,17,1,7
BRDA:141,18,0,1
BRDA:141,18,1,6
BRDA:147,19,0,0
BRDA:147,19,1,6
BRDA:152,20,0,1
BRDA:152,20,1,5
BRDA:157,21,0,1
BRDA:157,21,1,4
BRDA:176,22,0,0
BRDA:176,22,1,4
BRDA:189,23,0,0
BRDA:189,23,1,2
BRDA:194,24,0,1
BRDA:194,24,1,1
BRDA:202,25,0,1
BRDA:202,25,1,0
BRDA:214,26,0,1
BRDA:214,26,1,0
BRDA:228,27,0,1
BRDA:228,27,1,1
BRDA:239,28,0,0
BRDA:239,28,1,1
BRDA:250,29,0,0
BRDA:250,29,1,1
BRDA:256,30,0,0
BRDA:256,30,1,2
BRDA:257,31,0,2
BRDA:257,31,1,0
BRDA:266,32,0,1
BRDA:266,32,1,2
BRDA:277,33,0,0
BRDA:277,33,1,2
BRDA:288,34,0,0
BRDA:288,34,1,1
BRDA:306,35,0,0
BRDA:306,35,1,1
BRDA:318,36,0,0
BRDA:318,36,1,1
BRF:67
BRH:49
end_of_record
TN:
SF:lib/team/github-api.js
FN:31,(anonymous_0)
FN:69,(anonymous_1)
FN:132,(anonymous_2)
FN:176,(anonymous_3)
FN:223,(anonymous_4)
FN:257,(anonymous_5)
FN:270,(anonymous_6)
FN:297,(anonymous_7)
FN:331,(anonymous_8)
FN:366,(anonymous_9)
FN:397,(anonymous_10)
FN:423,(anonymous_11)
FN:451,(anonymous_12)
FN:478,(anonymous_13)
FN:500,(anonymous_14)
FN:509,(anonymous_15)
FNF:16
FNH:16
FNDA:47,(anonymous_0)
FNDA:14,(anonymous_1)
FNDA:5,(anonymous_2)
FNDA:6,(anonymous_3)
FNDA:5,(anonymous_4)
FNDA:4,(anonymous_5)
FNDA:2,(anonymous_6)
FNDA:4,(anonymous_7)
FNDA:3,(anonymous_8)
FNDA:4,(anonymous_9)
FNDA:3,(anonymous_10)
FNDA:2,(anonymous_11)
FNDA:4,(anonymous_12)
FNDA:2,(anonymous_13)
FNDA:1,(anonymous_14)
FNDA:1,(anonymous_15)
DA:14,2
DA:32,47
DA:33,2
DA:36,45
DA:37,45
DA:38,45
DA:39,45
DA:70,14
DA:71,2
DA:74,12
DA:75,2
DA:78,10
DA:80,10
DA:81,10
DA:84,10
DA:91,10
DA:100,10
DA:101,17
DA:106,17
DA:110,10
DA:112,10
DA:114,0
DA:133,5
DA:134,2
DA:137,3
DA:138,3
DA:139,3
DA:140,1
DA:143,2
DA:149,2
DA:150,2
DA:152,1
DA:177,6
DA:178,2
DA:181,4
DA:183,4
DA:185,4
DA:196,4
DA:198,0
DA:224,5
DA:225,2
DA:228,3
DA:230,3
DA:232,3
DA:241,3
DA:243,0
DA:258,4
DA:259,1
DA:262,3
DA:263,2
DA:266,1
DA:268,1
DA:270,2
DA:275,0
DA:298,4
DA:299,2
DA:302,2
DA:303,2
DA:311,2
DA:313,0
DA:332,3
DA:333,1
DA:336,2
DA:337,2
DA:344,2
DA:346,0
DA:367,4
DA:368,2
DA:371,2
DA:373,2
DA:374,2
DA:375,2
DA:378,2
DA:385,0
DA:398,3
DA:399,0
DA:402,3
DA:403,3
DA:404,3
DA:405,1
DA:408,2
DA:410,1
DA:424,2
DA:425,1
DA:428,1
DA:430,1
DA:432,1
DA:439,0
DA:452,4
DA:453,0
DA:456,4
DA:457,4
DA:458,4
DA:459,1
DA:462,3
DA:464,1
DA:479,2
DA:480,1
DA:483,1
DA:485,1
DA:488,1
DA:490,0
DA:501,1
DA:510,1
DA:514,2
LF:105
LH:94
BRDA:32,0,0,2
BRDA:32,0,1,45
BRDA:32,1,0,47
BRDA:32,1,1,46
BRDA:70,2,0,2
BRDA:70,2,1,12
BRDA:70,3,0,14
BRDA:70,3,1,12
BRDA:74,4,0,2
BRDA:74,4,1,10
BRDA:74,5,0,12
BRDA:74,5,1,11
BRDA:133,6,0,2
BRDA:133,6,1,3
BRDA:133,7,0,5
BRDA:133,7,1,4
BRDA:139,8,0,1
BRDA:139,8,1,2
BRDA:176,9,0,5
BRDA:177,10,0,2
BRDA:177,10,1,4
BRDA:177,11,0,6
BRDA:177,11,1,5
BRDA:223,12,0,0
BRDA:224,13,0,2
BRDA:224,13,1,3
BRDA:224,14,0,5
BRDA:224,14,1,4
BRDA:234,15,0,3
BRDA:234,15,1,2
BRDA:235,16,0,3
BRDA:235,16,1,3
BRDA:236,17,0,3
BRDA:236,17,1,2
BRDA:237,18,0,3
BRDA:237,18,1,2
BRDA:257,19,0,0
BRDA:258,20,0,1
BRDA:258,20,1,3
BRDA:258,21,0,4
BRDA:258,21,1,3
BRDA:262,22,0,2
BRDA:262,22,1,1
BRDA:262,23,0,3
BRDA:262,23,1,2
BRDA:298,24,0,2
BRDA:298,24,1,2
BRDA:298,25,0,4
BRDA:298,25,1,3
BRDA:298,25,2,2
BRDA:332,26,0,1
BRDA:332,26,1,2
BRDA:332,27,0,3
BRDA:332,27,1,2
BRDA:332,27,2,2
BRDA:367,28,0,2
BRDA:367,28,1,2
BRDA:367,29,0,4
BRDA:367,29,1,3
BRDA:367,29,2,2
BRDA:374,30,0,2
BRDA:374,30,1,0
BRDA:398,31,0,0
BRDA:398,31,1,3
BRDA:404,32,0,1
BRDA:404,32,1,2
BRDA:424,33,0,1
BRDA:424,33,1,1
BRDA:424,34,0,2
BRDA:424,34,1,1
BRDA:452,35,0,0
BRDA:452,35,1,4
BRDA:458,36,0,1
BRDA:458,36,1,3
BRDA:478,37,0,2
BRDA:479,38,0,1
BRDA:479,38,1,1
BRF:77
BRH:72
end_of_record
TN:
SF:lib/team/github-auth.js
FN:30,(anonymous_0)
FN:55,(anonymous_1)
FN:108,(anonymous_2)
FN:118,(anonymous_3)
FN:129,(anonymous_4)
FN:145,(anonymous_5)
FN:178,(anonymous_6)
FN:210,(anonymous_7)
FN:228,(anonymous_8)
FN:247,(anonymous_9)
FNF:10
FNH:10
FNDA:80,(anonymous_0)
FNDA:28,(anonymous_1)
FNDA:2,(anonymous_2)
FNDA:4,(anonymous_3)
FNDA:4,(anonymous_4)
FNDA:4,(anonymous_5)
FNDA:5,(anonymous_6)
FNDA:2,(anonymous_7)
FNDA:3,(anonymous_8)
FNDA:30,(anonymous_9)
DA:12,3
DA:13,3
DA:31,80
DA:32,80
DA:33,80
DA:56,28
DA:57,1
DA:60,27
DA:61,27
DA:63,25
DA:64,0
DA:67,25
DA:70,25
DA:71,25
DA:74,25
DA:79,25
DA:88,2
DA:89,2
DA:90,0
DA:91,0
DA:92,0
DA:93,0
DA:95,0
DA:109,2
DA:119,4
DA:130,4
DA:146,4
DA:148,4
DA:149,1
DA:152,3
DA:153,3
DA:155,3
DA:156,1
DA:159,2
DA:161,1
DA:179,5
DA:180,2
DA:183,3
DA:184,3
DA:186,3
DA:188,3
DA:189,1
DA:193,3
DA:198,0
DA:211,2
DA:213,2
DA:214,2
DA:215,1
DA:218,0
DA:229,3
DA:230,3
DA:250,30
DA:257,30
DA:258,3
DA:259,3
DA:260,3
DA:263,27
DA:278,3
DA:283,3
LF:59
LH:51
BRDA:30,0,0,2
BRDA:56,1,0,1
BRDA:56,1,1,27
BRDA:63,2,0,0
BRDA:63,2,1,25
BRDA:70,3,0,25
BRDA:70,3,1,0
BRDA:72,4,0,25
BRDA:72,4,1,0
BRDA:75,5,0,25
BRDA:75,5,1,0
BRDA:88,6,0,2
BRDA:88,6,1,0
BRDA:88,7,0,2
BRDA:88,7,1,0
BRDA:88,7,2,0
BRDA:90,8,0,0
BRDA:90,8,1,0
BRDA:92,9,0,0
BRDA:92,9,1,0
BRDA:148,10,0,1
BRDA:148,10,1,3
BRDA:155,11,0,1
BRDA:155,11,1,2
BRDA:179,12,0,2
BRDA:179,12,1,3
BRDA:179,13,0,5
BRDA:179,13,1,3
BRDA:188,14,0,1
BRDA:188,14,1,2
BRDA:214,15,0,1
BRDA:214,15,1,1
BRDA:230,16,0,3
BRDA:230,16,1,2
BRDA:247,17,0,0
BRDA:247,18,0,30
BRDA:257,19,0,3
BRDA:257,19,1,27
BRDA:257,20,0,30
BRDA:257,20,1,30
BRF:40
BRH:28
end_of_record
TN:
SF:lib/team/github-project-builder.js
FN:16,(anonymous_0)
FN:27,(anonymous_1)
FN:33,(anonymous_2)
FN:44,(anonymous_3)
FN:90,(anonymous_4)
FN:123,(anonymous_5)
FN:135,(anonymous_6)
FN:157,(anonymous_7)
FN:169,(anonymous_8)
FN:189,(anonymous_9)
FN:190,(anonymous_10)
FN:204,(anonymous_11)
FN:205,(anonymous_12)
FN:213,(anonymous_13)
FN:223,(anonymous_14)
FN:225,(anonymous_15)
FN:253,(anonymous_16)
FN:289,(anonymous_17)
FN:301,(anonymous_18)
FN:311,(anonymous_19)
FNF:20
FNH:0
FNDA:0,(anonymous_0)
FNDA:0,(anonymous_1)
FNDA:0,(anonymous_2)
FNDA:0,(anonymous_3)
FNDA:0,(anonymous_4)
FNDA:0,(anonymous_5)
FNDA:0,(anonymous_6)
FNDA:0,(anonymous_7)
FNDA:0,(anonymous_8)
FNDA:0,(anonymous_9)
FNDA:0,(anonymous_10)
FNDA:0,(anonymous_11)
FNDA:0,(anonymous_12)
FNDA:0,(anonymous_13)
FNDA:0,(anonymous_14)
FNDA:0,(anonymous_15)
FNDA:0,(anonymous_16)
FNDA:0,(anonymous_17)
FNDA:0,(anonymous_18)
FNDA:0,(anonymous_19)
DA:7,0
DA:8,0
DA:9,0
DA:17,0
DA:18,0
DA:19,0
DA:20,0
DA:28,0
DA:33,0
DA:45,0
DA:83,0
DA:91,0
DA:92,0
DA:94,0
DA:123,0
DA:124,0
DA:125,0
DA:128,0
DA:135,0
DA:136,0
DA:137,0
DA:140,0
DA:151,0
DA:158,0
DA:159,0
DA:161,0
DA:162,0
DA:163,0
DA:164,0
DA:166,0
DA:167,0
DA:169,0
DA:170,0
DA:171,0
DA:173,0
DA:174,0
DA:175,0
DA:176,0
DA:177,0
DA:179,0
DA:180,0
DA:183,0
DA:186,0
DA:187,0
DA:189,0
DA:190,0
DA:191,0
DA:193,0
DA:194,0
DA:196,0
DA:197,0
DA:199,0
DA:202,0
DA:204,0
DA:205,0
DA:206,0
DA:207,0
DA:210,0
DA:211,0
DA:212,0
DA:213,0
DA:214,0
DA:216,0
DA:220,0
DA:221,0
DA:223,0
DA:224,0
DA:225,0
DA:226,0
DA:228,0
DA:229,0
DA:233,0
DA:234,0
DA:235,0
DA:236,0
DA:237,0
DA:238,0
DA:240,0
DA:241,0
DA:242,0
DA:243,0
DA:244,0
DA:245,0
DA:247,0
DA:254,0
DA:255,0
DA:258,0
DA:259,0
DA:270,0
DA:271,0
DA:272,0
DA:275,0
DA:276,0
DA:277,0
DA:279,0
DA:290,0
DA:292,0
DA:293,0
DA:295,0
DA:302,0
DA:308,0
DA:312,0
DA:318,0
DA:322,0
LF:104
LH:0
BRDA:136,0,0,0
BRDA:136,0,1,0
BRDA:170,1,0,0
BRDA:170,1,1,0
BRDA:171,2,0,0
BRDA:171,2,1,0
BRDA:171,2,2,0
BRDA:176,3,0,0
BRDA:176,3,1,0
BRDA:179,4,0,0
BRDA:179,4,1,0
BRDA:191,5,0,0
BRDA:191,5,1,0
BRDA:196,6,0,0
BRDA:196,6,1,0
BRDA:210,7,0,0
BRDA:210,7,1,0
BRDA:224,8,0,0
BRDA:224,8,1,0
BRDA:224,9,0,0
BRDA:224,9,1,0
BRDA:228,10,0,0
BRDA:228,10,1,0
BRDA:308,11,0,0
BRDA:308,11,1,0
BRDA:318,12,0,0
BRDA:318,12,1,0
BRF:27
BRH:0
end_of_record
TN:
SF:lib/team/handoff.js
FN:22,(anonymous_0)
FN:58,(anonymous_1)
FN:71,(anonymous_2)
FN:90,(anonymous_3)
FN:111,(anonymous_4)
FN:130,(anonymous_5)
FN:154,(anonymous_6)
FNF:7
FNH:0
FNDA:0,(anonymous_0)
FNDA:0,(anonymous_1)
FNDA:0,(anonymous_2)
FNDA:0,(anonymous_3)
FNDA:0,(anonymous_4)
FNDA:0,(anonymous_5)
FNDA:0,(anonymous_6)
DA:6,0
DA:24,0
DA:27,0
DA:29,0
DA:30,0
DA:34,0
DA:35,0
DA:36,0
DA:40,0
DA:43,0
DA:52,0
DA:59,0
DA:61,0
DA:62,0
DA:72,0
DA:73,0
DA:75,0
DA:91,0
DA:92,0
DA:94,0
DA:104,0
DA:112,0
DA:113,0
DA:115,0
DA:116,0
DA:124,0
DA:132,0
DA:133,0
DA:137,0
DA:138,0
DA:142,0
DA:143,0
DA:144,0
DA:146,0
DA:155,0
DA:156,0
DA:162,0
DA:171,0
LF:38
LH:0
BRDA:22,0,0,0
BRDA:29,1,0,0
BRDA:29,1,1,0
BRDA:35,2,0,0
BRDA:35,2,1,0
BRDA:61,3,0,0
BRDA:61,3,1,0
BRDA:61,4,0,0
BRDA:61,4,1,0
BRDA:132,5,0,0
BRDA:132,5,1,0
BRDA:137,6,0,0
BRDA:137,6,1,0
BRDA:155,7,0,0
BRDA:155,7,1,0
BRF:15
BRH:0
end_of_record
TN:
SF:lib/team/pack.js
FN:14,(anonymous_0)
FN:38,(anonymous_1)
FN:60,(anonymous_2)
FN:61,(anonymous_3)
FN:67,(anonymous_4)
FN:68,(anonymous_5)
FN:74,(anonymous_6)
FN:75,(anonymous_7)
FN:94,(anonymous_8)
FN:118,(anonymous_9)
FN:135,(anonymous_10)
FN:161,(anonymous_11)
FN:171,(anonymous_12)
FN:191,(anonymous_13)
FN:202,(anonymous_14)
FN:211,(anonymous_15)
FN:218,(anonymous_16)
FN:225,(anonymous_17)
FN:232,(anonymous_18)
FN:239,(anonymous_19)
FN:246,(anonymous_20)
FN:253,(anonymous_21)
FN:260,(anonymous_22)
FN:262,(anonymous_23)
FN:268,(anonymous_24)
FN:270,(anonymous_25)
FN:276,(anonymous_26)
FN:278,(anonymous_27)
FN:288,(anonymous_28)
FN:300,(anonymous_29)
FNF:30
FNH:0
FNDA:0,(anonymous_0)
FNDA:0,(anonymous_1)
FNDA:0,(anonymous_2)
FNDA:0,(anonymous_3)
FNDA:0,(anonymous_4)
FNDA:0,(anonymous_5)
FNDA:0,(anonymous_6)
FNDA:0,(anonymous_7)
FNDA:0,(anonymous_8)
FNDA:0,(anonymous_9)
FNDA:0,(anonymous_10)
FNDA:0,(anonymous_11)
FNDA:0,(anonymous_12)
FNDA:0,(anonymous_13)
FNDA:0,(anonymous_14)
FNDA:0,(anonymous_15)
FNDA:0,(anonymous_16)
FNDA:0,(anonymous_17)
FNDA:0,(anonymous_18)
FNDA:0,(anonymous_19)
FNDA:0,(anonymous_20)
FNDA:0,(anonymous_21)
FNDA:0,(anonymous_22)
FNDA:0,(anonymous_23)
FNDA:0,(anonymous_24)
FNDA:0,(anonymous_25)
FNDA:0,(anonymous_26)
FNDA:0,(anonymous_27)
FNDA:0,(anonymous_28)
FNDA:0,(anonymous_29)
DA:6,4
DA:7,4
DA:8,4
DA:15,0
DA:16,0
DA:17,0
DA:18,0
DA:20,0
DA:21,0
DA:23,0
DA:31,0
DA:32,0
DA:39,0
DA:41,0
DA:50,0
DA:51,0
DA:52,0
DA:54,0
DA:61,0
DA:68,0
DA:75,0
DA:76,0
DA:77,0
DA:80,0
DA:81,0
DA:83,0
DA:84,0
DA:87,0
DA:88,0
DA:95,0
DA:96,0
DA:97,0
DA:100,0
DA:102,0
DA:103,0
DA:105,0
DA:106,0
DA:109,0
DA:110,0
DA:112,0
DA:119,0
DA:136,0
DA:142,0
DA:143,0
DA:144,0
DA:145,0
DA:146,0
DA:147,0
DA:149,0
DA:162,0
DA:163,0
DA:164,0
DA:165,0
DA:172,0
DA:174,0
DA:175,0
DA:176,0
DA:177,0
DA:179,0
DA:180,0
DA:184,0
DA:192,0
DA:193,0
DA:195,0
DA:196,0
DA:203,0
DA:204,0
DA:205,0
DA:212,0
DA:219,0
DA:226,0
DA:233,0
DA:240,0
DA:247,0
DA:254,0
DA:261,0
DA:262,0
DA:269,0
DA:270,0
DA:277,0
DA:279,0
DA:280,0
DA:291,0
DA:292,0
DA:294,0
DA:301,0
DA:305,4
LF:87
LH:4
BRDA:76,0,0,0
BRDA:76,0,1,0
BRDA:83,1,0,0
BRDA:83,1,1,0
BRDA:96,2,0,0
BRDA:96,2,1,0
BRDA:105,3,0,0
BRDA:105,3,1,0
BRDA:143,4,0,0
BRDA:143,4,1,0
BRDA:144,5,0,0
BRDA:144,5,1,0
BRDA:171,6,0,0
BRDA:179,7,0,0
BRDA:179,7,1,0
BRDA:191,8,0,0
BRDA:202,9,0,0
BRDA:291,10,0,0
BRDA:291,10,1,0
BRDA:291,11,0,0
BRDA:291,11,1,0
BRF:21
BRH:0
end_of_record
TN:
SF:lib/team/roles.js
FN:207,(anonymous_0)
FN:208,(anonymous_1)
FN:216,(anonymous_2)
FN:225,(anonymous_3)
FN:228,(anonymous_4)
FN:237,(anonymous_5)
FN:249,(anonymous_6)
FN:289,(anonymous_7)
FN:307,(anonymous_8)
FN:310,(anonymous_9)
FN:321,(anonymous_10)
FN:324,(anonymous_11)
FN:334,(anonymous_12)
FN:335,(anonymous_13)
FN:344,(anonymous_14)
FN:360,(anonymous_15)
FN:362,(anonymous_16)
FN:371,(anonymous_17)
FN:372,(anonymous_18)
FN:380,(anonymous_19)
FN:390,(anonymous_20)
FN:400,(anonymous_21)
FN:411,(anonymous_22)
FNF:23
FNH:15
FNDA:46,(anonymous_0)
FNDA:184,(anonymous_1)
FNDA:264,(anonymous_2)
FNDA:0,(anonymous_3)
FNDA:0,(anonymous_4)
FNDA:12,(anonymous_5)
FNDA:29,(anonymous_6)
FNDA:3,(anonymous_7)
FNDA:3,(anonymous_8)
FNDA:8,(anonymous_9)
FNDA:9,(anonymous_10)
FNDA:21,(anonymous_11)
FNDA:31,(anonymous_12)
FNDA:155,(anonymous_13)
FNDA:0,(anonymous_14)
FNDA:0,(anonymous_15)
FNDA:0,(anonymous_16)
FNDA:0,(anonymous_17)
FNDA:0,(anonymous_18)
FNDA:0,(anonymous_19)
FNDA:3,(anonymous_20)
FNDA:4,(anonymous_21)
FNDA:4,(anonymous_22)
DA:16,16
DA:208,184
DA:217,264
DA:226,0
DA:227,0
DA:228,0
DA:238,12
DA:239,2
DA:241,10
DA:250,29
DA:252,29
DA:253,29
DA:256,29
DA:257,145
DA:258,145
DA:260,145
DA:261,1450
DA:264,1450
DA:265,23
DA:266,23
DA:270,1427
DA:271,8
DA:272,8
DA:276,1419
DA:277,1419
DA:278,4
DA:282,145
DA:283,31
DA:285,29
DA:289,28
DA:290,3
DA:291,1
DA:293,2
DA:294,1
DA:296,1
DA:299,28
DA:308,3
DA:309,3
DA:310,8
DA:312,3
DA:313,2
DA:322,9
DA:323,9
DA:324,21
DA:326,9
DA:327,8
DA:335,155
DA:345,0
DA:346,0
DA:347,0
DA:349,0
DA:350,0
DA:353,0
DA:361,0
DA:362,0
DA:372,0
DA:381,0
DA:382,0
DA:391,3
DA:392,3
DA:401,4
DA:402,4
DA:412,4
DA:413,4
DA:420,16
LF:65
LH:51
BRDA:217,0,0,264
BRDA:217,0,1,2
BRDA:227,1,0,0
BRDA:227,1,1,0
BRDA:238,2,0,2
BRDA:238,2,1,10
BRDA:238,3,0,12
BRDA:238,3,1,10
BRDA:250,4,0,0
BRDA:250,4,1,29
BRDA:264,5,0,23
BRDA:264,5,1,1427
BRDA:270,6,0,8
BRDA:270,6,1,1419
BRDA:277,7,0,4
BRDA:277,7,1,1415
BRDA:282,8,0,31
BRDA:282,8,1,114
BRDA:282,9,0,145
BRDA:282,9,1,123
BRDA:285,10,0,1
BRDA:285,10,1,28
BRDA:290,11,0,1
BRDA:290,11,1,2
BRDA:293,12,0,1
BRDA:293,12,1,1
BRDA:312,13,0,1
BRDA:312,13,1,2
BRDA:326,14,0,1
BRDA:326,14,1,8
BRDA:349,15,0,0
BRDA:349,15,1,0
BRDA:349,16,0,0
BRDA:349,16,1,0
BRDA:372,17,0,0
BRDA:372,17,1,0
BRDA:413,18,0,4
BRDA:413,18,1,0
BRF:38
BRH:28
end_of_record
TN:
SF:lib/team/slack-auth.js
FN:23,(anonymous_0)
FN:39,(anonymous_1)
FN:78,(anonymous_2)
FN:110,(anonymous_3)
FN:143,(anonymous_4)
FN:152,(anonymous_5)
FN:160,(anonymous_6)
FN:172,(anonymous_7)
FN:205,(anonymous_8)
FN:220,(anonymous_9)
FN:244,(anonymous_10)
FN:270,(anonymous_11)
FN:287,(anonymous_12)
FN:309,(anonymous_13)
FN:339,(anonymous_14)
FNF:15
FNH:13
FNDA:54,(anonymous_0)
FNDA:4,(anonymous_1)
FNDA:2,(anonymous_2)
FNDA:2,(anonymous_3)
FNDA:7,(anonymous_4)
FNDA:2,(anonymous_5)
FNDA:0,(anonymous_6)
FNDA:0,(anonymous_7)
FNDA:5,(anonymous_8)
FNDA:4,(anonymous_9)
FNDA:8,(anonymous_10)
FNDA:3,(anonymous_11)
FNDA:7,(anonymous_12)
FNDA:4,(anonymous_13)
FNDA:6,(anonymous_14)
DA:12,3
DA:13,3
DA:24,54
DA:25,54
DA:26,54
DA:30,54
DA:31,54
DA:40,4
DA:41,4
DA:46,4
DA:47,2
DA:48,1
DA:49,1
DA:50,1
DA:52,0
DA:55,2
DA:56,2
DA:57,1
DA:60,1
DA:67,1
DA:69,3
DA:79,2
DA:80,2
DA:85,2
DA:86,1
DA:89,1
DA:90,1
DA:91,0
DA:94,1
DA:101,1
DA:111,2
DA:112,2
DA:117,2
DA:118,0
DA:121,2
DA:122,2
DA:123,0
DA:126,2
DA:133,2
DA:135,0
DA:144,7
DA:145,6
DA:153,2
DA:161,0
DA:162,0
DA:163,0
DA:165,0
DA:173,0
DA:179,0
DA:181,0
DA:182,0
DA:183,0
DA:184,0
DA:185,0
DA:187,0
DA:190,0
DA:191,0
DA:192,0
DA:195,0
DA:206,5
DA:207,5
DA:208,5
DA:210,0
DA:221,4
DA:223,4
DA:224,1
DA:227,3
DA:228,3
DA:229,3
DA:230,1
DA:232,2
DA:234,1
DA:245,8
DA:246,8
DA:249,8
DA:250,1
DA:253,8
DA:256,8
DA:261,0
DA:271,3
DA:272,3
DA:274,3
DA:275,2
DA:278,0
DA:288,7
DA:310,4
DA:311,4
DA:313,4
DA:326,4
DA:327,1
DA:330,3
DA:331,3
DA:332,1
DA:336,2
DA:337,2
DA:339,2
DA:340,6
DA:343,2
DA:344,1
DA:347,1
DA:354,3
DA:359,3
LF:102
LH:78
BRDA:46,0,0,2
BRDA:46,0,1,2
BRDA:47,1,0,1
BRDA:47,1,1,1
BRDA:49,2,0,1
BRDA:49,2,1,0
BRDA:56,3,0,1
BRDA:56,3,1,1
BRDA:57,4,0,1
BRDA:57,4,1,0
BRDA:85,5,0,1
BRDA:85,5,1,1
BRDA:90,6,0,0
BRDA:90,6,1,1
BRDA:91,7,0,0
BRDA:91,7,1,0
BRDA:117,8,0,0
BRDA:117,8,1,2
BRDA:122,9,0,0
BRDA:122,9,1,2
BRDA:123,10,0,0
BRDA:123,10,1,0
BRDA:144,11,0,1
BRDA:144,11,1,6
BRDA:153,12,0,2
BRDA:153,12,1,1
BRDA:161,13,0,0
BRDA:161,13,1,0
BRDA:162,14,0,0
BRDA:162,14,1,0
BRDA:163,15,0,0
BRDA:163,15,1,0
BRDA:172,16,0,0
BRDA:181,17,0,0
BRDA:181,17,1,0
BRDA:182,18,0,0
BRDA:182,18,1,0
BRDA:184,19,0,0
BRDA:184,19,1,0
BRDA:191,20,0,0
BRDA:191,20,1,0
BRDA:192,21,0,0
BRDA:192,21,1,0
BRDA:223,22,0,1
BRDA:223,22,1,3
BRDA:229,23,0,1
BRDA:229,23,1,2
BRDA:249,24,0,1
BRDA:249,24,1,7
BRDA:274,25,0,2
BRDA:274,25,1,1
BRDA:289,26,0,7
BRDA:289,26,1,6
BRDA:290,27,0,7
BRDA:290,27,1,6
BRDA:291,28,0,7
BRDA:291,28,1,6
BRDA:326,29,0,1
BRDA:326,29,1,3
BRDA:331,30,0,1
BRDA:331,30,1,2
BRDA:332,31,0,1
BRDA:332,31,1,0
BRDA:336,32,0,2
BRDA:336,32,1,0
BRDA:343,33,0,1
BRDA:343,33,1,1
BRDA:348,34,0,1
BRDA:348,34,1,0
BRF:69
BRH:40
end_of_record
TN:
SF:lib/team/slack-integration.js
FN:23,(anonymous_0)
FN:42,(anonymous_1)
FN:108,(anonymous_2)
FN:173,(anonymous_3)
FN:231,(anonymous_4)
FN:232,(anonymous_5)
FN:265,(anonymous_6)
FN:286,(anonymous_7)
FN:310,(anonymous_8)
FN:348,(anonymous_9)
FN:386,(anonymous_10)
FN:419,(anonymous_11)
FN:422,(anonymous_12)
FN:433,(anonymous_13)
FN:452,(anonymous_14)
FN:486,(anonymous_15)
FN:518,(anonymous_16)
FN:532,(anonymous_17)
FN:550,(anonymous_18)
FN:553,(anonymous_19)
FNF:20
FNH:18
FNDA:38,(anonymous_0)
FNDA:12,(anonymous_1)
FNDA:9,(anonymous_2)
FNDA:6,(anonymous_3)
FNDA:11,(anonymous_4)
FNDA:3,(anonymous_5)
FNDA:3,(anonymous_6)
FNDA:4,(anonymous_7)
FNDA:5,(anonymous_8)
FNDA:9,(anonymous_9)
FNDA:35,(anonymous_10)
FNDA:12,(anonymous_11)
FNDA:36,(anonymous_12)
FNDA:3,(anonymous_13)
FNDA:0,(anonymous_14)
FNDA:0,(anonymous_15)
FNDA:4,(anonymous_16)
FNDA:5,(anonymous_17)
FNDA:4,(anonymous_18)
FNDA:6,(anonymous_19)
DA:12,2
DA:24,38
DA:25,1
DA:28,37
DA:29,37
DA:30,37
DA:31,37
DA:32,37
DA:33,37
DA:34,37
DA:43,12
DA:44,12
DA:45,12
DA:95,12
DA:97,3
DA:109,9
DA:110,9
DA:119,9
DA:120,9
DA:151,9
DA:152,7
DA:161,9
DA:163,0
DA:174,6
DA:175,6
DA:178,6
DA:179,6
DA:180,6
DA:182,6
DA:225,6
DA:226,4
DA:231,11
DA:232,3
DA:238,6
DA:242,6
DA:252,6
DA:254,0
DA:266,3
DA:267,3
DA:284,3
DA:285,2
DA:286,4
DA:289,2
DA:298,3
DA:300,0
DA:311,5
DA:312,5
DA:314,5
DA:345,5
DA:346,4
DA:348,9
DA:351,4
DA:360,5
DA:364,5
DA:374,5
DA:376,0
DA:387,35
DA:388,35
DA:394,35
DA:400,35
DA:401,3
DA:404,32
DA:405,32
DA:406,0
DA:409,32
DA:411,3
DA:420,12
DA:422,36
DA:423,8
DA:424,8
DA:426,8
DA:434,3
DA:435,1
DA:438,2
DA:439,2
DA:441,2
DA:442,1
DA:445,1
DA:453,0
DA:454,0
DA:461,0
DA:467,0
DA:468,0
DA:471,0
DA:472,0
DA:473,0
DA:476,0
DA:478,0
DA:487,0
DA:488,0
DA:497,0
DA:498,0
DA:501,0
DA:502,0
DA:503,0
DA:506,0
DA:508,0
DA:519,4
DA:521,4
DA:522,4
DA:531,4
DA:532,5
DA:537,2
DA:543,4
DA:551,4
DA:553,6
DA:566,2
LF:107
LH:83
BRDA:24,0,0,1
BRDA:24,0,1,37
BRDA:57,1,0,12
BRDA:57,1,1,0
BRDA:65,2,0,12
BRDA:65,2,1,0
BRDA:69,3,0,12
BRDA:69,3,1,0
BRDA:73,4,0,12
BRDA:73,4,1,0
BRDA:77,5,0,12
BRDA:77,5,1,0
BRDA:119,6,0,9
BRDA:119,6,1,0
BRDA:151,7,0,7
BRDA:151,7,1,2
BRDA:173,8,0,2
BRDA:178,9,0,6
BRDA:178,9,1,2
BRDA:178,9,2,1
BRDA:179,10,0,6
BRDA:179,10,1,3
BRDA:180,11,0,6
BRDA:180,11,1,2
BRDA:225,12,0,4
BRDA:225,12,1,2
BRDA:231,13,0,11
BRDA:231,13,1,7
BRDA:265,14,0,1
BRDA:284,15,0,2
BRDA:284,15,1,1
BRDA:310,16,0,0
BRDA:310,17,0,1
BRDA:331,18,0,5
BRDA:331,18,1,2
BRDA:335,19,0,5
BRDA:335,19,1,2
BRDA:339,20,0,5
BRDA:339,20,1,2
BRDA:345,21,0,4
BRDA:345,21,1,1
BRDA:348,22,0,9
BRDA:348,22,1,0
BRDA:355,23,0,0
BRDA:355,23,1,4
BRDA:386,24,0,0
BRDA:386,25,0,26
BRDA:400,26,0,3
BRDA:400,26,1,32
BRDA:405,27,0,0
BRDA:405,27,1,32
BRDA:406,28,0,0
BRDA:406,28,1,0
BRDA:420,29,0,4
BRDA:420,29,1,8
BRDA:420,30,0,12
BRDA:420,30,1,9
BRDA:434,31,0,1
BRDA:434,31,1,2
BRDA:441,32,0,1
BRDA:441,32,1,1
BRDA:452,33,0,0
BRDA:467,34,0,0
BRDA:467,34,1,0
BRDA:472,35,0,0
BRDA:472,35,1,0
BRDA:473,36,0,0
BRDA:473,36,1,0
BRDA:497,37,0,0
BRDA:497,37,1,0
BRDA:502,38,0,0
BRDA:502,38,1,0
BRDA:503,39,0,0
BRDA:503,39,1,0
BRDA:518,40,0,1
BRDA:518,41,0,2
BRDA:521,42,0,4
BRDA:521,42,1,0
BRDA:531,43,0,2
BRDA:531,43,1,2
BRDA:550,44,0,1
BRDA:560,45,0,6
BRDA:560,45,1,6
BRF:83
BRH:56
end_of_record
TN:
SF:lib/team/tracker.js
FN:14,(anonymous_0)
FN:46,(anonymous_1)
FN:62,(anonymous_2)
FN:78,(anonymous_3)
FN:87,(anonymous_4)
FN:95,(anonymous_5)
FN:97,(anonymous_6)
FN:136,(anonymous_7)
FN:144,(anonymous_8)
FN:155,(anonymous_9)
FN:163,(anonymous_10)
FN:171,(anonymous_11)
FN:203,(anonymous_12)
FN:220,(anonymous_13)
FN:221,(anonymous_14)
FN:227,(anonymous_15)
FN:228,(anonymous_16)
FN:234,(anonymous_17)
FN:235,(anonymous_18)
FN:241,(anonymous_19)
FN:242,(anonymous_20)
FN:248,(anonymous_21)
FN:276,(anonymous_22)
FN:296,(anonymous_23)
FN:301,(anonymous_24)
FN:321,(anonymous_25)
FN:326,(anonymous_26)
FN:345,(anonymous_27)
FNF:28
FNH:0
FNDA:0,(anonymous_0)
FNDA:0,(anonymous_1)
FNDA:0,(anonymous_2)
FNDA:0,(anonymous_3)
FNDA:0,(anonymous_4)
FNDA:0,(anonymous_5)
FNDA:0,(anonymous_6)
FNDA:0,(anonymous_7)
FNDA:0,(anonymous_8)
FNDA:0,(anonymous_9)
FNDA:0,(anonymous_10)
FNDA:0,(anonymous_11)
FNDA:0,(anonymous_12)
FNDA:0,(anonymous_13)
FNDA:0,(anonymous_14)
FNDA:0,(anonymous_15)
FNDA:0,(anonymous_16)
FNDA:0,(anonymous_17)
FNDA:0,(anonymous_18)
FNDA:0,(anonymous_19)
FNDA:0,(anonymous_20)
FNDA:0,(anonymous_21)
FNDA:0,(anonymous_22)
FNDA:0,(anonymous_23)
FNDA:0,(anonymous_24)
FNDA:0,(anonymous_25)
FNDA:0,(anonymous_26)
FNDA:0,(anonymous_27)
DA:6,4
DA:7,4
DA:8,4
DA:15,0
DA:16,0
DA:17,0
DA:18,0
DA:21,0
DA:22,0
DA:23,0
DA:26,0
DA:27,0
DA:30,0
DA:31,0
DA:32,0
DA:35,0
DA:47,0
DA:55,0
DA:56,0
DA:63,0
DA:64,0
DA:67,0
DA:68,0
DA:70,0
DA:71,0
DA:72,0
DA:79,0
DA:80,0
DA:81,0
DA:88,0
DA:95,0
DA:96,0
DA:97,0
DA:99,0
DA:100,0
DA:102,0
DA:103,0
DA:106,0
DA:137,0
DA:138,0
DA:145,0
DA:146,0
DA:156,0
DA:157,0
DA:164,0
DA:167,0
DA:169,0
DA:170,0
DA:171,0
DA:172,0
DA:180,0
DA:181,0
DA:182,0
DA:183,0
DA:184,0
DA:185,0
DA:186,0
DA:188,0
DA:192,0
DA:193,0
DA:197,0
DA:204,0
DA:211,0
DA:212,0
DA:214,0
DA:221,0
DA:228,0
DA:235,0
DA:242,0
DA:249,0
DA:250,0
DA:251,0
DA:255,0
DA:256,0
DA:258,0
DA:259,0
DA:263,0
DA:264,0
DA:268,0
DA:270,0
DA:277,0
DA:278,0
DA:279,0
DA:283,0
DA:285,0
DA:286,0
DA:288,0
DA:290,0
DA:297,0
DA:299,0
DA:301,0
DA:315,0
DA:322,0
DA:323,0
DA:325,0
DA:326,0
DA:330,0
DA:332,0
DA:346,0
DA:347,0
DA:349,0
DA:353,4
LF:102
LH:4
BRDA:46,0,0,0
BRDA:62,1,0,0
BRDA:63,2,0,0
BRDA:63,2,1,0
BRDA:80,3,0,0
BRDA:80,3,1,0
BRDA:99,4,0,0
BRDA:99,4,1,0
BRDA:102,5,0,0
BRDA:102,5,1,0
BRDA:163,6,0,0
BRDA:192,7,0,0
BRDA:192,7,1,0
BRDA:250,8,0,0
BRDA:250,8,1,0
BRDA:258,9,0,0
BRDA:258,9,1,0
BRDA:263,10,0,0
BRDA:263,10,1,0
BRDA:278,11,0,0
BRDA:278,11,1,0
BRDA:296,12,0,0
BRDA:330,13,0,0
BRDA:330,13,1,0
BRDA:347,14,0,0
BRDA:347,14,1,0
BRF:26
BRH:0
end_of_record
TN:
SF:lib/team/workflow-modes.js
FN:192,(anonymous_0)
FN:210,(anonymous_1)
FN:218,(anonymous_2)
FN:221,(anonymous_3)
FN:222,(anonymous_4)
FN:228,(anonymous_5)
FN:230,(anonymous_6)
FN:244,(anonymous_7)
FN:262,(anonymous_8)
FN:264,(anonymous_9)
FN:271,(anonymous_10)
FN:281,(anonymous_11)
FN:289,(anonymous_12)
FN:302,(anonymous_13)
FN:318,(anonymous_14)
FN:326,(anonymous_15)
FN:336,(anonymous_16)
FN:338,(anonymous_17)
FN:340,(anonymous_18)
FN:341,(anonymous_19)
FN:352,(anonymous_20)
FN:354,(anonymous_21)
FN:355,(anonymous_22)
FN:358,(anonymous_23)
FNF:24
FNH:24
FNDA:137,(anonymous_0)
FNDA:39,(anonymous_1)
FNDA:38,(anonymous_2)
FNDA:90,(anonymous_3)
FNDA:128,(anonymous_4)
FNDA:4,(anonymous_5)
FNDA:8,(anonymous_6)
FNDA:6,(anonymous_7)
FNDA:2,(anonymous_8)
FNDA:6,(anonymous_9)
FNDA:35,(anonymous_10)
FNDA:115,(anonymous_11)
FNDA:188,(anonymous_12)
FNDA:7,(anonymous_13)
FNDA:3,(anonymous_14)
FNDA:12,(anonymous_15)
FNDA:12,(anonymous_16)
FNDA:12,(anonymous_17)
FNDA:9,(anonymous_18)
FNDA:18,(anonymous_19)
FNDA:7,(anonymous_20)
FNDA:26,(anonymous_21)
FNDA:3,(anonymous_22)
FNDA:7,(anonymous_23)
DA:12,6
DA:18,6
DA:54,6
DA:90,6
DA:135,6
DA:193,137
DA:200,137
DA:201,3
DA:204,134
DA:211,39
DA:212,39
DA:219,38
DA:220,38
DA:221,90
DA:222,128
DA:229,4
DA:230,8
DA:232,4
DA:233,1
DA:236,3
DA:237,3
DA:238,0
DA:245,6
DA:246,6
DA:248,6
DA:249,1
DA:252,5
DA:253,2
DA:256,3
DA:263,2
DA:264,6
DA:272,35
DA:275,35
DA:276,1
DA:279,34
DA:281,34
DA:282,115
DA:285,113
DA:289,188
DA:291,113
DA:292,67
DA:296,34
DA:303,7
DA:305,7
DA:319,3
DA:320,3
DA:322,3
DA:326,12
DA:336,12
DA:338,12
DA:341,18
DA:342,9
DA:347,3
DA:353,7
DA:354,26
DA:355,3
DA:359,7
DA:361,7
DA:362,2
DA:363,2
DA:364,2
DA:365,5
DA:366,1
DA:367,1
DA:368,1
DA:369,4
DA:370,3
DA:371,3
DA:372,3
DA:373,1
DA:374,1
DA:375,1
DA:376,1
DA:379,7
DA:383,6
LF:75
LH:74
BRDA:200,0,0,3
BRDA:200,0,1,134
BRDA:232,1,0,1
BRDA:232,1,1,3
BRDA:236,2,0,0
BRDA:236,2,1,3
BRDA:237,3,0,3
BRDA:237,3,1,0
BRDA:248,4,0,1
BRDA:248,4,1,5
BRDA:252,5,0,2
BRDA:252,5,1,3
BRDA:275,6,0,1
BRDA:275,6,1,34
BRDA:282,7,0,2
BRDA:282,7,1,113
BRDA:285,8,0,113
BRDA:285,8,1,0
BRDA:291,9,0,67
BRDA:291,9,1,46
BRDA:329,10,0,12
BRDA:329,10,1,3
BRDA:330,11,0,12
BRDA:330,11,1,0
BRDA:331,12,0,12
BRDA:331,12,1,12
BRDA:354,13,0,26
BRDA:354,13,1,25
BRDA:361,14,0,2
BRDA:361,14,1,5
BRDA:365,15,0,1
BRDA:365,15,1,4
BRDA:369,16,0,3
BRDA:369,16,1,1
BRDA:373,17,0,1
BRDA:373,17,1,0
BRF:36
BRH:31
end_of_record
